{"C:\\Users\\allge\\OneDrive\\Bureau\\Projet_9\\Projet_9\\src\\constants\\routes.js": {"path":"C:\\Users\\allge\\OneDrive\\Bureau\\Projet_9\\Projet_9\\src\\constants\\routes.js","statementMap":{"0":{"start":{"line":6,"column":27},"end":{"line":11,"column":1}},"1":{"start":{"line":13,"column":22},"end":{"line":26,"column":1}},"2":{"start":{"line":14,"column":2},"end":{"line":25,"column":3}},"3":{"start":{"line":16,"column":6},"end":{"line":16,"column":46}},"4":{"start":{"line":18,"column":6},"end":{"line":18,"column":46}},"5":{"start":{"line":20,"column":6},"end":{"line":20,"column":24}},"6":{"start":{"line":22,"column":6},"end":{"line":22,"column":50}},"7":{"start":{"line":24,"column":6},"end":{"line":24,"column":46}}},"fnMap":{"0":{"name":"(anonymous_0)","decl":{"start":{"line":13,"column":22},"end":{"line":13,"column":23}},"loc":{"start":{"line":13,"column":62},"end":{"line":26,"column":1}},"line":13}},"branchMap":{"0":{"loc":{"start":{"line":14,"column":2},"end":{"line":25,"column":3}},"type":"switch","locations":[{"start":{"line":15,"column":4},"end":{"line":16,"column":46}},{"start":{"line":17,"column":4},"end":{"line":18,"column":46}},{"start":{"line":19,"column":4},"end":{"line":20,"column":24}},{"start":{"line":21,"column":4},"end":{"line":22,"column":50}},{"start":{"line":23,"column":4},"end":{"line":24,"column":46}}],"line":14}},"s":{"0":7,"1":7,"2":19,"3":3,"4":4,"5":3,"6":5,"7":4},"f":{"0":19},"b":{"0":[3,4,3,5,4]},"_coverageSchema":"1a1c01bbd47fc00a2c39e90264f33305004495a9","hash":"5ff82737c76ae1b883d89655190e7cc094aedb93"}
,"C:\\Users\\allge\\OneDrive\\Bureau\\Projet_9\\Projet_9\\src\\constants\\usersTest.js": {"path":"C:\\Users\\allge\\OneDrive\\Bureau\\Projet_9\\Projet_9\\src\\constants\\usersTest.js","statementMap":{},"fnMap":{},"branchMap":{},"s":{},"f":{},"b":{},"_coverageSchema":"1a1c01bbd47fc00a2c39e90264f33305004495a9","hash":"f311beab355bc7293f167209688a538bb245f3ca"}
,"C:\\Users\\allge\\OneDrive\\Bureau\\Projet_9\\Projet_9\\src\\containers\\Bills.js": {"path":"C:\\Users\\allge\\OneDrive\\Bureau\\Projet_9\\Projet_9\\src\\containers\\Bills.js","statementMap":{"0":{"start":{"line":7,"column":4},"end":{"line":7,"column":28}},"1":{"start":{"line":8,"column":4},"end":{"line":8,"column":32}},"2":{"start":{"line":9,"column":4},"end":{"line":9,"column":30}},"3":{"start":{"line":10,"column":26},"end":{"line":10,"column":86}},"4":{"start":{"line":11,"column":4},"end":{"line":11,"column":87}},"5":{"start":{"line":11,"column":23},"end":{"line":11,"column":87}},"6":{"start":{"line":12,"column":20},"end":{"line":12,"column":76}},"7":{"start":{"line":13,"column":4},"end":{"line":15,"column":6}},"8":{"start":{"line":13,"column":17},"end":{"line":15,"column":6}},"9":{"start":{"line":14,"column":6},"end":{"line":14,"column":74}},"10":{"start":{"line":14,"column":44},"end":{"line":14,"column":73}},"11":{"start":{"line":16,"column":4},"end":{"line":16,"column":54}},"12":{"start":{"line":19,"column":23},"end":{"line":21,"column":3}},"13":{"start":{"line":20,"column":4},"end":{"line":20,"column":43}},"14":{"start":{"line":23,"column":23},"end":{"line":28,"column":3}},"15":{"start":{"line":24,"column":20},"end":{"line":24,"column":54}},"16":{"start":{"line":25,"column":21},"end":{"line":25,"column":63}},"17":{"start":{"line":26,"column":4},"end":{"line":26,"column":128}},"18":{"start":{"line":27,"column":4},"end":{"line":27,"column":34}}},"fnMap":{"0":{"name":"(anonymous_0)","decl":{"start":{"line":6,"column":2},"end":{"line":6,"column":3}},"loc":{"start":{"line":6,"column":65},"end":{"line":17,"column":3}},"line":6},"1":{"name":"(anonymous_1)","decl":{"start":{"line":13,"column":33},"end":{"line":13,"column":34}},"loc":{"start":{"line":13,"column":41},"end":{"line":15,"column":5}},"line":13},"2":{"name":"(anonymous_2)","decl":{"start":{"line":14,"column":37},"end":{"line":14,"column":38}},"loc":{"start":{"line":14,"column":44},"end":{"line":14,"column":73}},"line":14},"3":{"name":"(anonymous_3)","decl":{"start":{"line":19,"column":23},"end":{"line":19,"column":24}},"loc":{"start":{"line":19,"column":28},"end":{"line":21,"column":3}},"line":19},"4":{"name":"(anonymous_4)","decl":{"start":{"line":23,"column":23},"end":{"line":23,"column":24}},"loc":{"start":{"line":23,"column":33},"end":{"line":28,"column":3}},"line":23}},"branchMap":{"0":{"loc":{"start":{"line":11,"column":4},"end":{"line":11,"column":87}},"type":"if","locations":[{"start":{"line":11,"column":4},"end":{"line":11,"column":87}},{"start":{"line":11,"column":4},"end":{"line":11,"column":87}}],"line":11},"1":{"loc":{"start":{"line":13,"column":4},"end":{"line":15,"column":6}},"type":"if","locations":[{"start":{"line":13,"column":4},"end":{"line":15,"column":6}},{"start":{"line":13,"column":4},"end":{"line":15,"column":6}}],"line":13}},"s":{"0":3,"1":3,"2":3,"3":3,"4":3,"5":3,"6":3,"7":3,"8":3,"9":12,"10":1,"11":3,"12":3,"13":1,"14":3,"15":1,"16":1,"17":1,"18":1},"f":{"0":3,"1":12,"2":1,"3":1,"4":1},"b":{"0":[3,0],"1":[3,0]},"_coverageSchema":"1a1c01bbd47fc00a2c39e90264f33305004495a9","hash":"a2c7bea56cce91c19b6cd52acad8decc99db5951"}
,"C:\\Users\\allge\\OneDrive\\Bureau\\Projet_9\\Projet_9\\src\\containers\\Dashboard.js": {"path":"C:\\Users\\allge\\OneDrive\\Bureau\\Projet_9\\Projet_9\\src\\containers\\Dashboard.js","statementMap":{"0":{"start":{"line":8,"column":29},"end":{"line":27,"column":1}},"1":{"start":{"line":9,"column":2},"end":{"line":26,"column":11}},"2":{"start":{"line":15,"column":6},"end":{"line":23,"column":7}},"3":{"start":{"line":16,"column":8},"end":{"line":16,"column":50}},"4":{"start":{"line":19,"column":26},"end":{"line":19,"column":72}},"5":{"start":{"line":20,"column":8},"end":{"line":22,"column":57}},"6":{"start":{"line":25,"column":6},"end":{"line":25,"column":28}},"7":{"start":{"line":29,"column":20},"end":{"line":52,"column":1}},"8":{"start":{"line":30,"column":28},"end":{"line":30,"column":52}},"9":{"start":{"line":31,"column":20},"end":{"line":32,"column":40}},"10":{"start":{"line":33,"column":19},"end":{"line":34,"column":53}},"11":{"start":{"line":36,"column":2},"end":{"line":51,"column":4}},"12":{"start":{"line":54,"column":21},"end":{"line":56,"column":1}},"13":{"start":{"line":55,"column":2},"end":{"line":55,"column":76}},"14":{"start":{"line":55,"column":51},"end":{"line":55,"column":61}},"15":{"start":{"line":58,"column":25},"end":{"line":67,"column":1}},"16":{"start":{"line":59,"column":2},"end":{"line":66,"column":3}},"17":{"start":{"line":61,"column":6},"end":{"line":61,"column":22}},"18":{"start":{"line":63,"column":6},"end":{"line":63,"column":23}},"19":{"start":{"line":65,"column":6},"end":{"line":65,"column":22}},"20":{"start":{"line":71,"column":4},"end":{"line":71,"column":28}},"21":{"start":{"line":72,"column":4},"end":{"line":72,"column":32}},"22":{"start":{"line":73,"column":4},"end":{"line":73,"column":30}},"23":{"start":{"line":74,"column":4},"end":{"line":74,"column":71}},"24":{"start":{"line":74,"column":35},"end":{"line":74,"column":70}},"25":{"start":{"line":75,"column":4},"end":{"line":75,"column":71}},"26":{"start":{"line":75,"column":35},"end":{"line":75,"column":70}},"27":{"start":{"line":76,"column":4},"end":{"line":76,"column":71}},"28":{"start":{"line":76,"column":35},"end":{"line":76,"column":70}},"29":{"start":{"line":77,"column":4},"end":{"line":77,"column":27}},"30":{"start":{"line":78,"column":4},"end":{"line":78,"column":44}},"31":{"start":{"line":81,"column":23},"end":{"line":86,"column":3}},"32":{"start":{"line":82,"column":20},"end":{"line":82,"column":58}},"33":{"start":{"line":83,"column":21},"end":{"line":83,"column":69}},"34":{"start":{"line":84,"column":4},"end":{"line":84,"column":134}},"35":{"start":{"line":85,"column":4},"end":{"line":85,"column":96}},"36":{"start":{"line":85,"column":60},"end":{"line":85,"column":96}},"37":{"start":{"line":89,"column":4},"end":{"line":89,"column":75}},"38":{"start":{"line":89,"column":59},"end":{"line":89,"column":75}},"39":{"start":{"line":90,"column":4},"end":{"line":90,"column":71}},"40":{"start":{"line":90,"column":54},"end":{"line":90,"column":71}},"41":{"start":{"line":91,"column":4},"end":{"line":107,"column":5}},"42":{"start":{"line":92,"column":6},"end":{"line":94,"column":8}},"43":{"start":{"line":93,"column":8},"end":{"line":93,"column":61}},"44":{"start":{"line":95,"column":6},"end":{"line":95,"column":62}},"45":{"start":{"line":96,"column":6},"end":{"line":96,"column":69}},"46":{"start":{"line":97,"column":6},"end":{"line":97,"column":52}},"47":{"start":{"line":98,"column":6},"end":{"line":98,"column":21}},"48":{"start":{"line":100,"column":6},"end":{"line":100,"column":62}},"49":{"start":{"line":102,"column":6},"end":{"line":104,"column":8}},"50":{"start":{"line":105,"column":6},"end":{"line":105,"column":52}},"51":{"start":{"line":106,"column":6},"end":{"line":106,"column":21}},"52":{"start":{"line":108,"column":4},"end":{"line":108,"column":51}},"53":{"start":{"line":109,"column":4},"end":{"line":109,"column":72}},"54":{"start":{"line":109,"column":39},"end":{"line":109,"column":71}},"55":{"start":{"line":110,"column":4},"end":{"line":110,"column":72}},"56":{"start":{"line":110,"column":39},"end":{"line":110,"column":71}},"57":{"start":{"line":113,"column":23},"end":{"line":121,"column":3}},"58":{"start":{"line":114,"column":20},"end":{"line":118,"column":5}},"59":{"start":{"line":119,"column":4},"end":{"line":119,"column":28}},"60":{"start":{"line":120,"column":4},"end":{"line":120,"column":45}},"61":{"start":{"line":123,"column":23},"end":{"line":131,"column":3}},"62":{"start":{"line":124,"column":20},"end":{"line":128,"column":5}},"63":{"start":{"line":129,"column":4},"end":{"line":129,"column":28}},"64":{"start":{"line":130,"column":4},"end":{"line":130,"column":45}},"65":{"start":{"line":134,"column":4},"end":{"line":134,"column":76}},"66":{"start":{"line":134,"column":60},"end":{"line":134,"column":76}},"67":{"start":{"line":135,"column":4},"end":{"line":135,"column":76}},"68":{"start":{"line":135,"column":58},"end":{"line":135,"column":76}},"69":{"start":{"line":136,"column":4},"end":{"line":146,"column":5}},"70":{"start":{"line":137,"column":6},"end":{"line":137,"column":69}},"71":{"start":{"line":138,"column":6},"end":{"line":139,"column":65}},"72":{"start":{"line":140,"column":6},"end":{"line":140,"column":21}},"73":{"start":{"line":142,"column":6},"end":{"line":142,"column":70}},"74":{"start":{"line":143,"column":6},"end":{"line":144,"column":17}},"75":{"start":{"line":145,"column":6},"end":{"line":145,"column":21}},"76":{"start":{"line":148,"column":4},"end":{"line":150,"column":6}},"77":{"start":{"line":149,"column":6},"end":{"line":149,"column":115}},"78":{"start":{"line":149,"column":77},"end":{"line":149,"column":114}},"79":{"start":{"line":152,"column":4},"end":{"line":152,"column":16}}},"fnMap":{"0":{"name":"(anonymous_0)","decl":{"start":{"line":8,"column":29},"end":{"line":8,"column":30}},"loc":{"start":{"line":8,"column":47},"end":{"line":27,"column":1}},"line":8},"1":{"name":"(anonymous_1)","decl":{"start":{"line":10,"column":16},"end":{"line":10,"column":17}},"loc":{"start":{"line":10,"column":24},"end":{"line":26,"column":5}},"line":10},"2":{"name":"(anonymous_2)","decl":{"start":{"line":29,"column":20},"end":{"line":29,"column":21}},"loc":{"start":{"line":29,"column":30},"end":{"line":52,"column":1}},"line":29},"3":{"name":"(anonymous_3)","decl":{"start":{"line":54,"column":21},"end":{"line":54,"column":22}},"loc":{"start":{"line":54,"column":32},"end":{"line":56,"column":1}},"line":54},"4":{"name":"(anonymous_4)","decl":{"start":{"line":55,"column":43},"end":{"line":55,"column":44}},"loc":{"start":{"line":55,"column":51},"end":{"line":55,"column":61}},"line":55},"5":{"name":"(anonymous_5)","decl":{"start":{"line":58,"column":25},"end":{"line":58,"column":26}},"loc":{"start":{"line":58,"column":36},"end":{"line":67,"column":1}},"line":58},"6":{"name":"(anonymous_6)","decl":{"start":{"line":70,"column":2},"end":{"line":70,"column":3}},"loc":{"start":{"line":70,"column":72},"end":{"line":79,"column":3}},"line":70},"7":{"name":"(anonymous_7)","decl":{"start":{"line":74,"column":28},"end":{"line":74,"column":29}},"loc":{"start":{"line":74,"column":35},"end":{"line":74,"column":70}},"line":74},"8":{"name":"(anonymous_8)","decl":{"start":{"line":75,"column":28},"end":{"line":75,"column":29}},"loc":{"start":{"line":75,"column":35},"end":{"line":75,"column":70}},"line":75},"9":{"name":"(anonymous_9)","decl":{"start":{"line":76,"column":28},"end":{"line":76,"column":29}},"loc":{"start":{"line":76,"column":35},"end":{"line":76,"column":70}},"line":76},"10":{"name":"(anonymous_10)","decl":{"start":{"line":81,"column":23},"end":{"line":81,"column":24}},"loc":{"start":{"line":81,"column":29},"end":{"line":86,"column":3}},"line":81},"11":{"name":"(anonymous_11)","decl":{"start":{"line":88,"column":2},"end":{"line":88,"column":3}},"loc":{"start":{"line":88,"column":35},"end":{"line":111,"column":3}},"line":88},"12":{"name":"(anonymous_12)","decl":{"start":{"line":92,"column":20},"end":{"line":92,"column":21}},"loc":{"start":{"line":92,"column":25},"end":{"line":94,"column":7}},"line":92},"13":{"name":"(anonymous_13)","decl":{"start":{"line":109,"column":32},"end":{"line":109,"column":33}},"loc":{"start":{"line":109,"column":39},"end":{"line":109,"column":71}},"line":109},"14":{"name":"(anonymous_14)","decl":{"start":{"line":110,"column":32},"end":{"line":110,"column":33}},"loc":{"start":{"line":110,"column":39},"end":{"line":110,"column":71}},"line":110},"15":{"name":"(anonymous_15)","decl":{"start":{"line":113,"column":23},"end":{"line":113,"column":24}},"loc":{"start":{"line":113,"column":36},"end":{"line":121,"column":3}},"line":113},"16":{"name":"(anonymous_16)","decl":{"start":{"line":123,"column":23},"end":{"line":123,"column":24}},"loc":{"start":{"line":123,"column":36},"end":{"line":131,"column":3}},"line":123},"17":{"name":"(anonymous_17)","decl":{"start":{"line":133,"column":2},"end":{"line":133,"column":3}},"loc":{"start":{"line":133,"column":37},"end":{"line":154,"column":3}},"line":133},"18":{"name":"(anonymous_18)","decl":{"start":{"line":148,"column":18},"end":{"line":148,"column":19}},"loc":{"start":{"line":148,"column":26},"end":{"line":150,"column":5}},"line":148},"19":{"name":"(anonymous_19)","decl":{"start":{"line":149,"column":70},"end":{"line":149,"column":71}},"loc":{"start":{"line":149,"column":77},"end":{"line":149,"column":114}},"line":149}},"branchMap":{"0":{"loc":{"start":{"line":9,"column":9},"end":{"line":26,"column":11}},"type":"cond-expr","locations":[{"start":{"line":10,"column":4},"end":{"line":26,"column":6}},{"start":{"line":26,"column":9},"end":{"line":26,"column":11}}],"line":9},"1":{"loc":{"start":{"line":9,"column":10},"end":{"line":9,"column":29}},"type":"binary-expr","locations":[{"start":{"line":9,"column":10},"end":{"line":9,"column":14}},{"start":{"line":9,"column":18},"end":{"line":9,"column":29}}],"line":9},"2":{"loc":{"start":{"line":15,"column":6},"end":{"line":23,"column":7}},"type":"if","locations":[{"start":{"line":15,"column":6},"end":{"line":23,"column":7}},{"start":{"line":15,"column":6},"end":{"line":23,"column":7}}],"line":15},"3":{"loc":{"start":{"line":21,"column":10},"end":{"line":22,"column":57}},"type":"binary-expr","locations":[{"start":{"line":21,"column":11},"end":{"line":21,"column":33}},{"start":{"line":22,"column":10},"end":{"line":22,"column":57}}],"line":21},"4":{"loc":{"start":{"line":31,"column":20},"end":{"line":32,"column":40}},"type":"cond-expr","locations":[{"start":{"line":32,"column":4},"end":{"line":32,"column":35}},{"start":{"line":32,"column":38},"end":{"line":32,"column":40}}],"line":31},"5":{"loc":{"start":{"line":33,"column":19},"end":{"line":34,"column":53}},"type":"cond-expr","locations":[{"start":{"line":34,"column":2},"end":{"line":34,"column":33}},{"start":{"line":34,"column":36},"end":{"line":34,"column":53}}],"line":33},"6":{"loc":{"start":{"line":55,"column":9},"end":{"line":55,"column":76}},"type":"cond-expr","locations":[{"start":{"line":55,"column":33},"end":{"line":55,"column":71}},{"start":{"line":55,"column":74},"end":{"line":55,"column":76}}],"line":55},"7":{"loc":{"start":{"line":55,"column":9},"end":{"line":55,"column":30}},"type":"binary-expr","locations":[{"start":{"line":55,"column":9},"end":{"line":55,"column":14}},{"start":{"line":55,"column":18},"end":{"line":55,"column":30}}],"line":55},"8":{"loc":{"start":{"line":59,"column":2},"end":{"line":66,"column":3}},"type":"switch","locations":[{"start":{"line":60,"column":4},"end":{"line":61,"column":22}},{"start":{"line":62,"column":4},"end":{"line":63,"column":23}},{"start":{"line":64,"column":4},"end":{"line":65,"column":22}}],"line":59},"9":{"loc":{"start":{"line":85,"column":4},"end":{"line":85,"column":96}},"type":"if","locations":[{"start":{"line":85,"column":4},"end":{"line":85,"column":96}},{"start":{"line":85,"column":4},"end":{"line":85,"column":96}}],"line":85},"10":{"loc":{"start":{"line":89,"column":4},"end":{"line":89,"column":75}},"type":"if","locations":[{"start":{"line":89,"column":4},"end":{"line":89,"column":75}},{"start":{"line":89,"column":4},"end":{"line":89,"column":75}}],"line":89},"11":{"loc":{"start":{"line":89,"column":8},"end":{"line":89,"column":57}},"type":"binary-expr","locations":[{"start":{"line":89,"column":8},"end":{"line":89,"column":34}},{"start":{"line":89,"column":38},"end":{"line":89,"column":57}}],"line":89},"12":{"loc":{"start":{"line":90,"column":4},"end":{"line":90,"column":71}},"type":"if","locations":[{"start":{"line":90,"column":4},"end":{"line":90,"column":71}},{"start":{"line":90,"column":4},"end":{"line":90,"column":71}}],"line":90},"13":{"loc":{"start":{"line":90,"column":8},"end":{"line":90,"column":52}},"type":"binary-expr","locations":[{"start":{"line":90,"column":8},"end":{"line":90,"column":29}},{"start":{"line":90,"column":33},"end":{"line":90,"column":52}}],"line":90},"14":{"loc":{"start":{"line":91,"column":4},"end":{"line":107,"column":5}},"type":"if","locations":[{"start":{"line":91,"column":4},"end":{"line":107,"column":5}},{"start":{"line":91,"column":4},"end":{"line":107,"column":5}}],"line":91},"15":{"loc":{"start":{"line":134,"column":4},"end":{"line":134,"column":76}},"type":"if","locations":[{"start":{"line":134,"column":4},"end":{"line":134,"column":76}},{"start":{"line":134,"column":4},"end":{"line":134,"column":76}}],"line":134},"16":{"loc":{"start":{"line":134,"column":8},"end":{"line":134,"column":58}},"type":"binary-expr","locations":[{"start":{"line":134,"column":8},"end":{"line":134,"column":34}},{"start":{"line":134,"column":38},"end":{"line":134,"column":58}}],"line":134},"17":{"loc":{"start":{"line":135,"column":4},"end":{"line":135,"column":76}},"type":"if","locations":[{"start":{"line":135,"column":4},"end":{"line":135,"column":76}},{"start":{"line":135,"column":4},"end":{"line":135,"column":76}}],"line":135},"18":{"loc":{"start":{"line":135,"column":8},"end":{"line":135,"column":56}},"type":"binary-expr","locations":[{"start":{"line":135,"column":8},"end":{"line":135,"column":32}},{"start":{"line":135,"column":36},"end":{"line":135,"column":56}}],"line":135},"19":{"loc":{"start":{"line":136,"column":4},"end":{"line":146,"column":5}},"type":"if","locations":[{"start":{"line":136,"column":4},"end":{"line":146,"column":5}},{"start":{"line":136,"column":4},"end":{"line":146,"column":5}}],"line":136}},"s":{"0":7,"1":27,"2":24,"3":24,"4":0,"5":0,"6":24,"7":7,"8":8,"9":8,"10":8,"11":8,"12":7,"13":5,"14":8,"15":7,"16":3,"17":1,"18":1,"19":1,"20":5,"21":5,"22":5,"23":5,"24":0,"25":5,"26":0,"27":5,"28":0,"29":5,"30":5,"31":5,"32":1,"33":1,"34":1,"35":1,"36":0,"37":2,"38":1,"39":2,"40":1,"41":2,"42":1,"43":4,"44":1,"45":1,"46":1,"47":1,"48":1,"49":1,"50":1,"51":1,"52":2,"53":2,"54":0,"55":2,"56":0,"57":5,"58":1,"59":1,"60":1,"61":5,"62":1,"63":1,"64":1,"65":4,"66":3,"67":4,"68":3,"69":4,"70":3,"71":3,"72":3,"73":1,"74":1,"75":1,"76":4,"77":16,"78":0,"79":4},"f":{"0":27,"1":24,"2":8,"3":5,"4":8,"5":3,"6":5,"7":0,"8":0,"9":0,"10":1,"11":2,"12":4,"13":0,"14":0,"15":1,"16":1,"17":4,"18":16,"19":0},"b":{"0":[6,21],"1":[27,6],"2":[24,0],"3":[0,0],"4":[0,8],"5":[0,8],"6":[4,1],"7":[5,5],"8":[1,1,1],"9":[0,1],"10":[1,1],"11":[2,1],"12":[1,1],"13":[2,1],"14":[1,1],"15":[3,1],"16":[4,3],"17":[3,1],"18":[4,3],"19":[3,1]},"_coverageSchema":"1a1c01bbd47fc00a2c39e90264f33305004495a9","hash":"b4938cbaefce606cf5abd77d011c21d15969d5f5"}
,"C:\\Users\\allge\\OneDrive\\Bureau\\Projet_9\\Projet_9\\src\\containers\\Login.js": {"path":"C:\\Users\\allge\\OneDrive\\Bureau\\Projet_9\\Projet_9\\src\\containers\\Login.js","statementMap":{"0":{"start":{"line":3,"column":31},"end":{"line":3,"column":33}},"1":{"start":{"line":8,"column":4},"end":{"line":8,"column":28}},"2":{"start":{"line":9,"column":4},"end":{"line":9,"column":36}},"3":{"start":{"line":10,"column":4},"end":{"line":10,"column":32}},"4":{"start":{"line":11,"column":4},"end":{"line":11,"column":46}},"5":{"start":{"line":12,"column":4},"end":{"line":12,"column":30}},"6":{"start":{"line":13,"column":25},"end":{"line":13,"column":89}},"7":{"start":{"line":14,"column":4},"end":{"line":14,"column":70}},"8":{"start":{"line":15,"column":22},"end":{"line":15,"column":83}},"9":{"start":{"line":16,"column":4},"end":{"line":16,"column":64}},"10":{"start":{"line":18,"column":25},"end":{"line":33,"column":3}},"11":{"start":{"line":19,"column":17},"end":{"line":24,"column":5}},"12":{"start":{"line":25,"column":4},"end":{"line":25,"column":59}},"13":{"start":{"line":26,"column":23},"end":{"line":26,"column":51}},"14":{"start":{"line":27,"column":4},"end":{"line":27,"column":42}},"15":{"start":{"line":27,"column":21},"end":{"line":27,"column":42}},"16":{"start":{"line":28,"column":4},"end":{"line":28,"column":22}},"17":{"start":{"line":29,"column":4},"end":{"line":29,"column":41}},"18":{"start":{"line":30,"column":4},"end":{"line":30,"column":49}},"19":{"start":{"line":31,"column":4},"end":{"line":31,"column":46}},"20":{"start":{"line":32,"column":4},"end":{"line":32,"column":51}},"21":{"start":{"line":35,"column":22},"end":{"line":50,"column":3}},"22":{"start":{"line":36,"column":17},"end":{"line":41,"column":5}},"23":{"start":{"line":42,"column":4},"end":{"line":42,"column":59}},"24":{"start":{"line":43,"column":23},"end":{"line":43,"column":51}},"25":{"start":{"line":44,"column":4},"end":{"line":44,"column":42}},"26":{"start":{"line":44,"column":21},"end":{"line":44,"column":42}},"27":{"start":{"line":45,"column":4},"end":{"line":45,"column":22}},"28":{"start":{"line":46,"column":4},"end":{"line":46,"column":45}},"29":{"start":{"line":47,"column":4},"end":{"line":47,"column":53}},"30":{"start":{"line":48,"column":4},"end":{"line":48,"column":46}},"31":{"start":{"line":49,"column":4},"end":{"line":49,"column":46}}},"fnMap":{"0":{"name":"(anonymous_0)","decl":{"start":{"line":7,"column":2},"end":{"line":7,"column":3}},"loc":{"start":{"line":7,"column":84},"end":{"line":17,"column":3}},"line":7},"1":{"name":"(anonymous_1)","decl":{"start":{"line":18,"column":25},"end":{"line":18,"column":26}},"loc":{"start":{"line":18,"column":30},"end":{"line":33,"column":3}},"line":18},"2":{"name":"(anonymous_2)","decl":{"start":{"line":35,"column":22},"end":{"line":35,"column":23}},"loc":{"start":{"line":35,"column":27},"end":{"line":50,"column":3}},"line":35}},"branchMap":{"0":{"loc":{"start":{"line":27,"column":4},"end":{"line":27,"column":42}},"type":"if","locations":[{"start":{"line":27,"column":4},"end":{"line":27,"column":42}},{"start":{"line":27,"column":4},"end":{"line":27,"column":42}}],"line":27},"1":{"loc":{"start":{"line":44,"column":4},"end":{"line":44,"column":42}},"type":"if","locations":[{"start":{"line":44,"column":4},"end":{"line":44,"column":42}},{"start":{"line":44,"column":4},"end":{"line":44,"column":42}}],"line":44}},"s":{"0":2,"1":2,"2":2,"3":2,"4":2,"5":2,"6":2,"7":2,"8":2,"9":2,"10":2,"11":2,"12":2,"13":2,"14":2,"15":2,"16":2,"17":2,"18":2,"19":2,"20":2,"21":2,"22":2,"23":2,"24":2,"25":2,"26":2,"27":2,"28":2,"29":2,"30":2,"31":2},"f":{"0":2,"1":2,"2":2},"b":{"0":[2,0],"1":[2,0]},"_coverageSchema":"1a1c01bbd47fc00a2c39e90264f33305004495a9","hash":"f32cdb8cb820cbfb251792d816b46ee0c5dc42ea"}
,"C:\\Users\\allge\\OneDrive\\Bureau\\Projet_9\\Projet_9\\src\\containers\\Logout.js": {"path":"C:\\Users\\allge\\OneDrive\\Bureau\\Projet_9\\Projet_9\\src\\containers\\Logout.js","statementMap":{"0":{"start":{"line":5,"column":4},"end":{"line":5,"column":28}},"1":{"start":{"line":6,"column":4},"end":{"line":6,"column":32}},"2":{"start":{"line":7,"column":4},"end":{"line":7,"column":36}},"3":{"start":{"line":8,"column":4},"end":{"line":8,"column":51}},"4":{"start":{"line":11,"column":16},"end":{"line":14,"column":3}},"5":{"start":{"line":12,"column":4},"end":{"line":12,"column":29}},"6":{"start":{"line":13,"column":4},"end":{"line":13,"column":41}}},"fnMap":{"0":{"name":"(anonymous_0)","decl":{"start":{"line":4,"column":2},"end":{"line":4,"column":3}},"loc":{"start":{"line":4,"column":54},"end":{"line":9,"column":3}},"line":4},"1":{"name":"(anonymous_1)","decl":{"start":{"line":11,"column":16},"end":{"line":11,"column":17}},"loc":{"start":{"line":11,"column":23},"end":{"line":14,"column":3}},"line":11}},"branchMap":{},"s":{"0":14,"1":14,"2":14,"3":14,"4":14,"5":2,"6":2},"f":{"0":14,"1":2},"b":{},"_coverageSchema":"1a1c01bbd47fc00a2c39e90264f33305004495a9","hash":"29551a0329b72fc1cd5b40a5d66fe0f0ad3803f3"}
,"C:\\Users\\allge\\OneDrive\\Bureau\\Projet_9\\Projet_9\\src\\containers\\NewBill.js": {"path":"C:\\Users\\allge\\OneDrive\\Bureau\\Projet_9\\Projet_9\\src\\containers\\NewBill.js","statementMap":{"0":{"start":{"line":7,"column":4},"end":{"line":7,"column":28}},"1":{"start":{"line":8,"column":4},"end":{"line":8,"column":32}},"2":{"start":{"line":9,"column":4},"end":{"line":9,"column":30}},"3":{"start":{"line":10,"column":24},"end":{"line":10,"column":88}},"4":{"start":{"line":11,"column":4},"end":{"line":11,"column":61}},"5":{"start":{"line":12,"column":17},"end":{"line":12,"column":73}},"6":{"start":{"line":13,"column":4},"end":{"line":13,"column":58}},"7":{"start":{"line":14,"column":4},"end":{"line":14,"column":23}},"8":{"start":{"line":15,"column":4},"end":{"line":15,"column":24}},"9":{"start":{"line":16,"column":4},"end":{"line":16,"column":54}},"10":{"start":{"line":18,"column":21},"end":{"line":46,"column":3}},"11":{"start":{"line":19,"column":4},"end":{"line":19,"column":71}},"12":{"start":{"line":20,"column":17},"end":{"line":20,"column":82}},"13":{"start":{"line":21,"column":26},"end":{"line":21,"column":52}},"14":{"start":{"line":22,"column":21},"end":{"line":22,"column":48}},"15":{"start":{"line":23,"column":21},"end":{"line":23,"column":48}},"16":{"start":{"line":28,"column":4},"end":{"line":43,"column":5}},"17":{"start":{"line":41,"column":6},"end":{"line":41,"column":74}},"18":{"start":{"line":42,"column":6},"end":{"line":42,"column":70}},"19":{"start":{"line":47,"column":17},"end":{"line":66,"column":3}},"20":{"start":{"line":48,"column":4},"end":{"line":48,"column":22}},"21":{"start":{"line":49,"column":4},"end":{"line":49,"column":147}},"22":{"start":{"line":50,"column":18},"end":{"line":50,"column":64}},"23":{"start":{"line":51,"column":17},"end":{"line":63,"column":5}},"24":{"start":{"line":64,"column":4},"end":{"line":64,"column":25}},"25":{"start":{"line":65,"column":4},"end":{"line":65,"column":41}}},"fnMap":{"0":{"name":"(anonymous_0)","decl":{"start":{"line":6,"column":2},"end":{"line":6,"column":3}},"loc":{"start":{"line":6,"column":65},"end":{"line":17,"column":3}},"line":6},"1":{"name":"(anonymous_1)","decl":{"start":{"line":18,"column":21},"end":{"line":18,"column":22}},"loc":{"start":{"line":18,"column":26},"end":{"line":46,"column":3}},"line":18},"2":{"name":"(anonymous_2)","decl":{"start":{"line":47,"column":17},"end":{"line":47,"column":18}},"loc":{"start":{"line":47,"column":22},"end":{"line":66,"column":3}},"line":47}},"branchMap":{"0":{"loc":{"start":{"line":28,"column":4},"end":{"line":43,"column":5}},"type":"if","locations":[{"start":{"line":28,"column":4},"end":{"line":43,"column":5}},{"start":{"line":28,"column":4},"end":{"line":43,"column":5}}],"line":28},"1":{"loc":{"start":{"line":58,"column":11},"end":{"line":58,"column":83}},"type":"binary-expr","locations":[{"start":{"line":58,"column":11},"end":{"line":58,"column":77}},{"start":{"line":58,"column":81},"end":{"line":58,"column":83}}],"line":58}},"s":{"0":5,"1":5,"2":5,"3":5,"4":5,"5":5,"6":5,"7":5,"8":5,"9":5,"10":5,"11":2,"12":2,"13":2,"14":2,"15":2,"16":2,"17":2,"18":2,"19":5,"20":1,"21":1,"22":1,"23":1,"24":1,"25":1},"f":{"0":5,"1":2,"2":1},"b":{"0":[0,2],"1":[1,0]},"_coverageSchema":"1a1c01bbd47fc00a2c39e90264f33305004495a9","hash":"c25824b7bd15814c2a6d3bb3ee879c1052d0ebde"}
,"C:\\Users\\allge\\OneDrive\\Bureau\\Projet_9\\Projet_9\\src\\views\\Actions.js": {"path":"C:\\Users\\allge\\OneDrive\\Bureau\\Projet_9\\Projet_9\\src\\views\\Actions.js","statementMap":{"0":{"start":{"line":5,"column":2},"end":{"line":11,"column":3}}},"fnMap":{"0":{"name":"(anonymous_0)","decl":{"start":{"line":4,"column":15},"end":{"line":4,"column":16}},"loc":{"start":{"line":4,"column":28},"end":{"line":12,"column":1}},"line":4}},"branchMap":{},"s":{"0":18},"f":{"0":18},"b":{},"_coverageSchema":"1a1c01bbd47fc00a2c39e90264f33305004495a9","hash":"5aab6eba861ac0b7eeab14b6b191829128efee43"}
,"C:\\Users\\allge\\OneDrive\\Bureau\\Projet_9\\Projet_9\\src\\views\\BillsUI.js": {"path":"C:\\Users\\allge\\OneDrive\\Bureau\\Projet_9\\Projet_9\\src\\views\\BillsUI.js","statementMap":{"0":{"start":{"line":7,"column":12},"end":{"line":20,"column":3}},"1":{"start":{"line":8,"column":2},"end":{"line":19,"column":6}},"2":{"start":{"line":22,"column":13},"end":{"line":25,"column":1}},"3":{"start":{"line":24,"column":2},"end":{"line":24,"column":132}},"4":{"start":{"line":24,"column":51},"end":{"line":24,"column":93}},"5":{"start":{"line":24,"column":108},"end":{"line":24,"column":117}},"6":{"start":{"line":29,"column":16},"end":{"line":44,"column":4}},"7":{"start":{"line":29,"column":23},"end":{"line":44,"column":3}},"8":{"start":{"line":46,"column":2},"end":{"line":50,"column":3}},"9":{"start":{"line":47,"column":4},"end":{"line":47,"column":24}},"10":{"start":{"line":48,"column":9},"end":{"line":50,"column":3}},"11":{"start":{"line":49,"column":4},"end":{"line":49,"column":27}},"12":{"start":{"line":52,"column":2},"end":{"line":80,"column":3}}},"fnMap":{"0":{"name":"(anonymous_0)","decl":{"start":{"line":7,"column":12},"end":{"line":7,"column":13}},"loc":{"start":{"line":7,"column":22},"end":{"line":20,"column":3}},"line":7},"1":{"name":"(anonymous_1)","decl":{"start":{"line":22,"column":13},"end":{"line":22,"column":14}},"loc":{"start":{"line":22,"column":23},"end":{"line":25,"column":1}},"line":22},"2":{"name":"(anonymous_2)","decl":{"start":{"line":24,"column":43},"end":{"line":24,"column":44}},"loc":{"start":{"line":24,"column":50},"end":{"line":24,"column":94}},"line":24},"3":{"name":"(anonymous_3)","decl":{"start":{"line":24,"column":100},"end":{"line":24,"column":101}},"loc":{"start":{"line":24,"column":108},"end":{"line":24,"column":117}},"line":24},"4":{"name":"(anonymous_4)","decl":{"start":{"line":27,"column":15},"end":{"line":27,"column":16}},"loc":{"start":{"line":27,"column":52},"end":{"line":81,"column":1}},"line":27},"5":{"name":"(anonymous_5)","decl":{"start":{"line":29,"column":16},"end":{"line":29,"column":17}},"loc":{"start":{"line":29,"column":23},"end":{"line":44,"column":3}},"line":29}},"branchMap":{"0":{"loc":{"start":{"line":24,"column":9},"end":{"line":24,"column":132}},"type":"cond-expr","locations":[{"start":{"line":24,"column":33},"end":{"line":24,"column":127}},{"start":{"line":24,"column":130},"end":{"line":24,"column":132}}],"line":24},"1":{"loc":{"start":{"line":24,"column":10},"end":{"line":24,"column":29}},"type":"binary-expr","locations":[{"start":{"line":24,"column":10},"end":{"line":24,"column":14}},{"start":{"line":24,"column":18},"end":{"line":24,"column":29}}],"line":24},"2":{"loc":{"start":{"line":46,"column":2},"end":{"line":50,"column":3}},"type":"if","locations":[{"start":{"line":46,"column":2},"end":{"line":50,"column":3}},{"start":{"line":46,"column":2},"end":{"line":50,"column":3}}],"line":46},"3":{"loc":{"start":{"line":48,"column":9},"end":{"line":50,"column":3}},"type":"if","locations":[{"start":{"line":48,"column":9},"end":{"line":50,"column":3}},{"start":{"line":48,"column":9},"end":{"line":50,"column":3}}],"line":48}},"s":{"0":7,"1":16,"2":7,"3":8,"4":15,"5":16,"6":13,"7":8,"8":13,"9":2,"10":11,"11":3,"12":8},"f":{"0":16,"1":8,"2":15,"3":16,"4":13,"5":8},"b":{"0":[4,4],"1":[8,6],"2":[2,11],"3":[3,8]},"_coverageSchema":"1a1c01bbd47fc00a2c39e90264f33305004495a9","hash":"d362e69c52f5207890b93f82d50511f033a4d3fb"}
,"C:\\Users\\allge\\OneDrive\\Bureau\\Projet_9\\Projet_9\\src\\views\\DashboardFormUI.js": {"path":"C:\\Users\\allge\\OneDrive\\Bureau\\Projet_9\\Projet_9\\src\\views\\DashboardFormUI.js","statementMap":{"0":{"start":{"line":7,"column":21},"end":{"line":22,"column":4}},"1":{"start":{"line":7,"column":28},"end":{"line":22,"column":3}},"2":{"start":{"line":26,"column":2},"end":{"line":101,"column":4}}},"fnMap":{"0":{"name":"(anonymous_0)","decl":{"start":{"line":7,"column":21},"end":{"line":7,"column":22}},"loc":{"start":{"line":7,"column":28},"end":{"line":22,"column":3}},"line":7},"1":{"name":"(anonymous_1)","decl":{"start":{"line":24,"column":15},"end":{"line":24,"column":16}},"loc":{"start":{"line":24,"column":25},"end":{"line":102,"column":1}},"line":24}},"branchMap":{"0":{"loc":{"start":{"line":79,"column":9},"end":{"line":89,"column":9}},"type":"cond-expr","locations":[{"start":{"line":79,"column":38},"end":{"line":84,"column":8}},{"start":{"line":84,"column":13},"end":{"line":89,"column":8}}],"line":79},"1":{"loc":{"start":{"line":92,"column":8},"end":{"line":97,"column":13}},"type":"cond-expr","locations":[{"start":{"line":92,"column":37},"end":{"line":97,"column":7}},{"start":{"line":97,"column":11},"end":{"line":97,"column":13}}],"line":92}},"s":{"0":8,"1":8,"2":8},"f":{"0":8,"1":8},"b":{"0":[5,3],"1":[5,3]},"_coverageSchema":"1a1c01bbd47fc00a2c39e90264f33305004495a9","hash":"cc44d887d3dbc8fd9ea7547beec810087c460941"}
,"C:\\Users\\allge\\OneDrive\\Bureau\\Projet_9\\Projet_9\\src\\views\\DashboardUI.js": {"path":"C:\\Users\\allge\\OneDrive\\Bureau\\Projet_9\\Projet_9\\src\\views\\DashboardUI.js","statementMap":{"0":{"start":{"line":10,"column":2},"end":{"line":14,"column":3}},"1":{"start":{"line":11,"column":4},"end":{"line":11,"column":24}},"2":{"start":{"line":12,"column":9},"end":{"line":14,"column":3}},"3":{"start":{"line":13,"column":4},"end":{"line":13,"column":27}},"4":{"start":{"line":16,"column":2},"end":{"line":48,"column":3}}},"fnMap":{"0":{"name":"(anonymous_0)","decl":{"start":{"line":8,"column":15},"end":{"line":8,"column":16}},"loc":{"start":{"line":8,"column":45},"end":{"line":49,"column":1}},"line":8}},"branchMap":{"0":{"loc":{"start":{"line":10,"column":2},"end":{"line":14,"column":3}},"type":"if","locations":[{"start":{"line":10,"column":2},"end":{"line":14,"column":3}},{"start":{"line":10,"column":2},"end":{"line":14,"column":3}}],"line":10},"1":{"loc":{"start":{"line":12,"column":9},"end":{"line":14,"column":3}},"type":"if","locations":[{"start":{"line":12,"column":9},"end":{"line":14,"column":3}},{"start":{"line":12,"column":9},"end":{"line":14,"column":3}}],"line":12},"2":{"loc":{"start":{"line":22,"column":45},"end":{"line":22,"column":63}},"type":"binary-expr","locations":[{"start":{"line":22,"column":45},"end":{"line":22,"column":49}},{"start":{"line":22,"column":53},"end":{"line":22,"column":63}}],"line":22},"3":{"loc":{"start":{"line":29,"column":43},"end":{"line":29,"column":61}},"type":"binary-expr","locations":[{"start":{"line":29,"column":43},"end":{"line":29,"column":47}},{"start":{"line":29,"column":51},"end":{"line":29,"column":61}}],"line":29},"4":{"loc":{"start":{"line":36,"column":43},"end":{"line":36,"column":61}},"type":"binary-expr","locations":[{"start":{"line":36,"column":43},"end":{"line":36,"column":47}},{"start":{"line":36,"column":51},"end":{"line":36,"column":61}}],"line":36}},"s":{"0":11,"1":1,"2":10,"3":3,"4":7},"f":{"0":11},"b":{"0":[1,10],"1":[3,7],"2":[7,2],"3":[7,2],"4":[7,2]},"_coverageSchema":"1a1c01bbd47fc00a2c39e90264f33305004495a9","hash":"215503ca97130f45c6600553a65e352ec977ea15"}
,"C:\\Users\\allge\\OneDrive\\Bureau\\Projet_9\\Projet_9\\src\\views\\ErrorPage.js": {"path":"C:\\Users\\allge\\OneDrive\\Bureau\\Projet_9\\Projet_9\\src\\views\\ErrorPage.js","statementMap":{"0":{"start":{"line":5,"column":2},"end":{"line":16,"column":3}}},"fnMap":{"0":{"name":"(anonymous_0)","decl":{"start":{"line":3,"column":15},"end":{"line":3,"column":16}},"loc":{"start":{"line":3,"column":26},"end":{"line":17,"column":1}},"line":3}},"branchMap":{"0":{"loc":{"start":{"line":13,"column":12},"end":{"line":13,"column":30}},"type":"cond-expr","locations":[{"start":{"line":13,"column":20},"end":{"line":13,"column":25}},{"start":{"line":13,"column":28},"end":{"line":13,"column":30}}],"line":13}},"s":{"0":8},"f":{"0":8},"b":{"0":[7,1]},"_coverageSchema":"1a1c01bbd47fc00a2c39e90264f33305004495a9","hash":"5ca305655fe1a6883a0d13e35efb466166402250"}
,"C:\\Users\\allge\\OneDrive\\Bureau\\Projet_9\\Projet_9\\src\\views\\LoadingPage.js": {"path":"C:\\Users\\allge\\OneDrive\\Bureau\\Projet_9\\Projet_9\\src\\views\\LoadingPage.js","statementMap":{"0":{"start":{"line":5,"column":2},"end":{"line":12,"column":3}}},"fnMap":{"0":{"name":"(anonymous_0)","decl":{"start":{"line":3,"column":15},"end":{"line":3,"column":16}},"loc":{"start":{"line":3,"column":21},"end":{"line":13,"column":1}},"line":3}},"branchMap":{},"s":{"0":4},"f":{"0":4},"b":{},"_coverageSchema":"1a1c01bbd47fc00a2c39e90264f33305004495a9","hash":"bda39ae6ce24a48cb886a380cadaf93373f9f0e1"}
,"C:\\Users\\allge\\OneDrive\\Bureau\\Projet_9\\Projet_9\\src\\views\\LoginUI.js": {"path":"C:\\Users\\allge\\OneDrive\\Bureau\\Projet_9\\Projet_9\\src\\views\\LoginUI.js","statementMap":{"0":{"start":{"line":4,"column":2},"end":{"line":46,"column":4}}},"fnMap":{"0":{"name":"(anonymous_0)","decl":{"start":{"line":2,"column":15},"end":{"line":2,"column":16}},"loc":{"start":{"line":2,"column":21},"end":{"line":47,"column":1}},"line":2}},"branchMap":{},"s":{"0":13},"f":{"0":13},"b":{},"_coverageSchema":"1a1c01bbd47fc00a2c39e90264f33305004495a9","hash":"1532319f198d3c0522440bace5c9b75c977788db"}
,"C:\\Users\\allge\\OneDrive\\Bureau\\Projet_9\\Projet_9\\src\\views\\NewBillUI.js": {"path":"C:\\Users\\allge\\OneDrive\\Bureau\\Projet_9\\Projet_9\\src\\views\\NewBillUI.js","statementMap":{"0":{"start":{"line":5,"column":2},"end":{"line":74,"column":4}}},"fnMap":{"0":{"name":"(anonymous_0)","decl":{"start":{"line":3,"column":15},"end":{"line":3,"column":16}},"loc":{"start":{"line":3,"column":21},"end":{"line":75,"column":1}},"line":3}},"branchMap":{},"s":{"0":8},"f":{"0":8},"b":{},"_coverageSchema":"1a1c01bbd47fc00a2c39e90264f33305004495a9","hash":"b4c39c695d80dbdd2871eed990e8ba3a2938a9c1"}
,"C:\\Users\\allge\\OneDrive\\Bureau\\Projet_9\\Projet_9\\src\\views\\VerticalLayout.js": {"path":"C:\\Users\\allge\\OneDrive\\Bureau\\Projet_9\\Projet_9\\src\\views\\VerticalLayout.js","statementMap":{"0":{"start":{"line":7,"column":4},"end":{"line":7,"column":51}},"1":{"start":{"line":8,"column":4},"end":{"line":10,"column":5}},"2":{"start":{"line":9,"column":6},"end":{"line":9,"column":29}},"3":{"start":{"line":11,"column":4},"end":{"line":39,"column":5}},"4":{"start":{"line":12,"column":6},"end":{"line":27,"column":7}},"5":{"start":{"line":29,"column":6},"end":{"line":38,"column":7}}},"fnMap":{"0":{"name":"(anonymous_0)","decl":{"start":{"line":5,"column":15},"end":{"line":5,"column":16}},"loc":{"start":{"line":5,"column":27},"end":{"line":40,"column":1}},"line":5}},"branchMap":{"0":{"loc":{"start":{"line":8,"column":4},"end":{"line":10,"column":5}},"type":"if","locations":[{"start":{"line":8,"column":4},"end":{"line":10,"column":5}},{"start":{"line":8,"column":4},"end":{"line":10,"column":5}}],"line":8},"1":{"loc":{"start":{"line":11,"column":4},"end":{"line":39,"column":5}},"type":"if","locations":[{"start":{"line":11,"column":4},"end":{"line":39,"column":5}},{"start":{"line":11,"column":4},"end":{"line":39,"column":5}}],"line":11},"2":{"loc":{"start":{"line":11,"column":8},"end":{"line":11,"column":40}},"type":"binary-expr","locations":[{"start":{"line":11,"column":8},"end":{"line":11,"column":12}},{"start":{"line":11,"column":16},"end":{"line":11,"column":40}}],"line":11}},"s":{"0":35,"1":35,"2":23,"3":35,"4":17,"5":18},"f":{"0":35},"b":{"0":[23,12],"1":[17,18],"2":[35,23]},"_coverageSchema":"1a1c01bbd47fc00a2c39e90264f33305004495a9","hash":"de4cd8ad99bcf5ab76c12b1794d9fbecaac93032"}
}
