{"C:\\Users\\abdel\\OneDrive\\Bureau\\Nouveau dossier\\Nouveau dossier\\Billed-app-FR-Front\\src\\constants\\routes.js": {"path":"C:\\Users\\abdel\\OneDrive\\Bureau\\Nouveau dossier\\Nouveau dossier\\Billed-app-FR-Front\\src\\constants\\routes.js","statementMap":{"0":{"start":{"line":6,"column":27},"end":{"line":11,"column":1}},"1":{"start":{"line":13,"column":22},"end":{"line":26,"column":1}},"2":{"start":{"line":14,"column":2},"end":{"line":25,"column":3}},"3":{"start":{"line":16,"column":6},"end":{"line":16,"column":47}},"4":{"start":{"line":18,"column":6},"end":{"line":18,"column":47}},"5":{"start":{"line":20,"column":6},"end":{"line":20,"column":25}},"6":{"start":{"line":22,"column":6},"end":{"line":22,"column":51}},"7":{"start":{"line":24,"column":6},"end":{"line":24,"column":47}}},"fnMap":{"0":{"name":"(anonymous_0)","decl":{"start":{"line":13,"column":22},"end":{"line":13,"column":23}},"loc":{"start":{"line":13,"column":62},"end":{"line":26,"column":1}},"line":13}},"branchMap":{"0":{"loc":{"start":{"line":14,"column":2},"end":{"line":25,"column":3}},"type":"switch","locations":[{"start":{"line":15,"column":4},"end":{"line":16,"column":47}},{"start":{"line":17,"column":4},"end":{"line":18,"column":47}},{"start":{"line":19,"column":4},"end":{"line":20,"column":25}},{"start":{"line":21,"column":4},"end":{"line":22,"column":51}},{"start":{"line":23,"column":4},"end":{"line":24,"column":47}}],"line":14}},"s":{"0":6,"1":6,"2":26,"3":3,"4":5,"5":7,"6":5,"7":6},"f":{"0":26},"b":{"0":[3,5,7,5,6]},"_coverageSchema":"1a1c01bbd47fc00a2c39e90264f33305004495a9","hash":"093de8e7df9db5077c1c8db5698ae6d97a3b6e0c"}
,"C:\\Users\\abdel\\OneDrive\\Bureau\\Nouveau dossier\\Nouveau dossier\\Billed-app-FR-Front\\src\\constants\\usersTest.js": {"path":"C:\\Users\\abdel\\OneDrive\\Bureau\\Nouveau dossier\\Nouveau dossier\\Billed-app-FR-Front\\src\\constants\\usersTest.js","statementMap":{},"fnMap":{},"branchMap":{},"s":{},"f":{},"b":{},"_coverageSchema":"1a1c01bbd47fc00a2c39e90264f33305004495a9","hash":"104d116c10f6ed2fad7818515395552e65edccc4"}
,"C:\\Users\\abdel\\OneDrive\\Bureau\\Nouveau dossier\\Nouveau dossier\\Billed-app-FR-Front\\src\\containers\\Bills.js": {"path":"C:\\Users\\abdel\\OneDrive\\Bureau\\Nouveau dossier\\Nouveau dossier\\Billed-app-FR-Front\\src\\containers\\Bills.js","statementMap":{"0":{"start":{"line":7,"column":4},"end":{"line":7,"column":29}},"1":{"start":{"line":8,"column":4},"end":{"line":8,"column":33}},"2":{"start":{"line":9,"column":4},"end":{"line":9,"column":23}},"3":{"start":{"line":10,"column":26},"end":{"line":12,"column":5}},"4":{"start":{"line":13,"column":4},"end":{"line":14,"column":71}},"5":{"start":{"line":14,"column":6},"end":{"line":14,"column":71}},"6":{"start":{"line":15,"column":20},"end":{"line":15,"column":76}},"7":{"start":{"line":16,"column":4},"end":{"line":19,"column":9}},"8":{"start":{"line":17,"column":6},"end":{"line":19,"column":9}},"9":{"start":{"line":18,"column":8},"end":{"line":18,"column":77}},"10":{"start":{"line":18,"column":46},"end":{"line":18,"column":75}},"11":{"start":{"line":20,"column":4},"end":{"line":20,"column":55}},"12":{"start":{"line":23,"column":23},"end":{"line":25,"column":3}},"13":{"start":{"line":24,"column":4},"end":{"line":24,"column":44}},"14":{"start":{"line":27,"column":23},"end":{"line":37,"column":3}},"15":{"start":{"line":28,"column":20},"end":{"line":28,"column":54}},"16":{"start":{"line":29,"column":21},"end":{"line":29,"column":63}},"17":{"start":{"line":30,"column":4},"end":{"line":34,"column":8}},"18":{"start":{"line":35,"column":4},"end":{"line":36,"column":37}},"19":{"start":{"line":36,"column":6},"end":{"line":36,"column":37}}},"fnMap":{"0":{"name":"(anonymous_0)","decl":{"start":{"line":6,"column":2},"end":{"line":6,"column":3}},"loc":{"start":{"line":6,"column":61},"end":{"line":21,"column":3}},"line":6},"1":{"name":"(anonymous_1)","decl":{"start":{"line":17,"column":22},"end":{"line":17,"column":23}},"loc":{"start":{"line":17,"column":32},"end":{"line":19,"column":7}},"line":17},"2":{"name":"(anonymous_2)","decl":{"start":{"line":18,"column":39},"end":{"line":18,"column":40}},"loc":{"start":{"line":18,"column":46},"end":{"line":18,"column":75}},"line":18},"3":{"name":"(anonymous_3)","decl":{"start":{"line":23,"column":23},"end":{"line":23,"column":24}},"loc":{"start":{"line":23,"column":30},"end":{"line":25,"column":3}},"line":23},"4":{"name":"(anonymous_4)","decl":{"start":{"line":27,"column":23},"end":{"line":27,"column":24}},"loc":{"start":{"line":27,"column":33},"end":{"line":37,"column":3}},"line":27}},"branchMap":{"0":{"loc":{"start":{"line":13,"column":4},"end":{"line":14,"column":71}},"type":"if","locations":[{"start":{"line":13,"column":4},"end":{"line":14,"column":71}},{"start":{"line":13,"column":4},"end":{"line":14,"column":71}}],"line":13},"1":{"loc":{"start":{"line":16,"column":4},"end":{"line":19,"column":9}},"type":"if","locations":[{"start":{"line":16,"column":4},"end":{"line":19,"column":9}},{"start":{"line":16,"column":4},"end":{"line":19,"column":9}}],"line":16},"2":{"loc":{"start":{"line":35,"column":4},"end":{"line":36,"column":37}},"type":"if","locations":[{"start":{"line":35,"column":4},"end":{"line":36,"column":37}},{"start":{"line":35,"column":4},"end":{"line":36,"column":37}}],"line":35}},"s":{"0":3,"1":3,"2":3,"3":3,"4":3,"5":2,"6":3,"7":3,"8":3,"9":4,"10":4,"11":3,"12":3,"13":2,"14":3,"15":10,"16":8,"17":8,"18":8,"19":8},"f":{"0":3,"1":4,"2":4,"3":2,"4":10},"b":{"0":[2,1],"1":[3,0],"2":[8,0]},"_coverageSchema":"1a1c01bbd47fc00a2c39e90264f33305004495a9","hash":"b3cf4c4243fa5040614ff9acd149cb7c1c75cf0a"}
,"C:\\Users\\abdel\\OneDrive\\Bureau\\Nouveau dossier\\Nouveau dossier\\Billed-app-FR-Front\\src\\containers\\Dashboard.js": {"path":"C:\\Users\\abdel\\OneDrive\\Bureau\\Nouveau dossier\\Nouveau dossier\\Billed-app-FR-Front\\src\\containers\\Dashboard.js","statementMap":{"0":{"start":{"line":8,"column":29},"end":{"line":27,"column":1}},"1":{"start":{"line":9,"column":2},"end":{"line":26,"column":9}},"2":{"start":{"line":14,"column":8},"end":{"line":22,"column":9}},"3":{"start":{"line":15,"column":10},"end":{"line":15,"column":51}},"4":{"start":{"line":18,"column":28},"end":{"line":18,"column":74}},"5":{"start":{"line":19,"column":10},"end":{"line":21,"column":61}},"6":{"start":{"line":24,"column":8},"end":{"line":24,"column":31}},"7":{"start":{"line":29,"column":20},"end":{"line":56,"column":1}},"8":{"start":{"line":30,"column":28},"end":{"line":30,"column":52}},"9":{"start":{"line":31,"column":20},"end":{"line":33,"column":8}},"10":{"start":{"line":34,"column":19},"end":{"line":36,"column":23}},"11":{"start":{"line":38,"column":2},"end":{"line":55,"column":4}},"12":{"start":{"line":58,"column":21},"end":{"line":60,"column":1}},"13":{"start":{"line":59,"column":2},"end":{"line":59,"column":79}},"14":{"start":{"line":59,"column":53},"end":{"line":59,"column":63}},"15":{"start":{"line":62,"column":25},"end":{"line":71,"column":1}},"16":{"start":{"line":63,"column":2},"end":{"line":70,"column":3}},"17":{"start":{"line":65,"column":6},"end":{"line":65,"column":23}},"18":{"start":{"line":67,"column":6},"end":{"line":67,"column":24}},"19":{"start":{"line":69,"column":6},"end":{"line":69,"column":23}},"20":{"start":{"line":75,"column":4},"end":{"line":75,"column":29}},"21":{"start":{"line":76,"column":4},"end":{"line":76,"column":33}},"22":{"start":{"line":77,"column":4},"end":{"line":77,"column":23}},"23":{"start":{"line":79,"column":4},"end":{"line":79,"column":72}},"24":{"start":{"line":79,"column":35},"end":{"line":79,"column":70}},"25":{"start":{"line":80,"column":4},"end":{"line":80,"column":72}},"26":{"start":{"line":80,"column":35},"end":{"line":80,"column":70}},"27":{"start":{"line":81,"column":4},"end":{"line":81,"column":72}},"28":{"start":{"line":81,"column":35},"end":{"line":81,"column":70}},"29":{"start":{"line":83,"column":4},"end":{"line":83,"column":28}},"30":{"start":{"line":84,"column":4},"end":{"line":84,"column":45}},"31":{"start":{"line":87,"column":23},"end":{"line":97,"column":3}},"32":{"start":{"line":88,"column":20},"end":{"line":88,"column":58}},"33":{"start":{"line":89,"column":21},"end":{"line":89,"column":69}},"34":{"start":{"line":90,"column":4},"end":{"line":94,"column":8}},"35":{"start":{"line":95,"column":4},"end":{"line":96,"column":43}},"36":{"start":{"line":96,"column":6},"end":{"line":96,"column":43}},"37":{"start":{"line":100,"column":4},"end":{"line":103,"column":5}},"38":{"start":{"line":102,"column":6},"end":{"line":102,"column":23}},"39":{"start":{"line":104,"column":4},"end":{"line":107,"column":5}},"40":{"start":{"line":106,"column":6},"end":{"line":106,"column":24}},"41":{"start":{"line":109,"column":4},"end":{"line":127,"column":5}},"42":{"start":{"line":111,"column":6},"end":{"line":113,"column":9}},"43":{"start":{"line":112,"column":8},"end":{"line":112,"column":62}},"44":{"start":{"line":114,"column":6},"end":{"line":114,"column":63}},"45":{"start":{"line":115,"column":6},"end":{"line":115,"column":70}},"46":{"start":{"line":116,"column":6},"end":{"line":116,"column":53}},"47":{"start":{"line":117,"column":6},"end":{"line":117,"column":21}},"48":{"start":{"line":120,"column":6},"end":{"line":120,"column":63}},"49":{"start":{"line":122,"column":6},"end":{"line":124,"column":9}},"50":{"start":{"line":125,"column":6},"end":{"line":125,"column":53}},"51":{"start":{"line":126,"column":6},"end":{"line":126,"column":21}},"52":{"start":{"line":128,"column":4},"end":{"line":128,"column":52}},"53":{"start":{"line":129,"column":4},"end":{"line":129,"column":73}},"54":{"start":{"line":129,"column":39},"end":{"line":129,"column":71}},"55":{"start":{"line":130,"column":4},"end":{"line":130,"column":73}},"56":{"start":{"line":130,"column":39},"end":{"line":130,"column":71}},"57":{"start":{"line":133,"column":23},"end":{"line":141,"column":3}},"58":{"start":{"line":134,"column":20},"end":{"line":138,"column":5}},"59":{"start":{"line":139,"column":4},"end":{"line":139,"column":29}},"60":{"start":{"line":140,"column":4},"end":{"line":140,"column":46}},"61":{"start":{"line":143,"column":23},"end":{"line":151,"column":3}},"62":{"start":{"line":144,"column":20},"end":{"line":148,"column":5}},"63":{"start":{"line":149,"column":4},"end":{"line":149,"column":29}},"64":{"start":{"line":150,"column":4},"end":{"line":150,"column":46}},"65":{"start":{"line":155,"column":4},"end":{"line":164,"column":7}},"66":{"start":{"line":163,"column":6},"end":{"line":163,"column":45}},"67":{"start":{"line":167,"column":4},"end":{"line":167,"column":77}},"68":{"start":{"line":167,"column":60},"end":{"line":167,"column":77}},"69":{"start":{"line":168,"column":4},"end":{"line":171,"column":5}},"70":{"start":{"line":169,"column":6},"end":{"line":169,"column":25}},"71":{"start":{"line":172,"column":4},"end":{"line":182,"column":5}},"72":{"start":{"line":173,"column":6},"end":{"line":173,"column":71}},"73":{"start":{"line":174,"column":6},"end":{"line":176,"column":8}},"74":{"start":{"line":177,"column":6},"end":{"line":177,"column":21}},"75":{"start":{"line":179,"column":6},"end":{"line":179,"column":72}},"76":{"start":{"line":180,"column":6},"end":{"line":180,"column":57}},"77":{"start":{"line":181,"column":6},"end":{"line":181,"column":21}},"78":{"start":{"line":192,"column":4},"end":{"line":198,"column":7}},"79":{"start":{"line":193,"column":6},"end":{"line":197,"column":9}},"80":{"start":{"line":196,"column":8},"end":{"line":196,"column":46}},"81":{"start":{"line":200,"column":4},"end":{"line":200,"column":17}},"82":{"start":{"line":224,"column":15},"end":{"line":232,"column":3}},"83":{"start":{"line":225,"column":4},"end":{"line":231,"column":5}},"84":{"start":{"line":226,"column":6},"end":{"line":230,"column":28}},"85":{"start":{"line":229,"column":24},"end":{"line":229,"column":28}}},"fnMap":{"0":{"name":"(anonymous_0)","decl":{"start":{"line":8,"column":29},"end":{"line":8,"column":30}},"loc":{"start":{"line":8,"column":47},"end":{"line":27,"column":1}},"line":8},"1":{"name":"(anonymous_1)","decl":{"start":{"line":10,"column":18},"end":{"line":10,"column":19}},"loc":{"start":{"line":10,"column":28},"end":{"line":25,"column":7}},"line":10},"2":{"name":"(anonymous_2)","decl":{"start":{"line":29,"column":20},"end":{"line":29,"column":21}},"loc":{"start":{"line":29,"column":30},"end":{"line":56,"column":1}},"line":29},"3":{"name":"(anonymous_3)","decl":{"start":{"line":58,"column":21},"end":{"line":58,"column":22}},"loc":{"start":{"line":58,"column":32},"end":{"line":60,"column":1}},"line":58},"4":{"name":"(anonymous_4)","decl":{"start":{"line":59,"column":43},"end":{"line":59,"column":44}},"loc":{"start":{"line":59,"column":53},"end":{"line":59,"column":63}},"line":59},"5":{"name":"(anonymous_5)","decl":{"start":{"line":62,"column":25},"end":{"line":62,"column":26}},"loc":{"start":{"line":62,"column":36},"end":{"line":71,"column":1}},"line":62},"6":{"name":"(anonymous_6)","decl":{"start":{"line":74,"column":2},"end":{"line":74,"column":3}},"loc":{"start":{"line":74,"column":68},"end":{"line":85,"column":3}},"line":74},"7":{"name":"(anonymous_7)","decl":{"start":{"line":79,"column":28},"end":{"line":79,"column":29}},"loc":{"start":{"line":79,"column":35},"end":{"line":79,"column":70}},"line":79},"8":{"name":"(anonymous_8)","decl":{"start":{"line":80,"column":28},"end":{"line":80,"column":29}},"loc":{"start":{"line":80,"column":35},"end":{"line":80,"column":70}},"line":80},"9":{"name":"(anonymous_9)","decl":{"start":{"line":81,"column":28},"end":{"line":81,"column":29}},"loc":{"start":{"line":81,"column":35},"end":{"line":81,"column":70}},"line":81},"10":{"name":"(anonymous_10)","decl":{"start":{"line":87,"column":23},"end":{"line":87,"column":24}},"loc":{"start":{"line":87,"column":29},"end":{"line":97,"column":3}},"line":87},"11":{"name":"(anonymous_11)","decl":{"start":{"line":99,"column":2},"end":{"line":99,"column":3}},"loc":{"start":{"line":99,"column":35},"end":{"line":131,"column":3}},"line":99},"12":{"name":"(anonymous_12)","decl":{"start":{"line":111,"column":20},"end":{"line":111,"column":21}},"loc":{"start":{"line":111,"column":27},"end":{"line":113,"column":7}},"line":111},"13":{"name":"(anonymous_13)","decl":{"start":{"line":129,"column":32},"end":{"line":129,"column":33}},"loc":{"start":{"line":129,"column":39},"end":{"line":129,"column":71}},"line":129},"14":{"name":"(anonymous_14)","decl":{"start":{"line":130,"column":32},"end":{"line":130,"column":33}},"loc":{"start":{"line":130,"column":39},"end":{"line":130,"column":71}},"line":130},"15":{"name":"(anonymous_15)","decl":{"start":{"line":133,"column":23},"end":{"line":133,"column":24}},"loc":{"start":{"line":133,"column":36},"end":{"line":141,"column":3}},"line":133},"16":{"name":"(anonymous_16)","decl":{"start":{"line":143,"column":23},"end":{"line":143,"column":24}},"loc":{"start":{"line":143,"column":36},"end":{"line":151,"column":3}},"line":143},"17":{"name":"(anonymous_17)","decl":{"start":{"line":153,"column":2},"end":{"line":153,"column":3}},"loc":{"start":{"line":153,"column":37},"end":{"line":201,"column":3}},"line":153},"18":{"name":"(anonymous_18)","decl":{"start":{"line":155,"column":18},"end":{"line":155,"column":19}},"loc":{"start":{"line":155,"column":28},"end":{"line":164,"column":5}},"line":155},"19":{"name":"(anonymous_19)","decl":{"start":{"line":192,"column":18},"end":{"line":192,"column":19}},"loc":{"start":{"line":192,"column":28},"end":{"line":198,"column":5}},"line":192},"20":{"name":"(anonymous_20)","decl":{"start":{"line":193,"column":59},"end":{"line":193,"column":60}},"loc":{"start":{"line":193,"column":66},"end":{"line":197,"column":7}},"line":193},"21":{"name":"(anonymous_21)","decl":{"start":{"line":224,"column":15},"end":{"line":224,"column":16}},"loc":{"start":{"line":224,"column":25},"end":{"line":232,"column":3}},"line":224},"22":{"name":"(anonymous_22)","decl":{"start":{"line":229,"column":14},"end":{"line":229,"column":15}},"loc":{"start":{"line":229,"column":24},"end":{"line":229,"column":28}},"line":229}},"branchMap":{"0":{"loc":{"start":{"line":9,"column":9},"end":{"line":26,"column":8}},"type":"cond-expr","locations":[{"start":{"line":10,"column":6},"end":{"line":25,"column":8}},{"start":{"line":26,"column":6},"end":{"line":26,"column":8}}],"line":9},"1":{"loc":{"start":{"line":9,"column":9},"end":{"line":9,"column":28}},"type":"binary-expr","locations":[{"start":{"line":9,"column":9},"end":{"line":9,"column":13}},{"start":{"line":9,"column":17},"end":{"line":9,"column":28}}],"line":9},"2":{"loc":{"start":{"line":14,"column":8},"end":{"line":22,"column":9}},"type":"if","locations":[{"start":{"line":14,"column":8},"end":{"line":22,"column":9}},{"start":{"line":14,"column":8},"end":{"line":22,"column":9}}],"line":14},"3":{"loc":{"start":{"line":20,"column":12},"end":{"line":21,"column":60}},"type":"binary-expr","locations":[{"start":{"line":20,"column":12},"end":{"line":20,"column":34}},{"start":{"line":21,"column":12},"end":{"line":21,"column":60}}],"line":20},"4":{"loc":{"start":{"line":31,"column":20},"end":{"line":33,"column":8}},"type":"cond-expr","locations":[{"start":{"line":32,"column":6},"end":{"line":32,"column":37}},{"start":{"line":33,"column":6},"end":{"line":33,"column":8}}],"line":31},"5":{"loc":{"start":{"line":34,"column":19},"end":{"line":36,"column":23}},"type":"cond-expr","locations":[{"start":{"line":35,"column":6},"end":{"line":35,"column":37}},{"start":{"line":36,"column":6},"end":{"line":36,"column":23}}],"line":34},"6":{"loc":{"start":{"line":59,"column":9},"end":{"line":59,"column":78}},"type":"cond-expr","locations":[{"start":{"line":59,"column":33},"end":{"line":59,"column":73}},{"start":{"line":59,"column":76},"end":{"line":59,"column":78}}],"line":59},"7":{"loc":{"start":{"line":59,"column":9},"end":{"line":59,"column":30}},"type":"binary-expr","locations":[{"start":{"line":59,"column":9},"end":{"line":59,"column":14}},{"start":{"line":59,"column":18},"end":{"line":59,"column":30}}],"line":59},"8":{"loc":{"start":{"line":63,"column":2},"end":{"line":70,"column":3}},"type":"switch","locations":[{"start":{"line":64,"column":4},"end":{"line":65,"column":23}},{"start":{"line":66,"column":4},"end":{"line":67,"column":24}},{"start":{"line":68,"column":4},"end":{"line":69,"column":23}}],"line":63},"9":{"loc":{"start":{"line":95,"column":4},"end":{"line":96,"column":43}},"type":"if","locations":[{"start":{"line":95,"column":4},"end":{"line":96,"column":43}},{"start":{"line":95,"column":4},"end":{"line":96,"column":43}}],"line":95},"10":{"loc":{"start":{"line":100,"column":4},"end":{"line":103,"column":5}},"type":"if","locations":[{"start":{"line":100,"column":4},"end":{"line":103,"column":5}},{"start":{"line":100,"column":4},"end":{"line":103,"column":5}}],"line":100},"11":{"loc":{"start":{"line":100,"column":8},"end":{"line":100,"column":57}},"type":"binary-expr","locations":[{"start":{"line":100,"column":8},"end":{"line":100,"column":34}},{"start":{"line":100,"column":38},"end":{"line":100,"column":57}}],"line":100},"12":{"loc":{"start":{"line":104,"column":4},"end":{"line":107,"column":5}},"type":"if","locations":[{"start":{"line":104,"column":4},"end":{"line":107,"column":5}},{"start":{"line":104,"column":4},"end":{"line":107,"column":5}}],"line":104},"13":{"loc":{"start":{"line":104,"column":8},"end":{"line":104,"column":52}},"type":"binary-expr","locations":[{"start":{"line":104,"column":8},"end":{"line":104,"column":29}},{"start":{"line":104,"column":33},"end":{"line":104,"column":52}}],"line":104},"14":{"loc":{"start":{"line":109,"column":4},"end":{"line":127,"column":5}},"type":"if","locations":[{"start":{"line":109,"column":4},"end":{"line":127,"column":5}},{"start":{"line":109,"column":4},"end":{"line":127,"column":5}}],"line":109},"15":{"loc":{"start":{"line":167,"column":4},"end":{"line":167,"column":77}},"type":"if","locations":[{"start":{"line":167,"column":4},"end":{"line":167,"column":77}},{"start":{"line":167,"column":4},"end":{"line":167,"column":77}}],"line":167},"16":{"loc":{"start":{"line":167,"column":8},"end":{"line":167,"column":58}},"type":"binary-expr","locations":[{"start":{"line":167,"column":8},"end":{"line":167,"column":34}},{"start":{"line":167,"column":38},"end":{"line":167,"column":58}}],"line":167},"17":{"loc":{"start":{"line":168,"column":4},"end":{"line":171,"column":5}},"type":"if","locations":[{"start":{"line":168,"column":4},"end":{"line":171,"column":5}},{"start":{"line":168,"column":4},"end":{"line":171,"column":5}}],"line":168},"18":{"loc":{"start":{"line":168,"column":8},"end":{"line":168,"column":56}},"type":"binary-expr","locations":[{"start":{"line":168,"column":8},"end":{"line":168,"column":32}},{"start":{"line":168,"column":36},"end":{"line":168,"column":56}}],"line":168},"19":{"loc":{"start":{"line":172,"column":4},"end":{"line":182,"column":5}},"type":"if","locations":[{"start":{"line":172,"column":4},"end":{"line":182,"column":5}},{"start":{"line":172,"column":4},"end":{"line":182,"column":5}}],"line":172},"20":{"loc":{"start":{"line":225,"column":4},"end":{"line":231,"column":5}},"type":"if","locations":[{"start":{"line":225,"column":4},"end":{"line":231,"column":5}},{"start":{"line":225,"column":4},"end":{"line":231,"column":5}}],"line":225}},"s":{"0":6,"1":27,"2":24,"3":24,"4":0,"5":0,"6":24,"7":6,"8":8,"9":8,"10":8,"11":8,"12":6,"13":5,"14":8,"15":6,"16":3,"17":1,"18":1,"19":1,"20":5,"21":5,"22":5,"23":5,"24":0,"25":5,"26":0,"27":5,"28":0,"29":5,"30":5,"31":5,"32":1,"33":1,"34":1,"35":1,"36":0,"37":2,"38":1,"39":2,"40":1,"41":2,"42":1,"43":4,"44":1,"45":1,"46":1,"47":1,"48":1,"49":1,"50":1,"51":1,"52":2,"53":2,"54":0,"55":2,"56":0,"57":5,"58":1,"59":1,"60":1,"61":5,"62":1,"63":1,"64":1,"65":4,"66":16,"67":4,"68":3,"69":4,"70":3,"71":4,"72":3,"73":3,"74":3,"75":1,"76":1,"77":1,"78":4,"79":16,"80":0,"81":4,"82":5,"83":2,"84":0,"85":0},"f":{"0":27,"1":24,"2":8,"3":5,"4":8,"5":3,"6":5,"7":0,"8":0,"9":0,"10":1,"11":2,"12":4,"13":0,"14":0,"15":1,"16":1,"17":4,"18":16,"19":16,"20":0,"21":2,"22":0},"b":{"0":[6,21],"1":[27,6],"2":[24,0],"3":[0,0],"4":[0,8],"5":[0,8],"6":[4,1],"7":[5,5],"8":[1,1,1],"9":[0,1],"10":[1,1],"11":[2,1],"12":[1,1],"13":[2,1],"14":[1,1],"15":[3,1],"16":[4,3],"17":[3,1],"18":[4,3],"19":[3,1],"20":[0,2]},"_coverageSchema":"1a1c01bbd47fc00a2c39e90264f33305004495a9","hash":"fb429e54ba5e9e957a615c1f919b44e1705b4c99"}
,"C:\\Users\\abdel\\OneDrive\\Bureau\\Nouveau dossier\\Nouveau dossier\\Billed-app-FR-Front\\src\\containers\\Login.js": {"path":"C:\\Users\\abdel\\OneDrive\\Bureau\\Nouveau dossier\\Nouveau dossier\\Billed-app-FR-Front\\src\\containers\\Login.js","statementMap":{"0":{"start":{"line":2,"column":31},"end":{"line":2,"column":33}},"1":{"start":{"line":13,"column":4},"end":{"line":13,"column":29}},"2":{"start":{"line":14,"column":4},"end":{"line":14,"column":37}},"3":{"start":{"line":15,"column":4},"end":{"line":15,"column":33}},"4":{"start":{"line":16,"column":4},"end":{"line":16,"column":47}},"5":{"start":{"line":17,"column":4},"end":{"line":17,"column":23}},"6":{"start":{"line":18,"column":25},"end":{"line":20,"column":5}},"7":{"start":{"line":21,"column":4},"end":{"line":21,"column":71}},"8":{"start":{"line":22,"column":22},"end":{"line":24,"column":5}},"9":{"start":{"line":25,"column":4},"end":{"line":25,"column":65}},"10":{"start":{"line":27,"column":25},"end":{"line":47,"column":3}},"11":{"start":{"line":28,"column":4},"end":{"line":28,"column":23}},"12":{"start":{"line":29,"column":17},"end":{"line":37,"column":5}},"13":{"start":{"line":38,"column":4},"end":{"line":38,"column":60}},"14":{"start":{"line":39,"column":4},"end":{"line":46,"column":9}},"15":{"start":{"line":40,"column":22},"end":{"line":40,"column":43}},"16":{"start":{"line":42,"column":8},"end":{"line":42,"column":46}},"17":{"start":{"line":43,"column":8},"end":{"line":43,"column":54}},"18":{"start":{"line":44,"column":8},"end":{"line":44,"column":51}},"19":{"start":{"line":45,"column":8},"end":{"line":45,"column":58}},"20":{"start":{"line":50,"column":22},"end":{"line":70,"column":3}},"21":{"start":{"line":51,"column":4},"end":{"line":51,"column":23}},"22":{"start":{"line":52,"column":17},"end":{"line":60,"column":5}},"23":{"start":{"line":61,"column":4},"end":{"line":61,"column":60}},"24":{"start":{"line":62,"column":4},"end":{"line":69,"column":9}},"25":{"start":{"line":63,"column":22},"end":{"line":63,"column":43}},"26":{"start":{"line":65,"column":8},"end":{"line":65,"column":50}},"27":{"start":{"line":66,"column":8},"end":{"line":66,"column":58}},"28":{"start":{"line":67,"column":8},"end":{"line":67,"column":51}},"29":{"start":{"line":68,"column":8},"end":{"line":68,"column":53}}},"fnMap":{"0":{"name":"(anonymous_0)","decl":{"start":{"line":6,"column":2},"end":{"line":6,"column":3}},"loc":{"start":{"line":12,"column":5},"end":{"line":26,"column":3}},"line":12},"1":{"name":"(anonymous_1)","decl":{"start":{"line":27,"column":25},"end":{"line":27,"column":26}},"loc":{"start":{"line":27,"column":32},"end":{"line":47,"column":3}},"line":27},"2":{"name":"(anonymous_2)","decl":{"start":{"line":40,"column":13},"end":{"line":40,"column":14}},"loc":{"start":{"line":40,"column":22},"end":{"line":40,"column":43}},"line":40},"3":{"name":"(anonymous_3)","decl":{"start":{"line":41,"column":12},"end":{"line":41,"column":13}},"loc":{"start":{"line":41,"column":18},"end":{"line":46,"column":7}},"line":41},"4":{"name":"(anonymous_4)","decl":{"start":{"line":50,"column":22},"end":{"line":50,"column":23}},"loc":{"start":{"line":50,"column":29},"end":{"line":70,"column":3}},"line":50},"5":{"name":"(anonymous_5)","decl":{"start":{"line":63,"column":13},"end":{"line":63,"column":14}},"loc":{"start":{"line":63,"column":22},"end":{"line":63,"column":43}},"line":63},"6":{"name":"(anonymous_6)","decl":{"start":{"line":64,"column":12},"end":{"line":64,"column":13}},"loc":{"start":{"line":64,"column":18},"end":{"line":69,"column":7}},"line":64}},"branchMap":{},"s":{"0":3,"1":2,"2":2,"3":2,"4":2,"5":2,"6":2,"7":2,"8":2,"9":2,"10":2,"11":2,"12":2,"13":2,"14":2,"15":0,"16":2,"17":2,"18":2,"19":2,"20":2,"21":2,"22":2,"23":2,"24":2,"25":0,"26":2,"27":2,"28":2,"29":2},"f":{"0":2,"1":2,"2":0,"3":2,"4":2,"5":0,"6":2},"b":{},"_coverageSchema":"1a1c01bbd47fc00a2c39e90264f33305004495a9","hash":"b3cabec141fddc5acf3bc8bf97a613769f4bdeb7"}
,"C:\\Users\\abdel\\OneDrive\\Bureau\\Nouveau dossier\\Nouveau dossier\\Billed-app-FR-Front\\src\\containers\\Logout.js": {"path":"C:\\Users\\abdel\\OneDrive\\Bureau\\Nouveau dossier\\Nouveau dossier\\Billed-app-FR-Front\\src\\containers\\Logout.js","statementMap":{"0":{"start":{"line":5,"column":4},"end":{"line":5,"column":29}},"1":{"start":{"line":6,"column":4},"end":{"line":6,"column":33}},"2":{"start":{"line":7,"column":4},"end":{"line":7,"column":37}},"3":{"start":{"line":8,"column":4},"end":{"line":8,"column":52}},"4":{"start":{"line":11,"column":16},"end":{"line":14,"column":3}},"5":{"start":{"line":12,"column":4},"end":{"line":12,"column":30}},"6":{"start":{"line":13,"column":4},"end":{"line":13,"column":42}}},"fnMap":{"0":{"name":"(anonymous_0)","decl":{"start":{"line":4,"column":2},"end":{"line":4,"column":3}},"loc":{"start":{"line":4,"column":54},"end":{"line":9,"column":3}},"line":4},"1":{"name":"(anonymous_1)","decl":{"start":{"line":11,"column":16},"end":{"line":11,"column":17}},"loc":{"start":{"line":11,"column":23},"end":{"line":14,"column":3}},"line":11}},"branchMap":{},"s":{"0":15,"1":15,"2":15,"3":15,"4":15,"5":2,"6":2},"f":{"0":15,"1":2},"b":{},"_coverageSchema":"1a1c01bbd47fc00a2c39e90264f33305004495a9","hash":"c18d2449da009d2415c60351d0cbbc1d94ea45e4"}
,"C:\\Users\\abdel\\OneDrive\\Bureau\\Nouveau dossier\\Nouveau dossier\\Billed-app-FR-Front\\src\\containers\\NewBill.js": {"path":"C:\\Users\\abdel\\OneDrive\\Bureau\\Nouveau dossier\\Nouveau dossier\\Billed-app-FR-Front\\src\\containers\\NewBill.js","statementMap":{"0":{"start":{"line":6,"column":4},"end":{"line":6,"column":29}},"1":{"start":{"line":7,"column":4},"end":{"line":7,"column":33}},"2":{"start":{"line":8,"column":4},"end":{"line":8,"column":23}},"3":{"start":{"line":9,"column":24},"end":{"line":11,"column":5}},"4":{"start":{"line":12,"column":4},"end":{"line":12,"column":62}},"5":{"start":{"line":13,"column":17},"end":{"line":13,"column":73}},"6":{"start":{"line":14,"column":4},"end":{"line":14,"column":59}},"7":{"start":{"line":15,"column":4},"end":{"line":15,"column":24}},"8":{"start":{"line":16,"column":4},"end":{"line":16,"column":25}},"9":{"start":{"line":17,"column":4},"end":{"line":17,"column":23}},"10":{"start":{"line":18,"column":4},"end":{"line":18,"column":55}},"11":{"start":{"line":19,"column":4},"end":{"line":19,"column":19}},"12":{"start":{"line":21,"column":21},"end":{"line":110,"column":3}},"13":{"start":{"line":22,"column":4},"end":{"line":22,"column":23}},"14":{"start":{"line":24,"column":17},"end":{"line":25,"column":15}},"15":{"start":{"line":26,"column":21},"end":{"line":26,"column":48}},"16":{"start":{"line":27,"column":21},"end":{"line":27,"column":50}},"17":{"start":{"line":34,"column":21},"end":{"line":34,"column":37}},"18":{"start":{"line":36,"column":15},"end":{"line":36,"column":19}},"19":{"start":{"line":38,"column":4},"end":{"line":82,"column":6}},"20":{"start":{"line":41,"column":6},"end":{"line":41,"column":35}},"21":{"start":{"line":44,"column":16},"end":{"line":44,"column":62}},"22":{"start":{"line":45,"column":6},"end":{"line":45,"column":23}},"23":{"start":{"line":46,"column":19},"end":{"line":46,"column":21}},"24":{"start":{"line":50,"column":6},"end":{"line":53,"column":7}},"25":{"start":{"line":50,"column":19},"end":{"line":50,"column":20}},"26":{"start":{"line":51,"column":8},"end":{"line":51,"column":38}},"27":{"start":{"line":52,"column":8},"end":{"line":52,"column":28}},"28":{"start":{"line":54,"column":6},"end":{"line":69,"column":7}},"29":{"start":{"line":57,"column":10},"end":{"line":57,"column":29}},"30":{"start":{"line":58,"column":10},"end":{"line":58,"column":16}},"31":{"start":{"line":64,"column":10},"end":{"line":64,"column":30}},"32":{"start":{"line":65,"column":10},"end":{"line":65,"column":16}},"33":{"start":{"line":67,"column":10},"end":{"line":67,"column":27}},"34":{"start":{"line":68,"column":10},"end":{"line":68,"column":16}},"35":{"start":{"line":71,"column":6},"end":{"line":81,"column":7}},"36":{"start":{"line":72,"column":8},"end":{"line":72,"column":71}},"37":{"start":{"line":73,"column":8},"end":{"line":73,"column":31}},"38":{"start":{"line":75,"column":8},"end":{"line":75,"column":26}},"39":{"start":{"line":76,"column":8},"end":{"line":76,"column":25}},"40":{"start":{"line":79,"column":8},"end":{"line":79,"column":25}},"41":{"start":{"line":80,"column":8},"end":{"line":80,"column":31}},"42":{"start":{"line":84,"column":4},"end":{"line":84,"column":39}},"43":{"start":{"line":88,"column":21},"end":{"line":88,"column":35}},"44":{"start":{"line":89,"column":18},"end":{"line":89,"column":64}},"45":{"start":{"line":90,"column":4},"end":{"line":90,"column":34}},"46":{"start":{"line":91,"column":4},"end":{"line":91,"column":36}},"47":{"start":{"line":94,"column":4},"end":{"line":108,"column":46}},"48":{"start":{"line":104,"column":8},"end":{"line":104,"column":26}},"49":{"start":{"line":105,"column":8},"end":{"line":105,"column":31}},"50":{"start":{"line":106,"column":8},"end":{"line":106,"column":33}},"51":{"start":{"line":108,"column":24},"end":{"line":108,"column":44}},"52":{"start":{"line":111,"column":17},"end":{"line":137,"column":3}},"53":{"start":{"line":112,"column":4},"end":{"line":112,"column":23}},"54":{"start":{"line":114,"column":18},"end":{"line":114,"column":64}},"55":{"start":{"line":115,"column":17},"end":{"line":134,"column":5}},"56":{"start":{"line":135,"column":4},"end":{"line":135,"column":26}},"57":{"start":{"line":136,"column":4},"end":{"line":136,"column":42}}},"fnMap":{"0":{"name":"(anonymous_0)","decl":{"start":{"line":5,"column":2},"end":{"line":5,"column":3}},"loc":{"start":{"line":5,"column":61},"end":{"line":20,"column":3}},"line":5},"1":{"name":"(anonymous_1)","decl":{"start":{"line":21,"column":21},"end":{"line":21,"column":22}},"loc":{"start":{"line":21,"column":28},"end":{"line":110,"column":3}},"line":21},"2":{"name":"(anonymous_2)","decl":{"start":{"line":38,"column":27},"end":{"line":38,"column":28}},"loc":{"start":{"line":38,"column":40},"end":{"line":82,"column":5}},"line":38},"3":{"name":"(anonymous_3)","decl":{"start":{"line":102,"column":12},"end":{"line":102,"column":13}},"loc":{"start":{"line":102,"column":34},"end":{"line":107,"column":7}},"line":102},"4":{"name":"(anonymous_4)","decl":{"start":{"line":108,"column":13},"end":{"line":108,"column":14}},"loc":{"start":{"line":108,"column":24},"end":{"line":108,"column":44}},"line":108},"5":{"name":"(anonymous_5)","decl":{"start":{"line":111,"column":17},"end":{"line":111,"column":18}},"loc":{"start":{"line":111,"column":24},"end":{"line":137,"column":3}},"line":111}},"branchMap":{"0":{"loc":{"start":{"line":54,"column":6},"end":{"line":69,"column":7}},"type":"switch","locations":[{"start":{"line":56,"column":8},"end":{"line":58,"column":16}},{"start":{"line":59,"column":8},"end":{"line":59,"column":24}},{"start":{"line":60,"column":8},"end":{"line":60,"column":24}},{"start":{"line":61,"column":8},"end":{"line":61,"column":24}},{"start":{"line":62,"column":8},"end":{"line":62,"column":24}},{"start":{"line":63,"column":8},"end":{"line":65,"column":16}},{"start":{"line":66,"column":8},"end":{"line":68,"column":16}}],"line":54},"1":{"loc":{"start":{"line":71,"column":6},"end":{"line":81,"column":7}},"type":"if","locations":[{"start":{"line":71,"column":6},"end":{"line":81,"column":7}},{"start":{"line":71,"column":6},"end":{"line":81,"column":7}}],"line":71},"2":{"loc":{"start":{"line":71,"column":10},"end":{"line":71,"column":53}},"type":"binary-expr","locations":[{"start":{"line":71,"column":10},"end":{"line":71,"column":30}},{"start":{"line":71,"column":34},"end":{"line":71,"column":53}}],"line":71},"3":{"loc":{"start":{"line":127,"column":8},"end":{"line":128,"column":10}},"type":"binary-expr","locations":[{"start":{"line":127,"column":8},"end":{"line":127,"column":74}},{"start":{"line":128,"column":8},"end":{"line":128,"column":10}}],"line":127}},"s":{"0":6,"1":6,"2":6,"3":6,"4":6,"5":6,"6":6,"7":6,"8":6,"9":6,"10":6,"11":6,"12":6,"13":8,"14":8,"15":8,"16":8,"17":8,"18":8,"19":8,"20":8,"21":8,"22":8,"23":8,"24":8,"25":8,"26":32,"27":32,"28":8,"29":5,"30":5,"31":0,"32":0,"33":3,"34":3,"35":8,"36":3,"37":3,"38":3,"39":3,"40":5,"41":5,"42":8,"43":8,"44":8,"45":8,"46":8,"47":8,"48":6,"49":6,"50":6,"51":2,"52":6,"53":0,"54":0,"55":0,"56":0,"57":0},"f":{"0":6,"1":8,"2":8,"3":6,"4":2,"5":0},"b":{"0":[5,0,0,0,0,0,3],"1":[3,5],"2":[8,8],"3":[0,0]},"_coverageSchema":"1a1c01bbd47fc00a2c39e90264f33305004495a9","hash":"52c9ee9893c9aa41d35e1e425698ec5aecc0dae0"}
,"C:\\Users\\abdel\\OneDrive\\Bureau\\Nouveau dossier\\Nouveau dossier\\Billed-app-FR-Front\\src\\views\\Actions.js": {"path":"C:\\Users\\abdel\\OneDrive\\Bureau\\Nouveau dossier\\Nouveau dossier\\Billed-app-FR-Front\\src\\views\\Actions.js","statementMap":{"0":{"start":{"line":5,"column":2},"end":{"line":9,"column":12}}},"fnMap":{"0":{"name":"(anonymous_0)","decl":{"start":{"line":4,"column":15},"end":{"line":4,"column":16}},"loc":{"start":{"line":4,"column":28},"end":{"line":10,"column":1}},"line":4}},"branchMap":{},"s":{"0":10},"f":{"0":10},"b":{},"_coverageSchema":"1a1c01bbd47fc00a2c39e90264f33305004495a9","hash":"3efd243495125ee15a8d5027e1e2e19ec58b9d1f"}
,"C:\\Users\\abdel\\OneDrive\\Bureau\\Nouveau dossier\\Nouveau dossier\\Billed-app-FR-Front\\src\\views\\BillsUI.js": {"path":"C:\\Users\\abdel\\OneDrive\\Bureau\\Nouveau dossier\\Nouveau dossier\\Billed-app-FR-Front\\src\\views\\BillsUI.js","statementMap":{"0":{"start":{"line":7,"column":12},"end":{"line":20,"column":1}},"1":{"start":{"line":8,"column":2},"end":{"line":19,"column":6}},"2":{"start":{"line":23,"column":13},"end":{"line":32,"column":1}},"3":{"start":{"line":25,"column":4},"end":{"line":27,"column":10}},"4":{"start":{"line":26,"column":28},"end":{"line":26,"column":63}},"5":{"start":{"line":29,"column":2},"end":{"line":31,"column":9}},"6":{"start":{"line":30,"column":37},"end":{"line":30,"column":46}},"7":{"start":{"line":35,"column":16},"end":{"line":50,"column":3}},"8":{"start":{"line":35,"column":22},"end":{"line":50,"column":3}},"9":{"start":{"line":52,"column":2},"end":{"line":56,"column":3}},"10":{"start":{"line":53,"column":4},"end":{"line":53,"column":25}},"11":{"start":{"line":54,"column":9},"end":{"line":56,"column":3}},"12":{"start":{"line":55,"column":4},"end":{"line":55,"column":28}},"13":{"start":{"line":58,"column":2},"end":{"line":85,"column":12}}},"fnMap":{"0":{"name":"(anonymous_0)","decl":{"start":{"line":7,"column":12},"end":{"line":7,"column":13}},"loc":{"start":{"line":7,"column":22},"end":{"line":20,"column":1}},"line":7},"1":{"name":"(anonymous_1)","decl":{"start":{"line":23,"column":13},"end":{"line":23,"column":14}},"loc":{"start":{"line":23,"column":23},"end":{"line":32,"column":1}},"line":23},"2":{"name":"(anonymous_2)","decl":{"start":{"line":26,"column":18},"end":{"line":26,"column":19}},"loc":{"start":{"line":26,"column":28},"end":{"line":26,"column":63}},"line":26},"3":{"name":"(anonymous_3)","decl":{"start":{"line":30,"column":27},"end":{"line":30,"column":28}},"loc":{"start":{"line":30,"column":37},"end":{"line":30,"column":46}},"line":30},"4":{"name":"(anonymous_4)","decl":{"start":{"line":34,"column":15},"end":{"line":34,"column":16}},"loc":{"start":{"line":34,"column":52},"end":{"line":86,"column":1}},"line":34},"5":{"name":"(anonymous_5)","decl":{"start":{"line":35,"column":16},"end":{"line":35,"column":17}},"loc":{"start":{"line":35,"column":22},"end":{"line":50,"column":3}},"line":35}},"branchMap":{"0":{"loc":{"start":{"line":25,"column":4},"end":{"line":27,"column":10}},"type":"cond-expr","locations":[{"start":{"line":26,"column":8},"end":{"line":26,"column":64}},{"start":{"line":27,"column":8},"end":{"line":27,"column":10}}],"line":25},"1":{"loc":{"start":{"line":25,"column":4},"end":{"line":25,"column":27}},"type":"binary-expr","locations":[{"start":{"line":25,"column":4},"end":{"line":25,"column":8}},{"start":{"line":25,"column":12},"end":{"line":25,"column":27}}],"line":25},"2":{"loc":{"start":{"line":29,"column":9},"end":{"line":31,"column":8}},"type":"cond-expr","locations":[{"start":{"line":30,"column":6},"end":{"line":30,"column":56}},{"start":{"line":31,"column":6},"end":{"line":31,"column":8}}],"line":29},"3":{"loc":{"start":{"line":29,"column":9},"end":{"line":29,"column":28}},"type":"binary-expr","locations":[{"start":{"line":29,"column":9},"end":{"line":29,"column":13}},{"start":{"line":29,"column":17},"end":{"line":29,"column":28}}],"line":29},"4":{"loc":{"start":{"line":52,"column":2},"end":{"line":56,"column":3}},"type":"if","locations":[{"start":{"line":52,"column":2},"end":{"line":56,"column":3}},{"start":{"line":52,"column":2},"end":{"line":56,"column":3}}],"line":52},"5":{"loc":{"start":{"line":54,"column":9},"end":{"line":56,"column":3}},"type":"if","locations":[{"start":{"line":54,"column":9},"end":{"line":56,"column":3}},{"start":{"line":54,"column":9},"end":{"line":56,"column":3}}],"line":54}},"s":{"0":6,"1":8,"2":6,"3":6,"4":9,"5":6,"6":8,"7":14,"8":6,"9":14,"10":2,"11":12,"12":6,"13":6},"f":{"0":8,"1":6,"2":9,"3":8,"4":14,"5":6},"b":{"0":[2,4],"1":[6,4],"2":[2,4],"3":[6,4],"4":[2,12],"5":[6,6]},"_coverageSchema":"1a1c01bbd47fc00a2c39e90264f33305004495a9","hash":"b4a38a63aad83d1efd7780084c2f1f8238655d57"}
,"C:\\Users\\abdel\\OneDrive\\Bureau\\Nouveau dossier\\Nouveau dossier\\Billed-app-FR-Front\\src\\views\\DashboardFormUI.js": {"path":"C:\\Users\\abdel\\OneDrive\\Bureau\\Nouveau dossier\\Nouveau dossier\\Billed-app-FR-Front\\src\\views\\DashboardFormUI.js","statementMap":{"0":{"start":{"line":7,"column":21},"end":{"line":22,"column":3}},"1":{"start":{"line":7,"column":27},"end":{"line":22,"column":3}},"2":{"start":{"line":25,"column":2},"end":{"line":112,"column":4}}},"fnMap":{"0":{"name":"(anonymous_0)","decl":{"start":{"line":7,"column":21},"end":{"line":7,"column":22}},"loc":{"start":{"line":7,"column":27},"end":{"line":22,"column":3}},"line":7},"1":{"name":"(anonymous_1)","decl":{"start":{"line":24,"column":15},"end":{"line":24,"column":16}},"loc":{"start":{"line":24,"column":25},"end":{"line":113,"column":1}},"line":24}},"branchMap":{"0":{"loc":{"start":{"line":83,"column":9},"end":{"line":95,"column":8}},"type":"cond-expr","locations":[{"start":{"line":84,"column":13},"end":{"line":89,"column":8}},{"start":{"line":90,"column":13},"end":{"line":95,"column":8}}],"line":83},"1":{"loc":{"start":{"line":100,"column":8},"end":{"line":107,"column":14}},"type":"cond-expr","locations":[{"start":{"line":101,"column":12},"end":{"line":106,"column":7}},{"start":{"line":107,"column":12},"end":{"line":107,"column":14}}],"line":100}},"s":{"0":7,"1":8,"2":8},"f":{"0":8,"1":8},"b":{"0":[5,3],"1":[5,3]},"_coverageSchema":"1a1c01bbd47fc00a2c39e90264f33305004495a9","hash":"7d2dfbc0271f5dcbeeebba5aec8362fea51b6c46"}
,"C:\\Users\\abdel\\OneDrive\\Bureau\\Nouveau dossier\\Nouveau dossier\\Billed-app-FR-Front\\src\\views\\DashboardUI.js": {"path":"C:\\Users\\abdel\\OneDrive\\Bureau\\Nouveau dossier\\Nouveau dossier\\Billed-app-FR-Front\\src\\views\\DashboardUI.js","statementMap":{"0":{"start":{"line":9,"column":2},"end":{"line":13,"column":3}},"1":{"start":{"line":10,"column":4},"end":{"line":10,"column":25}},"2":{"start":{"line":11,"column":9},"end":{"line":13,"column":3}},"3":{"start":{"line":12,"column":4},"end":{"line":12,"column":28}},"4":{"start":{"line":15,"column":2},"end":{"line":52,"column":12}}},"fnMap":{"0":{"name":"(anonymous_0)","decl":{"start":{"line":8,"column":15},"end":{"line":8,"column":16}},"loc":{"start":{"line":8,"column":45},"end":{"line":53,"column":1}},"line":8}},"branchMap":{"0":{"loc":{"start":{"line":9,"column":2},"end":{"line":13,"column":3}},"type":"if","locations":[{"start":{"line":9,"column":2},"end":{"line":13,"column":3}},{"start":{"line":9,"column":2},"end":{"line":13,"column":3}}],"line":9},"1":{"loc":{"start":{"line":11,"column":9},"end":{"line":13,"column":3}},"type":"if","locations":[{"start":{"line":11,"column":9},"end":{"line":13,"column":3}},{"start":{"line":11,"column":9},"end":{"line":13,"column":3}}],"line":11},"2":{"loc":{"start":{"line":22,"column":28},"end":{"line":22,"column":46}},"type":"binary-expr","locations":[{"start":{"line":22,"column":28},"end":{"line":22,"column":32}},{"start":{"line":22,"column":36},"end":{"line":22,"column":46}}],"line":22},"3":{"loc":{"start":{"line":31,"column":30},"end":{"line":31,"column":48}},"type":"binary-expr","locations":[{"start":{"line":31,"column":30},"end":{"line":31,"column":34}},{"start":{"line":31,"column":38},"end":{"line":31,"column":48}}],"line":31},"4":{"loc":{"start":{"line":40,"column":30},"end":{"line":40,"column":48}},"type":"binary-expr","locations":[{"start":{"line":40,"column":30},"end":{"line":40,"column":34}},{"start":{"line":40,"column":38},"end":{"line":40,"column":48}}],"line":40}},"s":{"0":11,"1":1,"2":10,"3":3,"4":7},"f":{"0":11},"b":{"0":[1,10],"1":[3,7],"2":[7,2],"3":[7,2],"4":[7,2]},"_coverageSchema":"1a1c01bbd47fc00a2c39e90264f33305004495a9","hash":"f9ddc08cd52f5e0dfc756db2fb498e3aa050c564"}
,"C:\\Users\\abdel\\OneDrive\\Bureau\\Nouveau dossier\\Nouveau dossier\\Billed-app-FR-Front\\src\\views\\ErrorPage.js": {"path":"C:\\Users\\abdel\\OneDrive\\Bureau\\Nouveau dossier\\Nouveau dossier\\Billed-app-FR-Front\\src\\views\\ErrorPage.js","statementMap":{"0":{"start":{"line":4,"column":2},"end":{"line":14,"column":12}}},"fnMap":{"0":{"name":"(anonymous_0)","decl":{"start":{"line":3,"column":15},"end":{"line":3,"column":16}},"loc":{"start":{"line":3,"column":26},"end":{"line":15,"column":1}},"line":3}},"branchMap":{"0":{"loc":{"start":{"line":12,"column":12},"end":{"line":12,"column":30}},"type":"cond-expr","locations":[{"start":{"line":12,"column":20},"end":{"line":12,"column":25}},{"start":{"line":12,"column":28},"end":{"line":12,"column":30}}],"line":12}},"s":{"0":11},"f":{"0":11},"b":{"0":[10,1]},"_coverageSchema":"1a1c01bbd47fc00a2c39e90264f33305004495a9","hash":"3822e7ecac3f84b85d3ae4f34ad6a47f2b7e6449"}
,"C:\\Users\\abdel\\OneDrive\\Bureau\\Nouveau dossier\\Nouveau dossier\\Billed-app-FR-Front\\src\\views\\LoadingPage.js": {"path":"C:\\Users\\abdel\\OneDrive\\Bureau\\Nouveau dossier\\Nouveau dossier\\Billed-app-FR-Front\\src\\views\\LoadingPage.js","statementMap":{"0":{"start":{"line":4,"column":2},"end":{"line":10,"column":12}}},"fnMap":{"0":{"name":"(anonymous_0)","decl":{"start":{"line":3,"column":15},"end":{"line":3,"column":16}},"loc":{"start":{"line":3,"column":21},"end":{"line":11,"column":1}},"line":3}},"branchMap":{},"s":{"0":4},"f":{"0":4},"b":{},"_coverageSchema":"1a1c01bbd47fc00a2c39e90264f33305004495a9","hash":"4cda7fe08cd2543a8dfc51b12208555963741cf8"}
,"C:\\Users\\abdel\\OneDrive\\Bureau\\Nouveau dossier\\Nouveau dossier\\Billed-app-FR-Front\\src\\views\\LoginUI.js": {"path":"C:\\Users\\abdel\\OneDrive\\Bureau\\Nouveau dossier\\Nouveau dossier\\Billed-app-FR-Front\\src\\views\\LoginUI.js","statementMap":{"0":{"start":{"line":2,"column":2},"end":{"line":44,"column":4}}},"fnMap":{"0":{"name":"(anonymous_0)","decl":{"start":{"line":1,"column":15},"end":{"line":1,"column":16}},"loc":{"start":{"line":1,"column":21},"end":{"line":45,"column":1}},"line":1}},"branchMap":{},"s":{"0":15},"f":{"0":15},"b":{},"_coverageSchema":"1a1c01bbd47fc00a2c39e90264f33305004495a9","hash":"83d17a65623812f5b99027b26767b7535ca7fab9"}
,"C:\\Users\\abdel\\OneDrive\\Bureau\\Nouveau dossier\\Nouveau dossier\\Billed-app-FR-Front\\src\\views\\NewBillUI.js": {"path":"C:\\Users\\abdel\\OneDrive\\Bureau\\Nouveau dossier\\Nouveau dossier\\Billed-app-FR-Front\\src\\views\\NewBillUI.js","statementMap":{"0":{"start":{"line":4,"column":2},"end":{"line":72,"column":4}}},"fnMap":{"0":{"name":"(anonymous_0)","decl":{"start":{"line":3,"column":15},"end":{"line":3,"column":16}},"loc":{"start":{"line":3,"column":21},"end":{"line":73,"column":1}},"line":3}},"branchMap":{},"s":{"0":7},"f":{"0":7},"b":{},"_coverageSchema":"1a1c01bbd47fc00a2c39e90264f33305004495a9","hash":"1af678b3a3e695ba52f24298c0813fc1664d88b2"}
,"C:\\Users\\abdel\\OneDrive\\Bureau\\Nouveau dossier\\Nouveau dossier\\Billed-app-FR-Front\\src\\views\\VerticalLayout.js": {"path":"C:\\Users\\abdel\\OneDrive\\Bureau\\Nouveau dossier\\Nouveau dossier\\Billed-app-FR-Front\\src\\views\\VerticalLayout.js","statementMap":{"0":{"start":{"line":7,"column":2},"end":{"line":7,"column":50}},"1":{"start":{"line":8,"column":2},"end":{"line":10,"column":3}},"2":{"start":{"line":9,"column":4},"end":{"line":9,"column":28}},"3":{"start":{"line":11,"column":2},"end":{"line":35,"column":3}},"4":{"start":{"line":12,"column":4},"end":{"line":25,"column":10}},"5":{"start":{"line":27,"column":4},"end":{"line":34,"column":10}}},"fnMap":{"0":{"name":"(anonymous_0)","decl":{"start":{"line":5,"column":15},"end":{"line":5,"column":16}},"loc":{"start":{"line":5,"column":27},"end":{"line":36,"column":1}},"line":5}},"branchMap":{"0":{"loc":{"start":{"line":8,"column":2},"end":{"line":10,"column":3}},"type":"if","locations":[{"start":{"line":8,"column":2},"end":{"line":10,"column":3}},{"start":{"line":8,"column":2},"end":{"line":10,"column":3}}],"line":8},"1":{"loc":{"start":{"line":11,"column":2},"end":{"line":35,"column":3}},"type":"if","locations":[{"start":{"line":11,"column":2},"end":{"line":35,"column":3}},{"start":{"line":11,"column":2},"end":{"line":35,"column":3}}],"line":11},"2":{"loc":{"start":{"line":11,"column":6},"end":{"line":11,"column":38}},"type":"binary-expr","locations":[{"start":{"line":11,"column":6},"end":{"line":11,"column":10}},{"start":{"line":11,"column":14},"end":{"line":11,"column":38}}],"line":11}},"s":{"0":36,"1":36,"2":13,"3":36,"4":18,"5":18},"f":{"0":36},"b":{"0":[13,23],"1":[18,18],"2":[36,24]},"_coverageSchema":"1a1c01bbd47fc00a2c39e90264f33305004495a9","hash":"4db732e19d2dc5acb613ba20962928fa336d1d90"}
}
