TN:
SF:src\constants\routes.js
FN:13,(anonymous_0)
FNF:1
FNH:1
FNDA:26,(anonymous_0)
DA:6,6
DA:13,6
DA:14,26
DA:16,3
DA:18,5
DA:20,7
DA:22,5
DA:24,6
LF:8
LH:8
BRDA:14,0,0,3
BRDA:14,0,1,5
BRDA:14,0,2,7
BRDA:14,0,3,5
BRDA:14,0,4,6
BRF:5
BRH:5
end_of_record
TN:
SF:src\constants\usersTest.js
FNF:0
FNH:0
LF:0
LH:0
BRF:0
BRH:0
end_of_record
TN:
SF:src\containers\Bills.js
FN:6,(anonymous_0)
FN:17,(anonymous_1)
FN:18,(anonymous_2)
FN:23,(anonymous_3)
FN:27,(anonymous_4)
FNF:5
FNH:5
FNDA:3,(anonymous_0)
FNDA:4,(anonymous_1)
FNDA:4,(anonymous_2)
FNDA:2,(anonymous_3)
FNDA:10,(anonymous_4)
DA:7,3
DA:8,3
DA:9,3
DA:10,3
DA:13,3
DA:14,2
DA:15,3
DA:16,3
DA:17,3
DA:18,4
DA:20,3
DA:23,3
DA:24,2
DA:27,3
DA:28,10
DA:29,8
DA:30,8
DA:35,8
DA:36,8
LF:19
LH:19
BRDA:13,0,0,2
BRDA:13,0,1,1
BRDA:16,1,0,3
BRDA:16,1,1,0
BRDA:35,2,0,8
BRDA:35,2,1,0
BRF:6
BRH:4
end_of_record
TN:
SF:src\containers\Dashboard.js
FN:8,(anonymous_0)
FN:10,(anonymous_1)
FN:29,(anonymous_2)
FN:58,(anonymous_3)
FN:59,(anonymous_4)
FN:62,(anonymous_5)
FN:74,(anonymous_6)
FN:79,(anonymous_7)
FN:80,(anonymous_8)
FN:81,(anonymous_9)
FN:87,(anonymous_10)
FN:99,(anonymous_11)
FN:111,(anonymous_12)
FN:129,(anonymous_13)
FN:130,(anonymous_14)
FN:133,(anonymous_15)
FN:143,(anonymous_16)
FN:153,(anonymous_17)
FN:155,(anonymous_18)
FN:192,(anonymous_19)
FN:193,(anonymous_20)
FN:224,(anonymous_21)
FN:229,(anonymous_22)
FNF:23
FNH:16
FNDA:27,(anonymous_0)
FNDA:24,(anonymous_1)
FNDA:8,(anonymous_2)
FNDA:5,(anonymous_3)
FNDA:8,(anonymous_4)
FNDA:3,(anonymous_5)
FNDA:5,(anonymous_6)
FNDA:0,(anonymous_7)
FNDA:0,(anonymous_8)
FNDA:0,(anonymous_9)
FNDA:1,(anonymous_10)
FNDA:2,(anonymous_11)
FNDA:4,(anonymous_12)
FNDA:0,(anonymous_13)
FNDA:0,(anonymous_14)
FNDA:1,(anonymous_15)
FNDA:1,(anonymous_16)
FNDA:4,(anonymous_17)
FNDA:16,(anonymous_18)
FNDA:16,(anonymous_19)
FNDA:0,(anonymous_20)
FNDA:2,(anonymous_21)
FNDA:0,(anonymous_22)
DA:8,6
DA:9,27
DA:14,24
DA:15,24
DA:18,0
DA:19,0
DA:24,24
DA:29,6
DA:30,8
DA:31,8
DA:34,8
DA:38,8
DA:58,6
DA:59,8
DA:62,6
DA:63,3
DA:65,1
DA:67,1
DA:69,1
DA:75,5
DA:76,5
DA:77,5
DA:79,5
DA:80,5
DA:81,5
DA:83,5
DA:84,5
DA:87,5
DA:88,1
DA:89,1
DA:90,1
DA:95,1
DA:96,0
DA:100,2
DA:102,1
DA:104,2
DA:106,1
DA:109,2
DA:111,1
DA:112,4
DA:114,1
DA:115,1
DA:116,1
DA:117,1
DA:120,1
DA:122,1
DA:125,1
DA:126,1
DA:128,2
DA:129,2
DA:130,2
DA:133,5
DA:134,1
DA:139,1
DA:140,1
DA:143,5
DA:144,1
DA:149,1
DA:150,1
DA:155,4
DA:163,16
DA:167,4
DA:168,4
DA:169,3
DA:172,4
DA:173,3
DA:174,3
DA:177,3
DA:179,1
DA:180,1
DA:181,1
DA:192,4
DA:193,16
DA:196,0
DA:200,4
DA:224,5
DA:225,2
DA:226,0
DA:229,0
LF:79
LH:73
BRDA:9,0,0,6
BRDA:9,0,1,21
BRDA:9,1,0,27
BRDA:9,1,1,6
BRDA:14,2,0,24
BRDA:14,2,1,0
BRDA:20,3,0,0
BRDA:20,3,1,0
BRDA:31,4,0,0
BRDA:31,4,1,8
BRDA:34,5,0,0
BRDA:34,5,1,8
BRDA:59,6,0,4
BRDA:59,6,1,1
BRDA:59,7,0,5
BRDA:59,7,1,5
BRDA:63,8,0,1
BRDA:63,8,1,1
BRDA:63,8,2,1
BRDA:95,9,0,0
BRDA:95,9,1,1
BRDA:100,10,0,1
BRDA:100,10,1,1
BRDA:100,11,0,2
BRDA:100,11,1,1
BRDA:104,12,0,1
BRDA:104,12,1,1
BRDA:104,13,0,2
BRDA:104,13,1,1
BRDA:109,14,0,1
BRDA:109,14,1,1
BRDA:167,15,0,3
BRDA:167,15,1,1
BRDA:167,16,0,4
BRDA:167,16,1,3
BRDA:168,17,0,3
BRDA:168,17,1,1
BRDA:168,18,0,4
BRDA:168,18,1,3
BRDA:172,19,0,3
BRDA:172,19,1,1
BRDA:225,20,0,0
BRDA:225,20,1,2
BRF:43
BRH:36
end_of_record
TN:
SF:src\containers\Login.js
FN:6,(anonymous_0)
FN:27,(anonymous_1)
FN:40,(anonymous_2)
FN:41,(anonymous_3)
FN:50,(anonymous_4)
FN:63,(anonymous_5)
FN:64,(anonymous_6)
FNF:7
FNH:5
FNDA:2,(anonymous_0)
FNDA:2,(anonymous_1)
FNDA:0,(anonymous_2)
FNDA:2,(anonymous_3)
FNDA:2,(anonymous_4)
FNDA:0,(anonymous_5)
FNDA:2,(anonymous_6)
DA:2,3
DA:13,2
DA:14,2
DA:15,2
DA:16,2
DA:17,2
DA:18,2
DA:21,2
DA:22,2
DA:25,2
DA:27,2
DA:28,2
DA:29,2
DA:38,2
DA:39,2
DA:40,0
DA:42,2
DA:43,2
DA:44,2
DA:45,2
DA:50,2
DA:51,2
DA:52,2
DA:61,2
DA:62,2
DA:63,0
DA:65,2
DA:66,2
DA:67,2
DA:68,2
LF:30
LH:28
BRF:0
BRH:0
end_of_record
TN:
SF:src\containers\Logout.js
FN:4,(anonymous_0)
FN:11,(anonymous_1)
FNF:2
FNH:2
FNDA:15,(anonymous_0)
FNDA:2,(anonymous_1)
DA:5,15
DA:6,15
DA:7,15
DA:8,15
DA:11,15
DA:12,2
DA:13,2
LF:7
LH:7
BRF:0
BRH:0
end_of_record
TN:
SF:src\containers\NewBill.js
FN:5,(anonymous_0)
FN:21,(anonymous_1)
FN:38,(anonymous_2)
FN:102,(anonymous_3)
FN:108,(anonymous_4)
FN:111,(anonymous_5)
FNF:6
FNH:5
FNDA:6,(anonymous_0)
FNDA:8,(anonymous_1)
FNDA:8,(anonymous_2)
FNDA:6,(anonymous_3)
FNDA:2,(anonymous_4)
FNDA:0,(anonymous_5)
DA:6,6
DA:7,6
DA:8,6
DA:9,6
DA:12,6
DA:13,6
DA:14,6
DA:15,6
DA:16,6
DA:17,6
DA:18,6
DA:19,6
DA:21,6
DA:22,8
DA:24,8
DA:26,8
DA:27,8
DA:34,8
DA:36,8
DA:38,8
DA:41,8
DA:44,8
DA:45,8
DA:46,8
DA:50,8
DA:51,32
DA:52,32
DA:54,8
DA:57,5
DA:58,5
DA:64,0
DA:65,0
DA:67,3
DA:68,3
DA:71,8
DA:72,3
DA:73,3
DA:75,3
DA:76,3
DA:79,5
DA:80,5
DA:84,8
DA:88,8
DA:89,8
DA:90,8
DA:91,8
DA:94,8
DA:104,6
DA:105,6
DA:106,6
DA:108,2
DA:111,6
DA:112,0
DA:114,0
DA:115,0
DA:135,0
DA:136,0
LF:57
LH:50
BRDA:54,0,0,5
BRDA:54,0,1,0
BRDA:54,0,2,0
BRDA:54,0,3,0
BRDA:54,0,4,0
BRDA:54,0,5,0
BRDA:54,0,6,3
BRDA:71,1,0,3
BRDA:71,1,1,5
BRDA:71,2,0,8
BRDA:71,2,1,8
BRDA:127,3,0,0
BRDA:127,3,1,0
BRF:13
BRH:6
end_of_record
TN:
SF:src\views\Actions.js
FN:4,(anonymous_0)
FNF:1
FNH:1
FNDA:10,(anonymous_0)
DA:5,10
LF:1
LH:1
BRF:0
BRH:0
end_of_record
TN:
SF:src\views\BillsUI.js
FN:7,(anonymous_0)
FN:23,(anonymous_1)
FN:26,(anonymous_2)
FN:30,(anonymous_3)
FN:34,(anonymous_4)
FN:35,(anonymous_5)
FNF:6
FNH:6
FNDA:8,(anonymous_0)
FNDA:6,(anonymous_1)
FNDA:9,(anonymous_2)
FNDA:8,(anonymous_3)
FNDA:14,(anonymous_4)
FNDA:6,(anonymous_5)
DA:7,6
DA:8,8
DA:23,6
DA:25,6
DA:26,9
DA:29,6
DA:30,8
DA:35,14
DA:52,14
DA:53,2
DA:54,12
DA:55,6
DA:58,6
LF:13
LH:13
BRDA:25,0,0,2
BRDA:25,0,1,4
BRDA:25,1,0,6
BRDA:25,1,1,4
BRDA:29,2,0,2
BRDA:29,2,1,4
BRDA:29,3,0,6
BRDA:29,3,1,4
BRDA:52,4,0,2
BRDA:52,4,1,12
BRDA:54,5,0,6
BRDA:54,5,1,6
BRF:12
BRH:12
end_of_record
TN:
SF:src\views\DashboardFormUI.js
FN:7,(anonymous_0)
FN:24,(anonymous_1)
FNF:2
FNH:2
FNDA:8,(anonymous_0)
FNDA:8,(anonymous_1)
DA:7,8
DA:25,8
LF:2
LH:2
BRDA:83,0,0,5
BRDA:83,0,1,3
BRDA:100,1,0,5
BRDA:100,1,1,3
BRF:4
BRH:4
end_of_record
TN:
SF:src\views\DashboardUI.js
FN:8,(anonymous_0)
FNF:1
FNH:1
FNDA:11,(anonymous_0)
DA:9,11
DA:10,1
DA:11,10
DA:12,3
DA:15,7
LF:5
LH:5
BRDA:9,0,0,1
BRDA:9,0,1,10
BRDA:11,1,0,3
BRDA:11,1,1,7
BRDA:22,2,0,7
BRDA:22,2,1,2
BRDA:31,3,0,7
BRDA:31,3,1,2
BRDA:40,4,0,7
BRDA:40,4,1,2
BRF:10
BRH:10
end_of_record
TN:
SF:src\views\ErrorPage.js
FN:3,(anonymous_0)
FNF:1
FNH:1
FNDA:11,(anonymous_0)
DA:4,11
LF:1
LH:1
BRDA:12,0,0,10
BRDA:12,0,1,1
BRF:2
BRH:2
end_of_record
TN:
SF:src\views\LoadingPage.js
FN:3,(anonymous_0)
FNF:1
FNH:1
FNDA:4,(anonymous_0)
DA:4,4
LF:1
LH:1
BRF:0
BRH:0
end_of_record
TN:
SF:src\views\LoginUI.js
FN:1,(anonymous_0)
FNF:1
FNH:1
FNDA:15,(anonymous_0)
DA:2,15
LF:1
LH:1
BRF:0
BRH:0
end_of_record
TN:
SF:src\views\NewBillUI.js
FN:3,(anonymous_0)
FNF:1
FNH:1
FNDA:7,(anonymous_0)
DA:4,7
LF:1
LH:1
BRF:0
BRH:0
end_of_record
TN:
SF:src\views\VerticalLayout.js
FN:5,(anonymous_0)
FNF:1
FNH:1
FNDA:36,(anonymous_0)
DA:7,36
DA:8,36
DA:9,13
DA:11,36
DA:12,18
DA:27,18
LF:6
LH:6
BRDA:8,0,0,13
BRDA:8,0,1,23
BRDA:11,1,0,18
BRDA:11,1,1,18
BRDA:11,2,0,36
BRDA:11,2,1,24
BRF:6
BRH:6
end_of_record
