{"C:\\Users\\allge\\OneDrive\\Bureau\\Billed-app-FR-Front-main\\Billed-app-FR-Front-main\\src\\constants\\routes.js": {"path":"C:\\Users\\allge\\OneDrive\\Bureau\\Billed-app-FR-Front-main\\Billed-app-FR-Front-main\\src\\constants\\routes.js","statementMap":{"0":{"start":{"line":6,"column":27},"end":{"line":11,"column":1}},"1":{"start":{"line":13,"column":22},"end":{"line":27,"column":1}},"2":{"start":{"line":15,"column":2},"end":{"line":26,"column":3}},"3":{"start":{"line":17,"column":6},"end":{"line":17,"column":46}},"4":{"start":{"line":19,"column":6},"end":{"line":19,"column":46}},"5":{"start":{"line":21,"column":6},"end":{"line":21,"column":24}},"6":{"start":{"line":23,"column":6},"end":{"line":23,"column":50}},"7":{"start":{"line":25,"column":6},"end":{"line":25,"column":46}}},"fnMap":{"0":{"name":"(anonymous_0)","decl":{"start":{"line":13,"column":22},"end":{"line":13,"column":23}},"loc":{"start":{"line":13,"column":62},"end":{"line":27,"column":1}},"line":13}},"branchMap":{"0":{"loc":{"start":{"line":15,"column":2},"end":{"line":26,"column":3}},"type":"switch","locations":[{"start":{"line":16,"column":4},"end":{"line":17,"column":46}},{"start":{"line":18,"column":4},"end":{"line":19,"column":46}},{"start":{"line":20,"column":4},"end":{"line":21,"column":24}},{"start":{"line":22,"column":4},"end":{"line":23,"column":50}},{"start":{"line":24,"column":4},"end":{"line":25,"column":46}}],"line":15}},"s":{"0":6,"1":6,"2":16,"3":3,"4":4,"5":3,"6":5,"7":1},"f":{"0":16},"b":{"0":[3,4,3,5,1]},"_coverageSchema":"1a1c01bbd47fc00a2c39e90264f33305004495a9","hash":"3425933dd9f348621e794e4ac2d8286c79978fbf"}
,"C:\\Users\\allge\\OneDrive\\Bureau\\Billed-app-FR-Front-main\\Billed-app-FR-Front-main\\src\\constants\\usersTest.js": {"path":"C:\\Users\\allge\\OneDrive\\Bureau\\Billed-app-FR-Front-main\\Billed-app-FR-Front-main\\src\\constants\\usersTest.js","statementMap":{},"fnMap":{},"branchMap":{},"s":{},"f":{},"b":{},"_coverageSchema":"1a1c01bbd47fc00a2c39e90264f33305004495a9","hash":"a988e27e867887ff2d7fa1b598a4d559293d18ec"}
,"C:\\Users\\allge\\OneDrive\\Bureau\\Billed-app-FR-Front-main\\Billed-app-FR-Front-main\\src\\containers\\Bills.js": {"path":"C:\\Users\\allge\\OneDrive\\Bureau\\Billed-app-FR-Front-main\\Billed-app-FR-Front-main\\src\\containers\\Bills.js","statementMap":{"0":{"start":{"line":9,"column":4},"end":{"line":9,"column":28}},"1":{"start":{"line":10,"column":4},"end":{"line":10,"column":32}},"2":{"start":{"line":11,"column":4},"end":{"line":11,"column":30}},"3":{"start":{"line":12,"column":26},"end":{"line":12,"column":86}},"4":{"start":{"line":13,"column":4},"end":{"line":13,"column":87}},"5":{"start":{"line":13,"column":23},"end":{"line":13,"column":87}},"6":{"start":{"line":14,"column":20},"end":{"line":14,"column":76}},"7":{"start":{"line":15,"column":4},"end":{"line":17,"column":6}},"8":{"start":{"line":15,"column":17},"end":{"line":17,"column":6}},"9":{"start":{"line":16,"column":6},"end":{"line":16,"column":74}},"10":{"start":{"line":16,"column":44},"end":{"line":16,"column":73}},"11":{"start":{"line":18,"column":4},"end":{"line":18,"column":54}},"12":{"start":{"line":21,"column":23},"end":{"line":23,"column":3}},"13":{"start":{"line":22,"column":4},"end":{"line":22,"column":43}},"14":{"start":{"line":25,"column":23},"end":{"line":30,"column":3}},"15":{"start":{"line":26,"column":20},"end":{"line":26,"column":54}},"16":{"start":{"line":27,"column":21},"end":{"line":27,"column":63}},"17":{"start":{"line":28,"column":4},"end":{"line":28,"column":128}},"18":{"start":{"line":29,"column":4},"end":{"line":29,"column":34}},"19":{"start":{"line":34,"column":13},"end":{"line":71,"column":3}},"20":{"start":{"line":35,"column":22},"end":{"line":36,"column":57}},"21":{"start":{"line":37,"column":4},"end":{"line":70,"column":5}},"22":{"start":{"line":38,"column":6},"end":{"line":69,"column":28}},"23":{"start":{"line":42,"column":22},"end":{"line":65,"column":51}},"24":{"start":{"line":44,"column":12},"end":{"line":59,"column":13}},"25":{"start":{"line":45,"column":14},"end":{"line":49,"column":15}},"26":{"start":{"line":54,"column":14},"end":{"line":58,"column":15}},"27":{"start":{"line":61,"column":26},"end":{"line":61,"column":50}},"28":{"start":{"line":63,"column":26},"end":{"line":63,"column":82}},"29":{"start":{"line":65,"column":26},"end":{"line":65,"column":50}},"30":{"start":{"line":66,"column":8},"end":{"line":66,"column":20}},"31":{"start":{"line":69,"column":22},"end":{"line":69,"column":27}}},"fnMap":{"0":{"name":"(anonymous_0)","decl":{"start":{"line":8,"column":2},"end":{"line":8,"column":3}},"loc":{"start":{"line":8,"column":65},"end":{"line":19,"column":3}},"line":8},"1":{"name":"(anonymous_1)","decl":{"start":{"line":15,"column":33},"end":{"line":15,"column":34}},"loc":{"start":{"line":15,"column":41},"end":{"line":17,"column":5}},"line":15},"2":{"name":"(anonymous_2)","decl":{"start":{"line":16,"column":37},"end":{"line":16,"column":38}},"loc":{"start":{"line":16,"column":44},"end":{"line":16,"column":73}},"line":16},"3":{"name":"(anonymous_3)","decl":{"start":{"line":21,"column":23},"end":{"line":21,"column":24}},"loc":{"start":{"line":21,"column":28},"end":{"line":23,"column":3}},"line":21},"4":{"name":"(anonymous_4)","decl":{"start":{"line":25,"column":23},"end":{"line":25,"column":24}},"loc":{"start":{"line":25,"column":33},"end":{"line":30,"column":3}},"line":25},"5":{"name":"(anonymous_5)","decl":{"start":{"line":34,"column":13},"end":{"line":34,"column":14}},"loc":{"start":{"line":34,"column":19},"end":{"line":71,"column":3}},"line":34},"6":{"name":"(anonymous_6)","decl":{"start":{"line":41,"column":12},"end":{"line":41,"column":13}},"loc":{"start":{"line":41,"column":24},"end":{"line":67,"column":7}},"line":41},"7":{"name":"(anonymous_7)","decl":{"start":{"line":43,"column":15},"end":{"line":43,"column":16}},"loc":{"start":{"line":43,"column":22},"end":{"line":60,"column":11}},"line":43},"8":{"name":"(anonymous_8)","decl":{"start":{"line":61,"column":18},"end":{"line":61,"column":19}},"loc":{"start":{"line":61,"column":26},"end":{"line":61,"column":50}},"line":61},"9":{"name":"(anonymous_9)","decl":{"start":{"line":63,"column":18},"end":{"line":63,"column":19}},"loc":{"start":{"line":63,"column":26},"end":{"line":63,"column":82}},"line":63},"10":{"name":"(anonymous_10)","decl":{"start":{"line":65,"column":18},"end":{"line":65,"column":19}},"loc":{"start":{"line":65,"column":26},"end":{"line":65,"column":50}},"line":65},"11":{"name":"(anonymous_11)","decl":{"start":{"line":69,"column":13},"end":{"line":69,"column":14}},"loc":{"start":{"line":69,"column":22},"end":{"line":69,"column":27}},"line":69}},"branchMap":{"0":{"loc":{"start":{"line":13,"column":4},"end":{"line":13,"column":87}},"type":"if","locations":[{"start":{"line":13,"column":4},"end":{"line":13,"column":87}},{"start":{"line":13,"column":4},"end":{"line":13,"column":87}}],"line":13},"1":{"loc":{"start":{"line":15,"column":4},"end":{"line":17,"column":6}},"type":"if","locations":[{"start":{"line":15,"column":4},"end":{"line":17,"column":6}},{"start":{"line":15,"column":4},"end":{"line":17,"column":6}}],"line":15},"2":{"loc":{"start":{"line":35,"column":22},"end":{"line":36,"column":57}},"type":"cond-expr","locations":[{"start":{"line":36,"column":6},"end":{"line":36,"column":52}},{"start":{"line":36,"column":55},"end":{"line":36,"column":57}}],"line":35},"3":{"loc":{"start":{"line":37,"column":4},"end":{"line":70,"column":5}},"type":"if","locations":[{"start":{"line":37,"column":4},"end":{"line":70,"column":5}},{"start":{"line":37,"column":4},"end":{"line":70,"column":5}}],"line":37}},"s":{"0":2,"1":2,"2":2,"3":2,"4":2,"5":2,"6":2,"7":2,"8":2,"9":8,"10":4,"11":2,"12":2,"13":2,"14":2,"15":8,"16":8,"17":8,"18":8,"19":2,"20":0,"21":0,"22":0,"23":0,"24":0,"25":0,"26":0,"27":0,"28":0,"29":0,"30":0,"31":0},"f":{"0":2,"1":8,"2":4,"3":2,"4":8,"5":0,"6":0,"7":0,"8":0,"9":0,"10":0,"11":0},"b":{"0":[2,0],"1":[2,0],"2":[0,0],"3":[0,0]},"_coverageSchema":"1a1c01bbd47fc00a2c39e90264f33305004495a9","hash":"69ce65a1b5ec6f866f615ddc50f4b3ecc88daf2f"}
,"C:\\Users\\allge\\OneDrive\\Bureau\\Billed-app-FR-Front-main\\Billed-app-FR-Front-main\\src\\containers\\Dashboard.js": {"path":"C:\\Users\\allge\\OneDrive\\Bureau\\Billed-app-FR-Front-main\\Billed-app-FR-Front-main\\src\\containers\\Dashboard.js","statementMap":{"0":{"start":{"line":9,"column":29},"end":{"line":33,"column":1}},"1":{"start":{"line":10,"column":2},"end":{"line":32,"column":8}},"2":{"start":{"line":16,"column":6},"end":{"line":24,"column":7}},"3":{"start":{"line":17,"column":8},"end":{"line":17,"column":50}},"4":{"start":{"line":20,"column":26},"end":{"line":20,"column":72}},"5":{"start":{"line":21,"column":8},"end":{"line":23,"column":57}},"6":{"start":{"line":26,"column":6},"end":{"line":26,"column":28}},"7":{"start":{"line":29,"column":20},"end":{"line":29,"column":44}},"8":{"start":{"line":31,"column":20},"end":{"line":31,"column":69}},"9":{"start":{"line":35,"column":20},"end":{"line":57,"column":1}},"10":{"start":{"line":36,"column":28},"end":{"line":36,"column":52}},"11":{"start":{"line":37,"column":20},"end":{"line":38,"column":40}},"12":{"start":{"line":39,"column":19},"end":{"line":40,"column":53}},"13":{"start":{"line":41,"column":2},"end":{"line":56,"column":4}},"14":{"start":{"line":59,"column":21},"end":{"line":61,"column":1}},"15":{"start":{"line":60,"column":2},"end":{"line":60,"column":76}},"16":{"start":{"line":60,"column":51},"end":{"line":60,"column":61}},"17":{"start":{"line":63,"column":25},"end":{"line":72,"column":1}},"18":{"start":{"line":64,"column":2},"end":{"line":71,"column":3}},"19":{"start":{"line":66,"column":6},"end":{"line":66,"column":22}},"20":{"start":{"line":68,"column":6},"end":{"line":68,"column":23}},"21":{"start":{"line":70,"column":6},"end":{"line":70,"column":22}},"22":{"start":{"line":76,"column":4},"end":{"line":76,"column":28}},"23":{"start":{"line":77,"column":4},"end":{"line":77,"column":32}},"24":{"start":{"line":78,"column":4},"end":{"line":78,"column":30}},"25":{"start":{"line":79,"column":4},"end":{"line":79,"column":71}},"26":{"start":{"line":79,"column":35},"end":{"line":79,"column":70}},"27":{"start":{"line":80,"column":4},"end":{"line":80,"column":71}},"28":{"start":{"line":80,"column":35},"end":{"line":80,"column":70}},"29":{"start":{"line":81,"column":4},"end":{"line":81,"column":71}},"30":{"start":{"line":81,"column":35},"end":{"line":81,"column":70}},"31":{"start":{"line":82,"column":4},"end":{"line":82,"column":27}},"32":{"start":{"line":83,"column":4},"end":{"line":83,"column":44}},"33":{"start":{"line":86,"column":23},"end":{"line":91,"column":3}},"34":{"start":{"line":87,"column":20},"end":{"line":87,"column":58}},"35":{"start":{"line":88,"column":21},"end":{"line":88,"column":69}},"36":{"start":{"line":89,"column":4},"end":{"line":89,"column":134}},"37":{"start":{"line":90,"column":4},"end":{"line":90,"column":96}},"38":{"start":{"line":90,"column":60},"end":{"line":90,"column":96}},"39":{"start":{"line":94,"column":4},"end":{"line":94,"column":75}},"40":{"start":{"line":94,"column":59},"end":{"line":94,"column":75}},"41":{"start":{"line":95,"column":4},"end":{"line":95,"column":71}},"42":{"start":{"line":95,"column":54},"end":{"line":95,"column":71}},"43":{"start":{"line":96,"column":4},"end":{"line":112,"column":5}},"44":{"start":{"line":97,"column":6},"end":{"line":99,"column":8}},"45":{"start":{"line":98,"column":8},"end":{"line":98,"column":61}},"46":{"start":{"line":100,"column":6},"end":{"line":100,"column":62}},"47":{"start":{"line":101,"column":6},"end":{"line":101,"column":69}},"48":{"start":{"line":102,"column":6},"end":{"line":102,"column":52}},"49":{"start":{"line":105,"column":6},"end":{"line":105,"column":62}},"50":{"start":{"line":107,"column":6},"end":{"line":109,"column":8}},"51":{"start":{"line":110,"column":6},"end":{"line":110,"column":52}},"52":{"start":{"line":111,"column":6},"end":{"line":111,"column":21}},"53":{"start":{"line":113,"column":4},"end":{"line":113,"column":51}},"54":{"start":{"line":114,"column":4},"end":{"line":114,"column":72}},"55":{"start":{"line":114,"column":39},"end":{"line":114,"column":71}},"56":{"start":{"line":115,"column":4},"end":{"line":115,"column":72}},"57":{"start":{"line":115,"column":39},"end":{"line":115,"column":71}},"58":{"start":{"line":118,"column":23},"end":{"line":126,"column":3}},"59":{"start":{"line":119,"column":20},"end":{"line":123,"column":5}},"60":{"start":{"line":124,"column":4},"end":{"line":124,"column":28}},"61":{"start":{"line":125,"column":4},"end":{"line":125,"column":45}},"62":{"start":{"line":128,"column":23},"end":{"line":136,"column":3}},"63":{"start":{"line":129,"column":20},"end":{"line":133,"column":5}},"64":{"start":{"line":134,"column":4},"end":{"line":134,"column":28}},"65":{"start":{"line":135,"column":4},"end":{"line":135,"column":45}},"66":{"start":{"line":139,"column":4},"end":{"line":139,"column":76}},"67":{"start":{"line":139,"column":60},"end":{"line":139,"column":76}},"68":{"start":{"line":140,"column":4},"end":{"line":140,"column":76}},"69":{"start":{"line":140,"column":58},"end":{"line":140,"column":76}},"70":{"start":{"line":141,"column":4},"end":{"line":151,"column":5}},"71":{"start":{"line":142,"column":6},"end":{"line":142,"column":69}},"72":{"start":{"line":143,"column":6},"end":{"line":144,"column":65}},"73":{"start":{"line":145,"column":6},"end":{"line":145,"column":21}},"74":{"start":{"line":147,"column":6},"end":{"line":147,"column":70}},"75":{"start":{"line":148,"column":6},"end":{"line":149,"column":17}},"76":{"start":{"line":150,"column":6},"end":{"line":150,"column":21}},"77":{"start":{"line":153,"column":4},"end":{"line":155,"column":6}},"78":{"start":{"line":154,"column":6},"end":{"line":154,"column":83}},"79":{"start":{"line":154,"column":45},"end":{"line":154,"column":82}},"80":{"start":{"line":157,"column":4},"end":{"line":157,"column":16}},"81":{"start":{"line":162,"column":21},"end":{"line":179,"column":3}},"82":{"start":{"line":163,"column":4},"end":{"line":178,"column":5}},"83":{"start":{"line":164,"column":6},"end":{"line":177,"column":25}},"84":{"start":{"line":168,"column":22},"end":{"line":174,"column":11}},"85":{"start":{"line":169,"column":21},"end":{"line":174,"column":9}},"86":{"start":{"line":175,"column":8},"end":{"line":175,"column":20}},"87":{"start":{"line":182,"column":15},"end":{"line":190,"column":3}},"88":{"start":{"line":183,"column":4},"end":{"line":189,"column":5}},"89":{"start":{"line":184,"column":4},"end":{"line":188,"column":25}},"90":{"start":{"line":187,"column":20},"end":{"line":187,"column":24}}},"fnMap":{"0":{"name":"(anonymous_0)","decl":{"start":{"line":9,"column":29},"end":{"line":9,"column":30}},"loc":{"start":{"line":9,"column":47},"end":{"line":33,"column":1}},"line":9},"1":{"name":"(anonymous_1)","decl":{"start":{"line":11,"column":16},"end":{"line":11,"column":17}},"loc":{"start":{"line":11,"column":24},"end":{"line":27,"column":5}},"line":11},"2":{"name":"(anonymous_2)","decl":{"start":{"line":29,"column":12},"end":{"line":29,"column":13}},"loc":{"start":{"line":29,"column":20},"end":{"line":29,"column":44}},"line":29},"3":{"name":"(anonymous_3)","decl":{"start":{"line":31,"column":12},"end":{"line":31,"column":13}},"loc":{"start":{"line":31,"column":20},"end":{"line":31,"column":69}},"line":31},"4":{"name":"(anonymous_4)","decl":{"start":{"line":35,"column":20},"end":{"line":35,"column":21}},"loc":{"start":{"line":35,"column":30},"end":{"line":57,"column":1}},"line":35},"5":{"name":"(anonymous_5)","decl":{"start":{"line":59,"column":21},"end":{"line":59,"column":22}},"loc":{"start":{"line":59,"column":32},"end":{"line":61,"column":1}},"line":59},"6":{"name":"(anonymous_6)","decl":{"start":{"line":60,"column":43},"end":{"line":60,"column":44}},"loc":{"start":{"line":60,"column":51},"end":{"line":60,"column":61}},"line":60},"7":{"name":"(anonymous_7)","decl":{"start":{"line":63,"column":25},"end":{"line":63,"column":26}},"loc":{"start":{"line":63,"column":36},"end":{"line":72,"column":1}},"line":63},"8":{"name":"(anonymous_8)","decl":{"start":{"line":75,"column":2},"end":{"line":75,"column":3}},"loc":{"start":{"line":75,"column":72},"end":{"line":84,"column":3}},"line":75},"9":{"name":"(anonymous_9)","decl":{"start":{"line":79,"column":28},"end":{"line":79,"column":29}},"loc":{"start":{"line":79,"column":35},"end":{"line":79,"column":70}},"line":79},"10":{"name":"(anonymous_10)","decl":{"start":{"line":80,"column":28},"end":{"line":80,"column":29}},"loc":{"start":{"line":80,"column":35},"end":{"line":80,"column":70}},"line":80},"11":{"name":"(anonymous_11)","decl":{"start":{"line":81,"column":28},"end":{"line":81,"column":29}},"loc":{"start":{"line":81,"column":35},"end":{"line":81,"column":70}},"line":81},"12":{"name":"(anonymous_12)","decl":{"start":{"line":86,"column":23},"end":{"line":86,"column":24}},"loc":{"start":{"line":86,"column":29},"end":{"line":91,"column":3}},"line":86},"13":{"name":"(anonymous_13)","decl":{"start":{"line":93,"column":2},"end":{"line":93,"column":3}},"loc":{"start":{"line":93,"column":35},"end":{"line":116,"column":3}},"line":93},"14":{"name":"(anonymous_14)","decl":{"start":{"line":97,"column":20},"end":{"line":97,"column":21}},"loc":{"start":{"line":97,"column":25},"end":{"line":99,"column":7}},"line":97},"15":{"name":"(anonymous_15)","decl":{"start":{"line":114,"column":32},"end":{"line":114,"column":33}},"loc":{"start":{"line":114,"column":39},"end":{"line":114,"column":71}},"line":114},"16":{"name":"(anonymous_16)","decl":{"start":{"line":115,"column":32},"end":{"line":115,"column":33}},"loc":{"start":{"line":115,"column":39},"end":{"line":115,"column":71}},"line":115},"17":{"name":"(anonymous_17)","decl":{"start":{"line":118,"column":23},"end":{"line":118,"column":24}},"loc":{"start":{"line":118,"column":36},"end":{"line":126,"column":3}},"line":118},"18":{"name":"(anonymous_18)","decl":{"start":{"line":128,"column":23},"end":{"line":128,"column":24}},"loc":{"start":{"line":128,"column":36},"end":{"line":136,"column":3}},"line":128},"19":{"name":"(anonymous_19)","decl":{"start":{"line":138,"column":2},"end":{"line":138,"column":3}},"loc":{"start":{"line":138,"column":37},"end":{"line":159,"column":3}},"line":138},"20":{"name":"(anonymous_20)","decl":{"start":{"line":153,"column":18},"end":{"line":153,"column":19}},"loc":{"start":{"line":153,"column":26},"end":{"line":155,"column":5}},"line":153},"21":{"name":"(anonymous_21)","decl":{"start":{"line":154,"column":38},"end":{"line":154,"column":39}},"loc":{"start":{"line":154,"column":45},"end":{"line":154,"column":82}},"line":154},"22":{"name":"(anonymous_22)","decl":{"start":{"line":162,"column":21},"end":{"line":162,"column":22}},"loc":{"start":{"line":162,"column":27},"end":{"line":179,"column":3}},"line":162},"23":{"name":"(anonymous_23)","decl":{"start":{"line":167,"column":12},"end":{"line":167,"column":13}},"loc":{"start":{"line":167,"column":24},"end":{"line":176,"column":7}},"line":167},"24":{"name":"(anonymous_24)","decl":{"start":{"line":169,"column":13},"end":{"line":169,"column":14}},"loc":{"start":{"line":169,"column":21},"end":{"line":174,"column":9}},"line":169},"25":{"name":"(anonymous_25)","decl":{"start":{"line":182,"column":15},"end":{"line":182,"column":16}},"loc":{"start":{"line":182,"column":25},"end":{"line":190,"column":3}},"line":182},"26":{"name":"(anonymous_26)","decl":{"start":{"line":187,"column":12},"end":{"line":187,"column":13}},"loc":{"start":{"line":187,"column":20},"end":{"line":187,"column":24}},"line":187}},"branchMap":{"0":{"loc":{"start":{"line":10,"column":9},"end":{"line":32,"column":8}},"type":"cond-expr","locations":[{"start":{"line":11,"column":4},"end":{"line":31,"column":70}},{"start":{"line":32,"column":6},"end":{"line":32,"column":8}}],"line":10},"1":{"loc":{"start":{"line":10,"column":10},"end":{"line":10,"column":29}},"type":"binary-expr","locations":[{"start":{"line":10,"column":10},"end":{"line":10,"column":14}},{"start":{"line":10,"column":18},"end":{"line":10,"column":29}}],"line":10},"2":{"loc":{"start":{"line":16,"column":6},"end":{"line":24,"column":7}},"type":"if","locations":[{"start":{"line":16,"column":6},"end":{"line":24,"column":7}},{"start":{"line":16,"column":6},"end":{"line":24,"column":7}}],"line":16},"3":{"loc":{"start":{"line":22,"column":10},"end":{"line":23,"column":57}},"type":"binary-expr","locations":[{"start":{"line":22,"column":11},"end":{"line":22,"column":33}},{"start":{"line":23,"column":10},"end":{"line":23,"column":57}}],"line":22},"4":{"loc":{"start":{"line":37,"column":20},"end":{"line":38,"column":40}},"type":"cond-expr","locations":[{"start":{"line":38,"column":4},"end":{"line":38,"column":35}},{"start":{"line":38,"column":38},"end":{"line":38,"column":40}}],"line":37},"5":{"loc":{"start":{"line":39,"column":19},"end":{"line":40,"column":53}},"type":"cond-expr","locations":[{"start":{"line":40,"column":2},"end":{"line":40,"column":33}},{"start":{"line":40,"column":36},"end":{"line":40,"column":53}}],"line":39},"6":{"loc":{"start":{"line":60,"column":9},"end":{"line":60,"column":76}},"type":"cond-expr","locations":[{"start":{"line":60,"column":33},"end":{"line":60,"column":71}},{"start":{"line":60,"column":74},"end":{"line":60,"column":76}}],"line":60},"7":{"loc":{"start":{"line":60,"column":9},"end":{"line":60,"column":30}},"type":"binary-expr","locations":[{"start":{"line":60,"column":9},"end":{"line":60,"column":14}},{"start":{"line":60,"column":18},"end":{"line":60,"column":30}}],"line":60},"8":{"loc":{"start":{"line":64,"column":2},"end":{"line":71,"column":3}},"type":"switch","locations":[{"start":{"line":65,"column":4},"end":{"line":66,"column":22}},{"start":{"line":67,"column":4},"end":{"line":68,"column":23}},{"start":{"line":69,"column":4},"end":{"line":70,"column":22}}],"line":64},"9":{"loc":{"start":{"line":90,"column":4},"end":{"line":90,"column":96}},"type":"if","locations":[{"start":{"line":90,"column":4},"end":{"line":90,"column":96}},{"start":{"line":90,"column":4},"end":{"line":90,"column":96}}],"line":90},"10":{"loc":{"start":{"line":94,"column":4},"end":{"line":94,"column":75}},"type":"if","locations":[{"start":{"line":94,"column":4},"end":{"line":94,"column":75}},{"start":{"line":94,"column":4},"end":{"line":94,"column":75}}],"line":94},"11":{"loc":{"start":{"line":94,"column":8},"end":{"line":94,"column":57}},"type":"binary-expr","locations":[{"start":{"line":94,"column":8},"end":{"line":94,"column":34}},{"start":{"line":94,"column":38},"end":{"line":94,"column":57}}],"line":94},"12":{"loc":{"start":{"line":95,"column":4},"end":{"line":95,"column":71}},"type":"if","locations":[{"start":{"line":95,"column":4},"end":{"line":95,"column":71}},{"start":{"line":95,"column":4},"end":{"line":95,"column":71}}],"line":95},"13":{"loc":{"start":{"line":95,"column":8},"end":{"line":95,"column":52}},"type":"binary-expr","locations":[{"start":{"line":95,"column":8},"end":{"line":95,"column":29}},{"start":{"line":95,"column":33},"end":{"line":95,"column":52}}],"line":95},"14":{"loc":{"start":{"line":96,"column":4},"end":{"line":112,"column":5}},"type":"if","locations":[{"start":{"line":96,"column":4},"end":{"line":112,"column":5}},{"start":{"line":96,"column":4},"end":{"line":112,"column":5}}],"line":96},"15":{"loc":{"start":{"line":139,"column":4},"end":{"line":139,"column":76}},"type":"if","locations":[{"start":{"line":139,"column":4},"end":{"line":139,"column":76}},{"start":{"line":139,"column":4},"end":{"line":139,"column":76}}],"line":139},"16":{"loc":{"start":{"line":139,"column":8},"end":{"line":139,"column":58}},"type":"binary-expr","locations":[{"start":{"line":139,"column":8},"end":{"line":139,"column":34}},{"start":{"line":139,"column":38},"end":{"line":139,"column":58}}],"line":139},"17":{"loc":{"start":{"line":140,"column":4},"end":{"line":140,"column":76}},"type":"if","locations":[{"start":{"line":140,"column":4},"end":{"line":140,"column":76}},{"start":{"line":140,"column":4},"end":{"line":140,"column":76}}],"line":140},"18":{"loc":{"start":{"line":140,"column":8},"end":{"line":140,"column":56}},"type":"binary-expr","locations":[{"start":{"line":140,"column":8},"end":{"line":140,"column":32}},{"start":{"line":140,"column":36},"end":{"line":140,"column":56}}],"line":140},"19":{"loc":{"start":{"line":141,"column":4},"end":{"line":151,"column":5}},"type":"if","locations":[{"start":{"line":141,"column":4},"end":{"line":151,"column":5}},{"start":{"line":141,"column":4},"end":{"line":151,"column":5}}],"line":141},"20":{"loc":{"start":{"line":163,"column":4},"end":{"line":178,"column":5}},"type":"if","locations":[{"start":{"line":163,"column":4},"end":{"line":178,"column":5}},{"start":{"line":163,"column":4},"end":{"line":178,"column":5}}],"line":163},"21":{"loc":{"start":{"line":183,"column":4},"end":{"line":189,"column":5}},"type":"if","locations":[{"start":{"line":183,"column":4},"end":{"line":189,"column":5}},{"start":{"line":183,"column":4},"end":{"line":189,"column":5}}],"line":183}},"s":{"0":6,"1":27,"2":24,"3":24,"4":0,"5":0,"6":24,"7":8,"8":8,"9":6,"10":8,"11":8,"12":8,"13":8,"14":6,"15":5,"16":8,"17":6,"18":3,"19":1,"20":1,"21":1,"22":5,"23":5,"24":5,"25":5,"26":0,"27":5,"28":0,"29":5,"30":0,"31":5,"32":5,"33":5,"34":1,"35":1,"36":1,"37":1,"38":1,"39":2,"40":1,"41":2,"42":1,"43":2,"44":2,"45":8,"46":2,"47":2,"48":2,"49":0,"50":0,"51":0,"52":0,"53":2,"54":2,"55":0,"56":2,"57":0,"58":5,"59":1,"60":1,"61":1,"62":5,"63":1,"64":1,"65":1,"66":4,"67":3,"68":4,"69":3,"70":4,"71":3,"72":3,"73":3,"74":1,"75":1,"76":1,"77":4,"78":16,"79":0,"80":4,"81":5,"82":5,"83":0,"84":0,"85":0,"86":0,"87":5,"88":2,"89":0,"90":0},"f":{"0":27,"1":24,"2":8,"3":8,"4":8,"5":5,"6":8,"7":3,"8":5,"9":0,"10":0,"11":0,"12":1,"13":2,"14":8,"15":0,"16":0,"17":1,"18":1,"19":4,"20":16,"21":0,"22":5,"23":0,"24":0,"25":2,"26":0},"b":{"0":[6,21],"1":[27,6],"2":[24,0],"3":[0,0],"4":[0,8],"5":[0,8],"6":[4,1],"7":[5,5],"8":[1,1,1],"9":[1,0],"10":[1,1],"11":[2,1],"12":[1,1],"13":[2,1],"14":[2,0],"15":[3,1],"16":[4,3],"17":[3,1],"18":[4,3],"19":[3,1],"20":[0,5],"21":[0,2]},"_coverageSchema":"1a1c01bbd47fc00a2c39e90264f33305004495a9","hash":"eb2642aa0b632f87c9a420f4ed25793eb21bc495"}
,"C:\\Users\\allge\\OneDrive\\Bureau\\Billed-app-FR-Front-main\\Billed-app-FR-Front-main\\src\\containers\\Login.js": {"path":"C:\\Users\\allge\\OneDrive\\Bureau\\Billed-app-FR-Front-main\\Billed-app-FR-Front-main\\src\\containers\\Login.js","statementMap":{"0":{"start":{"line":3,"column":31},"end":{"line":3,"column":33}},"1":{"start":{"line":8,"column":4},"end":{"line":8,"column":28}},"2":{"start":{"line":9,"column":4},"end":{"line":9,"column":36}},"3":{"start":{"line":10,"column":4},"end":{"line":10,"column":32}},"4":{"start":{"line":11,"column":4},"end":{"line":11,"column":46}},"5":{"start":{"line":12,"column":4},"end":{"line":12,"column":30}},"6":{"start":{"line":13,"column":25},"end":{"line":13,"column":89}},"7":{"start":{"line":14,"column":4},"end":{"line":14,"column":70}},"8":{"start":{"line":15,"column":22},"end":{"line":15,"column":83}},"9":{"start":{"line":16,"column":4},"end":{"line":16,"column":64}},"10":{"start":{"line":18,"column":25},"end":{"line":33,"column":3}},"11":{"start":{"line":19,"column":17},"end":{"line":24,"column":5}},"12":{"start":{"line":25,"column":4},"end":{"line":25,"column":59}},"13":{"start":{"line":26,"column":23},"end":{"line":26,"column":51}},"14":{"start":{"line":27,"column":4},"end":{"line":27,"column":42}},"15":{"start":{"line":27,"column":21},"end":{"line":27,"column":42}},"16":{"start":{"line":28,"column":4},"end":{"line":28,"column":22}},"17":{"start":{"line":29,"column":4},"end":{"line":29,"column":41}},"18":{"start":{"line":30,"column":4},"end":{"line":30,"column":49}},"19":{"start":{"line":31,"column":4},"end":{"line":31,"column":46}},"20":{"start":{"line":32,"column":4},"end":{"line":32,"column":51}},"21":{"start":{"line":35,"column":22},"end":{"line":52,"column":3}},"22":{"start":{"line":36,"column":17},"end":{"line":43,"column":5}},"23":{"start":{"line":44,"column":4},"end":{"line":44,"column":59}},"24":{"start":{"line":45,"column":23},"end":{"line":45,"column":51}},"25":{"start":{"line":46,"column":4},"end":{"line":46,"column":42}},"26":{"start":{"line":46,"column":21},"end":{"line":46,"column":42}},"27":{"start":{"line":47,"column":4},"end":{"line":47,"column":22}},"28":{"start":{"line":48,"column":4},"end":{"line":48,"column":45}},"29":{"start":{"line":49,"column":4},"end":{"line":49,"column":53}},"30":{"start":{"line":50,"column":4},"end":{"line":50,"column":46}},"31":{"start":{"line":51,"column":4},"end":{"line":51,"column":46}},"32":{"start":{"line":55,"column":22},"end":{"line":72,"column":3}},"33":{"start":{"line":56,"column":4},"end":{"line":71,"column":5}},"34":{"start":{"line":57,"column":6},"end":{"line":68,"column":28}},"35":{"start":{"line":61,"column":8},"end":{"line":66,"column":9}},"36":{"start":{"line":62,"column":10},"end":{"line":62,"column":55}},"37":{"start":{"line":63,"column":10},"end":{"line":63,"column":21}},"38":{"start":{"line":65,"column":10},"end":{"line":65,"column":22}},"39":{"start":{"line":68,"column":22},"end":{"line":68,"column":27}},"40":{"start":{"line":70,"column":6},"end":{"line":70,"column":17}},"41":{"start":{"line":75,"column":15},"end":{"line":89,"column":3}},"42":{"start":{"line":76,"column":4},"end":{"line":88,"column":5}},"43":{"start":{"line":77,"column":6},"end":{"line":85,"column":28}},"44":{"start":{"line":84,"column":18},"end":{"line":84,"column":67}},"45":{"start":{"line":85,"column":22},"end":{"line":85,"column":27}},"46":{"start":{"line":87,"column":6},"end":{"line":87,"column":17}}},"fnMap":{"0":{"name":"(anonymous_0)","decl":{"start":{"line":7,"column":2},"end":{"line":7,"column":3}},"loc":{"start":{"line":7,"column":84},"end":{"line":17,"column":3}},"line":7},"1":{"name":"(anonymous_1)","decl":{"start":{"line":18,"column":25},"end":{"line":18,"column":26}},"loc":{"start":{"line":18,"column":30},"end":{"line":33,"column":3}},"line":18},"2":{"name":"(anonymous_2)","decl":{"start":{"line":35,"column":22},"end":{"line":35,"column":23}},"loc":{"start":{"line":35,"column":27},"end":{"line":52,"column":3}},"line":35},"3":{"name":"(anonymous_3)","decl":{"start":{"line":55,"column":22},"end":{"line":55,"column":23}},"loc":{"start":{"line":55,"column":32},"end":{"line":72,"column":3}},"line":55},"4":{"name":"(anonymous_4)","decl":{"start":{"line":60,"column":12},"end":{"line":60,"column":13}},"loc":{"start":{"line":60,"column":21},"end":{"line":67,"column":7}},"line":60},"5":{"name":"(anonymous_5)","decl":{"start":{"line":68,"column":13},"end":{"line":68,"column":14}},"loc":{"start":{"line":68,"column":22},"end":{"line":68,"column":27}},"line":68},"6":{"name":"(anonymous_6)","decl":{"start":{"line":75,"column":15},"end":{"line":75,"column":16}},"loc":{"start":{"line":75,"column":25},"end":{"line":89,"column":3}},"line":75},"7":{"name":"(anonymous_7)","decl":{"start":{"line":84,"column":12},"end":{"line":84,"column":13}},"loc":{"start":{"line":84,"column":18},"end":{"line":84,"column":67}},"line":84},"8":{"name":"(anonymous_8)","decl":{"start":{"line":85,"column":13},"end":{"line":85,"column":14}},"loc":{"start":{"line":85,"column":22},"end":{"line":85,"column":27}},"line":85}},"branchMap":{"0":{"loc":{"start":{"line":27,"column":4},"end":{"line":27,"column":42}},"type":"if","locations":[{"start":{"line":27,"column":4},"end":{"line":27,"column":42}},{"start":{"line":27,"column":4},"end":{"line":27,"column":42}}],"line":27},"1":{"loc":{"start":{"line":46,"column":4},"end":{"line":46,"column":42}},"type":"if","locations":[{"start":{"line":46,"column":4},"end":{"line":46,"column":42}},{"start":{"line":46,"column":4},"end":{"line":46,"column":42}}],"line":46},"2":{"loc":{"start":{"line":56,"column":4},"end":{"line":71,"column":5}},"type":"if","locations":[{"start":{"line":56,"column":4},"end":{"line":71,"column":5}},{"start":{"line":56,"column":4},"end":{"line":71,"column":5}}],"line":56},"3":{"loc":{"start":{"line":61,"column":8},"end":{"line":66,"column":9}},"type":"if","locations":[{"start":{"line":61,"column":8},"end":{"line":66,"column":9}},{"start":{"line":61,"column":8},"end":{"line":66,"column":9}}],"line":61},"4":{"loc":{"start":{"line":76,"column":4},"end":{"line":88,"column":5}},"type":"if","locations":[{"start":{"line":76,"column":4},"end":{"line":88,"column":5}},{"start":{"line":76,"column":4},"end":{"line":88,"column":5}}],"line":76}},"s":{"0":1,"1":2,"2":2,"3":2,"4":2,"5":2,"6":2,"7":2,"8":2,"9":2,"10":2,"11":2,"12":2,"13":2,"14":2,"15":2,"16":2,"17":2,"18":2,"19":2,"20":2,"21":2,"22":2,"23":2,"24":2,"25":2,"26":2,"27":2,"28":2,"29":2,"30":2,"31":2,"32":2,"33":4,"34":0,"35":0,"36":0,"37":0,"38":0,"39":0,"40":4,"41":2,"42":4,"43":0,"44":0,"45":0,"46":4},"f":{"0":2,"1":2,"2":2,"3":4,"4":0,"5":0,"6":4,"7":0,"8":0},"b":{"0":[2,0],"1":[2,0],"2":[0,4],"3":[0,0],"4":[0,4]},"_coverageSchema":"1a1c01bbd47fc00a2c39e90264f33305004495a9","hash":"71321df31395844ef055f9bc9a264cee655438f1"}
,"C:\\Users\\allge\\OneDrive\\Bureau\\Billed-app-FR-Front-main\\Billed-app-FR-Front-main\\src\\containers\\Logout.js": {"path":"C:\\Users\\allge\\OneDrive\\Bureau\\Billed-app-FR-Front-main\\Billed-app-FR-Front-main\\src\\containers\\Logout.js","statementMap":{"0":{"start":{"line":5,"column":4},"end":{"line":5,"column":28}},"1":{"start":{"line":6,"column":4},"end":{"line":6,"column":32}},"2":{"start":{"line":7,"column":4},"end":{"line":7,"column":36}},"3":{"start":{"line":8,"column":4},"end":{"line":8,"column":51}},"4":{"start":{"line":11,"column":16},"end":{"line":14,"column":3}},"5":{"start":{"line":12,"column":4},"end":{"line":12,"column":29}},"6":{"start":{"line":13,"column":4},"end":{"line":13,"column":41}}},"fnMap":{"0":{"name":"(anonymous_0)","decl":{"start":{"line":4,"column":2},"end":{"line":4,"column":3}},"loc":{"start":{"line":4,"column":54},"end":{"line":9,"column":3}},"line":4},"1":{"name":"(anonymous_1)","decl":{"start":{"line":11,"column":16},"end":{"line":11,"column":17}},"loc":{"start":{"line":11,"column":23},"end":{"line":14,"column":3}},"line":11}},"branchMap":{},"s":{"0":10,"1":10,"2":10,"3":10,"4":10,"5":2,"6":2},"f":{"0":10,"1":2},"b":{},"_coverageSchema":"1a1c01bbd47fc00a2c39e90264f33305004495a9","hash":"a9e2b21f74957e0ae89ba29ca4049767545196d3"}
,"C:\\Users\\allge\\OneDrive\\Bureau\\Billed-app-FR-Front-main\\Billed-app-FR-Front-main\\src\\containers\\NewBill.js": {"path":"C:\\Users\\allge\\OneDrive\\Bureau\\Billed-app-FR-Front-main\\Billed-app-FR-Front-main\\src\\containers\\NewBill.js","statementMap":{"0":{"start":{"line":8,"column":4},"end":{"line":8,"column":28}},"1":{"start":{"line":9,"column":4},"end":{"line":9,"column":32}},"2":{"start":{"line":10,"column":4},"end":{"line":10,"column":30}},"3":{"start":{"line":11,"column":24},"end":{"line":11,"column":88}},"4":{"start":{"line":12,"column":4},"end":{"line":12,"column":61}},"5":{"start":{"line":13,"column":17},"end":{"line":13,"column":73}},"6":{"start":{"line":15,"column":4},"end":{"line":15,"column":58}},"7":{"start":{"line":16,"column":4},"end":{"line":16,"column":23}},"8":{"start":{"line":17,"column":4},"end":{"line":17,"column":24}},"9":{"start":{"line":18,"column":4},"end":{"line":18,"column":24}},"10":{"start":{"line":19,"column":4},"end":{"line":19,"column":54}},"11":{"start":{"line":21,"column":21},"end":{"line":38,"column":3}},"12":{"start":{"line":22,"column":17},"end":{"line":22,"column":82}},"13":{"start":{"line":23,"column":21},"end":{"line":23,"column":48}},"14":{"start":{"line":24,"column":21},"end":{"line":24,"column":48}},"15":{"start":{"line":25,"column":21},"end":{"line":25,"column":30}},"16":{"start":{"line":26,"column":4},"end":{"line":37,"column":7}},"17":{"start":{"line":27,"column":6},"end":{"line":36,"column":10}},"18":{"start":{"line":31,"column":27},"end":{"line":31,"column":56}},"19":{"start":{"line":33,"column":10},"end":{"line":33,"column":28}},"20":{"start":{"line":34,"column":10},"end":{"line":34,"column":34}},"21":{"start":{"line":35,"column":10},"end":{"line":35,"column":34}},"22":{"start":{"line":40,"column":17},"end":{"line":68,"column":1}},"23":{"start":{"line":41,"column":4},"end":{"line":41,"column":22}},"24":{"start":{"line":43,"column":4},"end":{"line":67,"column":5}},"25":{"start":{"line":44,"column":6},"end":{"line":66,"column":7}},"26":{"start":{"line":45,"column":22},"end":{"line":45,"column":68}},"27":{"start":{"line":46,"column":21},"end":{"line":59,"column":9}},"28":{"start":{"line":60,"column":8},"end":{"line":60,"column":22}},"29":{"start":{"line":61,"column":8},"end":{"line":61,"column":29}},"30":{"start":{"line":62,"column":8},"end":{"line":62,"column":45}},"31":{"start":{"line":65,"column":8},"end":{"line":65,"column":21}},"32":{"start":{"line":72,"column":15},"end":{"line":82,"column":3}},"33":{"start":{"line":73,"column":4},"end":{"line":81,"column":5}},"34":{"start":{"line":74,"column":6},"end":{"line":80,"column":28}},"35":{"start":{"line":78,"column":8},"end":{"line":78,"column":45}},"36":{"start":{"line":80,"column":22},"end":{"line":80,"column":27}}},"fnMap":{"0":{"name":"(anonymous_0)","decl":{"start":{"line":7,"column":2},"end":{"line":7,"column":3}},"loc":{"start":{"line":7,"column":65},"end":{"line":20,"column":3}},"line":7},"1":{"name":"(anonymous_1)","decl":{"start":{"line":21,"column":21},"end":{"line":21,"column":22}},"loc":{"start":{"line":21,"column":26},"end":{"line":38,"column":3}},"line":21},"2":{"name":"(anonymous_2)","decl":{"start":{"line":31,"column":14},"end":{"line":31,"column":15}},"loc":{"start":{"line":31,"column":27},"end":{"line":31,"column":56}},"line":31},"3":{"name":"(anonymous_3)","decl":{"start":{"line":32,"column":14},"end":{"line":32,"column":15}},"loc":{"start":{"line":32,"column":21},"end":{"line":36,"column":9}},"line":32},"4":{"name":"(anonymous_4)","decl":{"start":{"line":40,"column":17},"end":{"line":40,"column":18}},"loc":{"start":{"line":40,"column":22},"end":{"line":68,"column":1}},"line":40},"5":{"name":"(anonymous_5)","decl":{"start":{"line":72,"column":15},"end":{"line":72,"column":16}},"loc":{"start":{"line":72,"column":25},"end":{"line":82,"column":3}},"line":72},"6":{"name":"(anonymous_6)","decl":{"start":{"line":77,"column":12},"end":{"line":77,"column":13}},"loc":{"start":{"line":77,"column":18},"end":{"line":79,"column":7}},"line":77},"7":{"name":"(anonymous_7)","decl":{"start":{"line":80,"column":13},"end":{"line":80,"column":14}},"loc":{"start":{"line":80,"column":22},"end":{"line":80,"column":27}},"line":80}},"branchMap":{"0":{"loc":{"start":{"line":26,"column":4},"end":{"line":37,"column":7}},"type":"if","locations":[{"start":{"line":26,"column":4},"end":{"line":37,"column":7}},{"start":{"line":26,"column":4},"end":{"line":37,"column":7}}],"line":26},"1":{"loc":{"start":{"line":43,"column":4},"end":{"line":67,"column":5}},"type":"if","locations":[{"start":{"line":43,"column":4},"end":{"line":67,"column":5}},{"start":{"line":43,"column":4},"end":{"line":67,"column":5}}],"line":43},"2":{"loc":{"start":{"line":44,"column":6},"end":{"line":66,"column":7}},"type":"if","locations":[{"start":{"line":44,"column":6},"end":{"line":66,"column":7}},{"start":{"line":44,"column":6},"end":{"line":66,"column":7}}],"line":44},"3":{"loc":{"start":{"line":44,"column":10},"end":{"line":44,"column":106}},"type":"binary-expr","locations":[{"start":{"line":44,"column":10},"end":{"line":44,"column":40}},{"start":{"line":44,"column":44},"end":{"line":44,"column":73}},{"start":{"line":44,"column":77},"end":{"line":44,"column":106}}],"line":44},"4":{"loc":{"start":{"line":53,"column":15},"end":{"line":53,"column":87}},"type":"binary-expr","locations":[{"start":{"line":53,"column":15},"end":{"line":53,"column":81}},{"start":{"line":53,"column":85},"end":{"line":53,"column":87}}],"line":53},"5":{"loc":{"start":{"line":73,"column":4},"end":{"line":81,"column":5}},"type":"if","locations":[{"start":{"line":73,"column":4},"end":{"line":81,"column":5}},{"start":{"line":73,"column":4},"end":{"line":81,"column":5}}],"line":73}},"s":{"0":2,"1":2,"2":2,"3":2,"4":2,"5":2,"6":2,"7":2,"8":2,"9":2,"10":2,"11":2,"12":4,"13":4,"14":4,"15":4,"16":4,"17":0,"18":0,"19":0,"20":0,"21":0,"22":2,"23":2,"24":2,"25":2,"26":1,"27":1,"28":1,"29":1,"30":1,"31":1,"32":2,"33":1,"34":0,"35":0,"36":0},"f":{"0":2,"1":4,"2":0,"3":0,"4":2,"5":1,"6":0,"7":0},"b":{"0":[0,4],"1":[2,0],"2":[1,1],"3":[2,1,1],"4":[1,0],"5":[0,1]},"_coverageSchema":"1a1c01bbd47fc00a2c39e90264f33305004495a9","hash":"3704a8f800308307a715980ed98534c58c1ed066"}
,"C:\\Users\\allge\\OneDrive\\Bureau\\Billed-app-FR-Front-main\\Billed-app-FR-Front-main\\src\\views\\Actions.js": {"path":"C:\\Users\\allge\\OneDrive\\Bureau\\Billed-app-FR-Front-main\\Billed-app-FR-Front-main\\src\\views\\Actions.js","statementMap":{"0":{"start":{"line":5,"column":2},"end":{"line":11,"column":3}}},"fnMap":{"0":{"name":"(anonymous_0)","decl":{"start":{"line":4,"column":15},"end":{"line":4,"column":16}},"loc":{"start":{"line":4,"column":28},"end":{"line":12,"column":1}},"line":4}},"branchMap":{},"s":{"0":18},"f":{"0":18},"b":{},"_coverageSchema":"1a1c01bbd47fc00a2c39e90264f33305004495a9","hash":"387ac8e0d6ff1e85a2738f79950b4d6b66a48a19"}
,"C:\\Users\\allge\\OneDrive\\Bureau\\Billed-app-FR-Front-main\\Billed-app-FR-Front-main\\src\\views\\BillsUI.js": {"path":"C:\\Users\\allge\\OneDrive\\Bureau\\Billed-app-FR-Front-main\\Billed-app-FR-Front-main\\src\\views\\BillsUI.js","statementMap":{"0":{"start":{"line":8,"column":12},"end":{"line":21,"column":3}},"1":{"start":{"line":9,"column":2},"end":{"line":20,"column":6}},"2":{"start":{"line":23,"column":14},"end":{"line":33,"column":1}},"3":{"start":{"line":24,"column":3},"end":{"line":31,"column":5}},"4":{"start":{"line":26,"column":5},"end":{"line":26,"column":22}},"5":{"start":{"line":28,"column":5},"end":{"line":28,"column":20}},"6":{"start":{"line":30,"column":5},"end":{"line":30,"column":23}},"7":{"start":{"line":32,"column":5},"end":{"line":32,"column":77}},"8":{"start":{"line":32,"column":53},"end":{"line":32,"column":62}},"9":{"start":{"line":36,"column":16},"end":{"line":51,"column":4}},"10":{"start":{"line":36,"column":23},"end":{"line":51,"column":3}},"11":{"start":{"line":53,"column":2},"end":{"line":57,"column":3}},"12":{"start":{"line":54,"column":4},"end":{"line":54,"column":24}},"13":{"start":{"line":55,"column":9},"end":{"line":57,"column":3}},"14":{"start":{"line":56,"column":4},"end":{"line":56,"column":27}},"15":{"start":{"line":59,"column":2},"end":{"line":87,"column":3}}},"fnMap":{"0":{"name":"(anonymous_0)","decl":{"start":{"line":8,"column":12},"end":{"line":8,"column":13}},"loc":{"start":{"line":8,"column":22},"end":{"line":21,"column":3}},"line":8},"1":{"name":"(anonymous_1)","decl":{"start":{"line":23,"column":14},"end":{"line":23,"column":15}},"loc":{"start":{"line":23,"column":24},"end":{"line":33,"column":1}},"line":23},"2":{"name":"(anonymous_2)","decl":{"start":{"line":32,"column":45},"end":{"line":32,"column":46}},"loc":{"start":{"line":32,"column":53},"end":{"line":32,"column":62}},"line":32},"3":{"name":"(anonymous_3)","decl":{"start":{"line":35,"column":15},"end":{"line":35,"column":16}},"loc":{"start":{"line":35,"column":52},"end":{"line":88,"column":1}},"line":35},"4":{"name":"(anonymous_4)","decl":{"start":{"line":36,"column":16},"end":{"line":36,"column":17}},"loc":{"start":{"line":36,"column":23},"end":{"line":51,"column":3}},"line":36}},"branchMap":{"0":{"loc":{"start":{"line":24,"column":3},"end":{"line":31,"column":5}},"type":"if","locations":[{"start":{"line":24,"column":3},"end":{"line":31,"column":5}},{"start":{"line":24,"column":3},"end":{"line":31,"column":5}}],"line":24},"1":{"loc":{"start":{"line":32,"column":12},"end":{"line":32,"column":77}},"type":"cond-expr","locations":[{"start":{"line":32,"column":36},"end":{"line":32,"column":72}},{"start":{"line":32,"column":75},"end":{"line":32,"column":77}}],"line":32},"2":{"loc":{"start":{"line":32,"column":13},"end":{"line":32,"column":32}},"type":"binary-expr","locations":[{"start":{"line":32,"column":13},"end":{"line":32,"column":17}},{"start":{"line":32,"column":21},"end":{"line":32,"column":32}}],"line":32},"3":{"loc":{"start":{"line":53,"column":2},"end":{"line":57,"column":3}},"type":"if","locations":[{"start":{"line":53,"column":2},"end":{"line":57,"column":3}},{"start":{"line":53,"column":2},"end":{"line":57,"column":3}}],"line":53},"4":{"loc":{"start":{"line":55,"column":9},"end":{"line":57,"column":3}},"type":"if","locations":[{"start":{"line":55,"column":9},"end":{"line":57,"column":3}},{"start":{"line":55,"column":9},"end":{"line":57,"column":3}}],"line":55}},"s":{"0":6,"1":16,"2":6,"3":8,"4":5,"5":5,"6":5,"7":8,"8":16,"9":12,"10":8,"11":12,"12":1,"13":11,"14":3,"15":8},"f":{"0":16,"1":8,"2":16,"3":12,"4":8},"b":{"0":[5,3],"1":[4,4],"2":[8,5],"3":[1,11],"4":[3,8]},"_coverageSchema":"1a1c01bbd47fc00a2c39e90264f33305004495a9","hash":"42d134a78a795f6aaffc5b367391064497e7ed83"}
,"C:\\Users\\allge\\OneDrive\\Bureau\\Billed-app-FR-Front-main\\Billed-app-FR-Front-main\\src\\views\\DashboardFormUI.js": {"path":"C:\\Users\\allge\\OneDrive\\Bureau\\Billed-app-FR-Front-main\\Billed-app-FR-Front-main\\src\\views\\DashboardFormUI.js","statementMap":{"0":{"start":{"line":7,"column":21},"end":{"line":22,"column":4}},"1":{"start":{"line":7,"column":28},"end":{"line":22,"column":3}},"2":{"start":{"line":25,"column":2},"end":{"line":100,"column":4}}},"fnMap":{"0":{"name":"(anonymous_0)","decl":{"start":{"line":7,"column":21},"end":{"line":7,"column":22}},"loc":{"start":{"line":7,"column":28},"end":{"line":22,"column":3}},"line":7},"1":{"name":"(anonymous_1)","decl":{"start":{"line":24,"column":15},"end":{"line":24,"column":16}},"loc":{"start":{"line":24,"column":25},"end":{"line":101,"column":1}},"line":24}},"branchMap":{"0":{"loc":{"start":{"line":78,"column":9},"end":{"line":88,"column":9}},"type":"cond-expr","locations":[{"start":{"line":78,"column":38},"end":{"line":83,"column":8}},{"start":{"line":83,"column":13},"end":{"line":88,"column":8}}],"line":78},"1":{"loc":{"start":{"line":91,"column":8},"end":{"line":96,"column":13}},"type":"cond-expr","locations":[{"start":{"line":91,"column":37},"end":{"line":96,"column":7}},{"start":{"line":96,"column":11},"end":{"line":96,"column":13}}],"line":91}},"s":{"0":7,"1":9,"2":9},"f":{"0":9,"1":9},"b":{"0":[6,3],"1":[6,3]},"_coverageSchema":"1a1c01bbd47fc00a2c39e90264f33305004495a9","hash":"7dba6484a0a429bfb35568fd154a01c641b01d2b"}
,"C:\\Users\\allge\\OneDrive\\Bureau\\Billed-app-FR-Front-main\\Billed-app-FR-Front-main\\src\\views\\DashboardUI.js": {"path":"C:\\Users\\allge\\OneDrive\\Bureau\\Billed-app-FR-Front-main\\Billed-app-FR-Front-main\\src\\views\\DashboardUI.js","statementMap":{"0":{"start":{"line":10,"column":2},"end":{"line":14,"column":3}},"1":{"start":{"line":11,"column":4},"end":{"line":11,"column":24}},"2":{"start":{"line":12,"column":9},"end":{"line":14,"column":3}},"3":{"start":{"line":13,"column":4},"end":{"line":13,"column":27}},"4":{"start":{"line":16,"column":2},"end":{"line":48,"column":3}}},"fnMap":{"0":{"name":"(anonymous_0)","decl":{"start":{"line":8,"column":15},"end":{"line":8,"column":16}},"loc":{"start":{"line":8,"column":45},"end":{"line":49,"column":1}},"line":8}},"branchMap":{"0":{"loc":{"start":{"line":10,"column":2},"end":{"line":14,"column":3}},"type":"if","locations":[{"start":{"line":10,"column":2},"end":{"line":14,"column":3}},{"start":{"line":10,"column":2},"end":{"line":14,"column":3}}],"line":10},"1":{"loc":{"start":{"line":12,"column":9},"end":{"line":14,"column":3}},"type":"if","locations":[{"start":{"line":12,"column":9},"end":{"line":14,"column":3}},{"start":{"line":12,"column":9},"end":{"line":14,"column":3}}],"line":12},"2":{"loc":{"start":{"line":22,"column":45},"end":{"line":22,"column":63}},"type":"binary-expr","locations":[{"start":{"line":22,"column":45},"end":{"line":22,"column":49}},{"start":{"line":22,"column":53},"end":{"line":22,"column":63}}],"line":22},"3":{"loc":{"start":{"line":29,"column":43},"end":{"line":29,"column":61}},"type":"binary-expr","locations":[{"start":{"line":29,"column":43},"end":{"line":29,"column":47}},{"start":{"line":29,"column":51},"end":{"line":29,"column":61}}],"line":29},"4":{"loc":{"start":{"line":36,"column":43},"end":{"line":36,"column":61}},"type":"binary-expr","locations":[{"start":{"line":36,"column":43},"end":{"line":36,"column":47}},{"start":{"line":36,"column":51},"end":{"line":36,"column":61}}],"line":36}},"s":{"0":11,"1":1,"2":10,"3":3,"4":7},"f":{"0":11},"b":{"0":[1,10],"1":[3,7],"2":[7,2],"3":[7,2],"4":[7,2]},"_coverageSchema":"1a1c01bbd47fc00a2c39e90264f33305004495a9","hash":"abd3ed89bc5ec612c4cc565888862ed7b6f8dcba"}
,"C:\\Users\\allge\\OneDrive\\Bureau\\Billed-app-FR-Front-main\\Billed-app-FR-Front-main\\src\\views\\ErrorPage.js": {"path":"C:\\Users\\allge\\OneDrive\\Bureau\\Billed-app-FR-Front-main\\Billed-app-FR-Front-main\\src\\views\\ErrorPage.js","statementMap":{"0":{"start":{"line":5,"column":2},"end":{"line":16,"column":3}}},"fnMap":{"0":{"name":"(anonymous_0)","decl":{"start":{"line":3,"column":15},"end":{"line":3,"column":16}},"loc":{"start":{"line":3,"column":26},"end":{"line":17,"column":1}},"line":3}},"branchMap":{"0":{"loc":{"start":{"line":13,"column":12},"end":{"line":13,"column":30}},"type":"cond-expr","locations":[{"start":{"line":13,"column":20},"end":{"line":13,"column":25}},{"start":{"line":13,"column":28},"end":{"line":13,"column":30}}],"line":13}},"s":{"0":8},"f":{"0":8},"b":{"0":[7,1]},"_coverageSchema":"1a1c01bbd47fc00a2c39e90264f33305004495a9","hash":"82c30c9a1be2e61cd7fde7517281430f60255e2e"}
,"C:\\Users\\allge\\OneDrive\\Bureau\\Billed-app-FR-Front-main\\Billed-app-FR-Front-main\\src\\views\\LoadingPage.js": {"path":"C:\\Users\\allge\\OneDrive\\Bureau\\Billed-app-FR-Front-main\\Billed-app-FR-Front-main\\src\\views\\LoadingPage.js","statementMap":{"0":{"start":{"line":5,"column":2},"end":{"line":12,"column":3}}},"fnMap":{"0":{"name":"(anonymous_0)","decl":{"start":{"line":3,"column":15},"end":{"line":3,"column":16}},"loc":{"start":{"line":3,"column":21},"end":{"line":13,"column":1}},"line":3}},"branchMap":{},"s":{"0":3},"f":{"0":3},"b":{},"_coverageSchema":"1a1c01bbd47fc00a2c39e90264f33305004495a9","hash":"6ae605300fc2ffd14268b82ff3934547d52c452a"}
,"C:\\Users\\allge\\OneDrive\\Bureau\\Billed-app-FR-Front-main\\Billed-app-FR-Front-main\\src\\views\\LoginUI.js": {"path":"C:\\Users\\allge\\OneDrive\\Bureau\\Billed-app-FR-Front-main\\Billed-app-FR-Front-main\\src\\views\\LoginUI.js","statementMap":{"0":{"start":{"line":4,"column":2},"end":{"line":46,"column":4}}},"fnMap":{"0":{"name":"(anonymous_0)","decl":{"start":{"line":2,"column":15},"end":{"line":2,"column":16}},"loc":{"start":{"line":2,"column":21},"end":{"line":47,"column":1}},"line":2}},"branchMap":{},"s":{"0":10},"f":{"0":10},"b":{},"_coverageSchema":"1a1c01bbd47fc00a2c39e90264f33305004495a9","hash":"af7ff45f646697a3ed10945a119a7fde2a4c6153"}
,"C:\\Users\\allge\\OneDrive\\Bureau\\Billed-app-FR-Front-main\\Billed-app-FR-Front-main\\src\\views\\NewBillUI.js": {"path":"C:\\Users\\allge\\OneDrive\\Bureau\\Billed-app-FR-Front-main\\Billed-app-FR-Front-main\\src\\views\\NewBillUI.js","statementMap":{"0":{"start":{"line":5,"column":2},"end":{"line":74,"column":4}}},"fnMap":{"0":{"name":"(anonymous_0)","decl":{"start":{"line":3,"column":15},"end":{"line":3,"column":16}},"loc":{"start":{"line":3,"column":21},"end":{"line":75,"column":1}},"line":3}},"branchMap":{},"s":{"0":6},"f":{"0":6},"b":{},"_coverageSchema":"1a1c01bbd47fc00a2c39e90264f33305004495a9","hash":"f5e46d46363a8364fa7dc32bc21943d12c2c74c3"}
,"C:\\Users\\allge\\OneDrive\\Bureau\\Billed-app-FR-Front-main\\Billed-app-FR-Front-main\\src\\views\\VerticalLayout.js": {"path":"C:\\Users\\allge\\OneDrive\\Bureau\\Billed-app-FR-Front-main\\Billed-app-FR-Front-main\\src\\views\\VerticalLayout.js","statementMap":{"0":{"start":{"line":7,"column":4},"end":{"line":7,"column":51}},"1":{"start":{"line":8,"column":4},"end":{"line":10,"column":5}},"2":{"start":{"line":9,"column":6},"end":{"line":9,"column":29}},"3":{"start":{"line":11,"column":4},"end":{"line":39,"column":5}},"4":{"start":{"line":12,"column":6},"end":{"line":27,"column":7}},"5":{"start":{"line":29,"column":6},"end":{"line":38,"column":7}}},"fnMap":{"0":{"name":"(anonymous_0)","decl":{"start":{"line":5,"column":15},"end":{"line":5,"column":16}},"loc":{"start":{"line":5,"column":27},"end":{"line":40,"column":1}},"line":5}},"branchMap":{"0":{"loc":{"start":{"line":8,"column":4},"end":{"line":10,"column":5}},"type":"if","locations":[{"start":{"line":8,"column":4},"end":{"line":10,"column":5}},{"start":{"line":8,"column":4},"end":{"line":10,"column":5}}],"line":8},"1":{"loc":{"start":{"line":11,"column":4},"end":{"line":39,"column":5}},"type":"if","locations":[{"start":{"line":11,"column":4},"end":{"line":39,"column":5}},{"start":{"line":11,"column":4},"end":{"line":39,"column":5}}],"line":11},"2":{"loc":{"start":{"line":11,"column":8},"end":{"line":11,"column":40}},"type":"binary-expr","locations":[{"start":{"line":11,"column":8},"end":{"line":11,"column":12}},{"start":{"line":11,"column":16},"end":{"line":11,"column":40}}],"line":11}},"s":{"0":33,"1":33,"2":19,"3":33,"4":13,"5":20},"f":{"0":33},"b":{"0":[19,14],"1":[13,20],"2":[33,19]},"_coverageSchema":"1a1c01bbd47fc00a2c39e90264f33305004495a9","hash":"981f3c03f631f8fdc4e4c74d2f927a6fc2eb27e3"}
}
