TN:
SF:src\constants\routes.js
FN:13,(anonymous_0)
FNF:1
FNH:1
FNDA:16,(anonymous_0)
DA:6,6
DA:13,6
DA:15,16
DA:17,3
DA:19,4
DA:21,3
DA:23,5
DA:25,1
LF:8
LH:8
BRDA:15,0,0,3
BRDA:15,0,1,4
BRDA:15,0,2,3
BRDA:15,0,3,5
BRDA:15,0,4,1
BRF:5
BRH:5
end_of_record
TN:
SF:src\constants\usersTest.js
FNF:0
FNH:0
LF:0
LH:0
BRF:0
BRH:0
end_of_record
TN:
SF:src\containers\Bills.js
FN:8,(anonymous_0)
FN:15,(anonymous_1)
FN:16,(anonymous_2)
FN:21,(anonymous_3)
FN:25,(anonymous_4)
FN:34,(anonymous_5)
FN:41,(anonymous_6)
FN:43,(anonymous_7)
FN:61,(anonymous_8)
FN:63,(anonymous_9)
FN:65,(anonymous_10)
FN:69,(anonymous_11)
FNF:12
FNH:5
FNDA:2,(anonymous_0)
FNDA:8,(anonymous_1)
FNDA:4,(anonymous_2)
FNDA:2,(anonymous_3)
FNDA:8,(anonymous_4)
FNDA:0,(anonymous_5)
FNDA:0,(anonymous_6)
FNDA:0,(anonymous_7)
FNDA:0,(anonymous_8)
FNDA:0,(anonymous_9)
FNDA:0,(anonymous_10)
FNDA:0,(anonymous_11)
DA:9,2
DA:10,2
DA:11,2
DA:12,2
DA:13,2
DA:14,2
DA:15,2
DA:16,8
DA:18,2
DA:21,2
DA:22,2
DA:25,2
DA:26,8
DA:27,8
DA:28,8
DA:29,8
DA:34,2
DA:35,0
DA:37,0
DA:38,0
DA:42,0
DA:44,0
DA:45,0
DA:54,0
DA:61,0
DA:63,0
DA:65,0
DA:66,0
DA:69,0
LF:29
LH:17
BRDA:13,0,0,2
BRDA:13,0,1,0
BRDA:15,1,0,2
BRDA:15,1,1,0
BRDA:35,2,0,0
BRDA:35,2,1,0
BRDA:37,3,0,0
BRDA:37,3,1,0
BRF:8
BRH:2
end_of_record
TN:
SF:src\containers\Dashboard.js
FN:9,(anonymous_0)
FN:11,(anonymous_1)
FN:29,(anonymous_2)
FN:31,(anonymous_3)
FN:35,(anonymous_4)
FN:59,(anonymous_5)
FN:60,(anonymous_6)
FN:63,(anonymous_7)
FN:75,(anonymous_8)
FN:79,(anonymous_9)
FN:80,(anonymous_10)
FN:81,(anonymous_11)
FN:86,(anonymous_12)
FN:93,(anonymous_13)
FN:97,(anonymous_14)
FN:114,(anonymous_15)
FN:115,(anonymous_16)
FN:118,(anonymous_17)
FN:128,(anonymous_18)
FN:138,(anonymous_19)
FN:153,(anonymous_20)
FN:154,(anonymous_21)
FN:162,(anonymous_22)
FN:167,(anonymous_23)
FN:169,(anonymous_24)
FN:182,(anonymous_25)
FN:187,(anonymous_26)
FNF:27
FNH:18
FNDA:27,(anonymous_0)
FNDA:24,(anonymous_1)
FNDA:8,(anonymous_2)
FNDA:8,(anonymous_3)
FNDA:8,(anonymous_4)
FNDA:5,(anonymous_5)
FNDA:8,(anonymous_6)
FNDA:3,(anonymous_7)
FNDA:5,(anonymous_8)
FNDA:0,(anonymous_9)
FNDA:0,(anonymous_10)
FNDA:0,(anonymous_11)
FNDA:1,(anonymous_12)
FNDA:2,(anonymous_13)
FNDA:8,(anonymous_14)
FNDA:0,(anonymous_15)
FNDA:0,(anonymous_16)
FNDA:1,(anonymous_17)
FNDA:1,(anonymous_18)
FNDA:4,(anonymous_19)
FNDA:16,(anonymous_20)
FNDA:0,(anonymous_21)
FNDA:5,(anonymous_22)
FNDA:0,(anonymous_23)
FNDA:0,(anonymous_24)
FNDA:2,(anonymous_25)
FNDA:0,(anonymous_26)
DA:9,6
DA:10,27
DA:16,24
DA:17,24
DA:20,0
DA:21,0
DA:26,24
DA:29,8
DA:31,8
DA:35,6
DA:36,8
DA:37,8
DA:39,8
DA:41,8
DA:59,6
DA:60,8
DA:63,6
DA:64,3
DA:66,1
DA:68,1
DA:70,1
DA:76,5
DA:77,5
DA:78,5
DA:79,5
DA:80,5
DA:81,5
DA:82,5
DA:83,5
DA:86,5
DA:87,1
DA:88,1
DA:89,1
DA:90,1
DA:94,2
DA:95,2
DA:96,2
DA:97,2
DA:98,8
DA:100,2
DA:101,2
DA:102,2
DA:105,0
DA:107,0
DA:110,0
DA:111,0
DA:113,2
DA:114,2
DA:115,2
DA:118,5
DA:119,1
DA:124,1
DA:125,1
DA:128,5
DA:129,1
DA:134,1
DA:135,1
DA:139,4
DA:140,4
DA:141,4
DA:142,3
DA:143,3
DA:145,3
DA:147,1
DA:148,1
DA:150,1
DA:153,4
DA:154,16
DA:157,4
DA:162,5
DA:163,5
DA:164,0
DA:168,0
DA:169,0
DA:175,0
DA:182,5
DA:183,2
DA:184,0
DA:187,0
LF:79
LH:67
BRDA:10,0,0,6
BRDA:10,0,1,21
BRDA:10,1,0,27
BRDA:10,1,1,6
BRDA:16,2,0,24
BRDA:16,2,1,0
BRDA:22,3,0,0
BRDA:22,3,1,0
BRDA:37,4,0,0
BRDA:37,4,1,8
BRDA:39,5,0,0
BRDA:39,5,1,8
BRDA:60,6,0,4
BRDA:60,6,1,1
BRDA:60,7,0,5
BRDA:60,7,1,5
BRDA:64,8,0,1
BRDA:64,8,1,1
BRDA:64,8,2,1
BRDA:90,9,0,1
BRDA:90,9,1,0
BRDA:94,10,0,1
BRDA:94,10,1,1
BRDA:94,11,0,2
BRDA:94,11,1,1
BRDA:95,12,0,1
BRDA:95,12,1,1
BRDA:95,13,0,2
BRDA:95,13,1,1
BRDA:96,14,0,2
BRDA:96,14,1,0
BRDA:139,15,0,3
BRDA:139,15,1,1
BRDA:139,16,0,4
BRDA:139,16,1,3
BRDA:140,17,0,3
BRDA:140,17,1,1
BRDA:140,18,0,4
BRDA:140,18,1,3
BRDA:141,19,0,3
BRDA:141,19,1,1
BRDA:163,20,0,0
BRDA:163,20,1,5
BRDA:183,21,0,0
BRDA:183,21,1,2
BRF:45
BRH:36
end_of_record
TN:
SF:src\containers\Login.js
FN:7,(anonymous_0)
FN:18,(anonymous_1)
FN:35,(anonymous_2)
FN:55,(anonymous_3)
FN:60,(anonymous_4)
FN:68,(anonymous_5)
FN:75,(anonymous_6)
FN:84,(anonymous_7)
FN:85,(anonymous_8)
FNF:9
FNH:5
FNDA:2,(anonymous_0)
FNDA:2,(anonymous_1)
FNDA:2,(anonymous_2)
FNDA:4,(anonymous_3)
FNDA:0,(anonymous_4)
FNDA:0,(anonymous_5)
FNDA:4,(anonymous_6)
FNDA:0,(anonymous_7)
FNDA:0,(anonymous_8)
DA:3,1
DA:8,2
DA:9,2
DA:10,2
DA:11,2
DA:12,2
DA:13,2
DA:14,2
DA:15,2
DA:16,2
DA:18,2
DA:19,2
DA:25,2
DA:26,2
DA:27,2
DA:28,2
DA:29,2
DA:30,2
DA:31,2
DA:32,2
DA:35,2
DA:36,2
DA:44,2
DA:45,2
DA:46,2
DA:47,2
DA:48,2
DA:49,2
DA:50,2
DA:51,2
DA:55,2
DA:56,4
DA:57,0
DA:61,0
DA:62,0
DA:63,0
DA:65,0
DA:68,0
DA:70,4
DA:75,2
DA:76,4
DA:77,0
DA:84,0
DA:85,0
DA:87,4
LF:45
LH:36
BRDA:27,0,0,2
BRDA:27,0,1,0
BRDA:46,1,0,2
BRDA:46,1,1,0
BRDA:56,2,0,0
BRDA:56,2,1,4
BRDA:61,3,0,0
BRDA:61,3,1,0
BRDA:76,4,0,0
BRDA:76,4,1,4
BRF:10
BRH:4
end_of_record
TN:
SF:src\containers\Logout.js
FN:4,(anonymous_0)
FN:11,(anonymous_1)
FNF:2
FNH:2
FNDA:10,(anonymous_0)
FNDA:2,(anonymous_1)
DA:5,10
DA:6,10
DA:7,10
DA:8,10
DA:11,10
DA:12,2
DA:13,2
LF:7
LH:7
BRF:0
BRH:0
end_of_record
TN:
SF:src\containers\NewBill.js
FN:7,(anonymous_0)
FN:21,(anonymous_1)
FN:31,(anonymous_2)
FN:32,(anonymous_3)
FN:40,(anonymous_4)
FN:72,(anonymous_5)
FN:77,(anonymous_6)
FN:80,(anonymous_7)
FNF:8
FNH:4
FNDA:2,(anonymous_0)
FNDA:4,(anonymous_1)
FNDA:0,(anonymous_2)
FNDA:0,(anonymous_3)
FNDA:2,(anonymous_4)
FNDA:1,(anonymous_5)
FNDA:0,(anonymous_6)
FNDA:0,(anonymous_7)
DA:8,2
DA:9,2
DA:10,2
DA:11,2
DA:12,2
DA:13,2
DA:15,2
DA:16,2
DA:17,2
DA:18,2
DA:19,2
DA:21,2
DA:22,4
DA:23,4
DA:24,4
DA:25,4
DA:26,4
DA:27,0
DA:31,0
DA:33,0
DA:34,0
DA:35,0
DA:40,2
DA:41,2
DA:43,2
DA:44,2
DA:45,1
DA:46,1
DA:60,1
DA:61,1
DA:62,1
DA:65,1
DA:72,2
DA:73,1
DA:74,0
DA:78,0
DA:80,0
LF:37
LH:29
BRDA:26,0,0,0
BRDA:26,0,1,4
BRDA:43,1,0,2
BRDA:43,1,1,0
BRDA:44,2,0,1
BRDA:44,2,1,1
BRDA:44,3,0,2
BRDA:44,3,1,1
BRDA:44,3,2,1
BRDA:53,4,0,1
BRDA:53,4,1,0
BRDA:73,5,0,0
BRDA:73,5,1,1
BRF:13
BRH:9
end_of_record
TN:
SF:src\views\Actions.js
FN:4,(anonymous_0)
FNF:1
FNH:1
FNDA:18,(anonymous_0)
DA:5,18
LF:1
LH:1
BRF:0
BRH:0
end_of_record
TN:
SF:src\views\BillsUI.js
FN:8,(anonymous_0)
FN:23,(anonymous_1)
FN:32,(anonymous_2)
FN:35,(anonymous_3)
FN:36,(anonymous_4)
FNF:5
FNH:5
FNDA:16,(anonymous_0)
FNDA:8,(anonymous_1)
FNDA:16,(anonymous_2)
FNDA:12,(anonymous_3)
FNDA:8,(anonymous_4)
DA:8,6
DA:9,16
DA:23,6
DA:24,8
DA:26,5
DA:28,5
DA:30,5
DA:32,16
DA:36,12
DA:53,12
DA:54,1
DA:55,11
DA:56,3
DA:59,8
LF:14
LH:14
BRDA:24,0,0,5
BRDA:24,0,1,3
BRDA:32,1,0,4
BRDA:32,1,1,4
BRDA:32,2,0,8
BRDA:32,2,1,5
BRDA:53,3,0,1
BRDA:53,3,1,11
BRDA:55,4,0,3
BRDA:55,4,1,8
BRF:10
BRH:10
end_of_record
TN:
SF:src\views\DashboardFormUI.js
FN:7,(anonymous_0)
FN:24,(anonymous_1)
FNF:2
FNH:2
FNDA:9,(anonymous_0)
FNDA:9,(anonymous_1)
DA:7,9
DA:25,9
LF:2
LH:2
BRDA:78,0,0,6
BRDA:78,0,1,3
BRDA:91,1,0,6
BRDA:91,1,1,3
BRF:4
BRH:4
end_of_record
TN:
SF:src\views\DashboardUI.js
FN:8,(anonymous_0)
FNF:1
FNH:1
FNDA:11,(anonymous_0)
DA:10,11
DA:11,1
DA:12,10
DA:13,3
DA:16,7
LF:5
LH:5
BRDA:10,0,0,1
BRDA:10,0,1,10
BRDA:12,1,0,3
BRDA:12,1,1,7
BRDA:22,2,0,7
BRDA:22,2,1,2
BRDA:29,3,0,7
BRDA:29,3,1,2
BRDA:36,4,0,7
BRDA:36,4,1,2
BRF:10
BRH:10
end_of_record
TN:
SF:src\views\ErrorPage.js
FN:3,(anonymous_0)
FNF:1
FNH:1
FNDA:8,(anonymous_0)
DA:5,8
LF:1
LH:1
BRDA:13,0,0,7
BRDA:13,0,1,1
BRF:2
BRH:2
end_of_record
TN:
SF:src\views\LoadingPage.js
FN:3,(anonymous_0)
FNF:1
FNH:1
FNDA:3,(anonymous_0)
DA:5,3
LF:1
LH:1
BRF:0
BRH:0
end_of_record
TN:
SF:src\views\LoginUI.js
FN:2,(anonymous_0)
FNF:1
FNH:1
FNDA:10,(anonymous_0)
DA:4,10
LF:1
LH:1
BRF:0
BRH:0
end_of_record
TN:
SF:src\views\NewBillUI.js
FN:3,(anonymous_0)
FNF:1
FNH:1
FNDA:6,(anonymous_0)
DA:5,6
LF:1
LH:1
BRF:0
BRH:0
end_of_record
TN:
SF:src\views\VerticalLayout.js
FN:5,(anonymous_0)
FNF:1
FNH:1
FNDA:33,(anonymous_0)
DA:7,33
DA:8,33
DA:9,19
DA:11,33
DA:12,13
DA:29,20
LF:6
LH:6
BRDA:8,0,0,19
BRDA:8,0,1,14
BRDA:11,1,0,13
BRDA:11,1,1,20
BRDA:11,2,0,33
BRDA:11,2,1,19
BRF:6
BRH:6
end_of_record
